[ 2017-09-04T09:36:37+08:00 ] 127.0.0.1 /admin
INFO: [ app_init ] --START--
INFO: Run Behavior\BuildLiteBehavior [ RunTime:0.000000s ]
INFO: [ app_init ] --END-- [ RunTime:0.001000s ]

[ 2017-09-04T09:36:37+08:00 ] 127.0.0.1 /Admin/User/login
INFO: [ app_init ] --START--
INFO: Run Behavior\BuildLiteBehavior [ RunTime:0.000000s ]
INFO: [ app_init ] --END-- [ RunTime:0.000000s ]

[ 2017-09-04T09:36:37+08:00 ] 127.0.0.1 /Admin/User/verify_c
INFO: [ app_init ] --START--
INFO: Run Behavior\BuildLiteBehavior [ RunTime:0.000000s ]
INFO: [ app_init ] --END-- [ RunTime:0.001000s ]

[ 2017-09-04T09:36:44+08:00 ] 127.0.0.1 /admin/User/checkloginajax
INFO: [ app_init ] --START--
INFO: Run Behavior\BuildLiteBehavior [ RunTime:0.000000s ]
INFO: [ app_init ] --END-- [ RunTime:0.000000s ]
INFO: [ app_begin ] --START--
INFO: Run Behavior\ReadHtmlCacheBehavior [ RunTime:0.000000s ]
INFO: [ app_begin ] --END-- [ RunTime:0.000000s ]
SQL: SHOW COLUMNS FROM `app_user` [ RunTime:0.0156s ]
SQL: SELECT * FROM `app_user` WHERE `username` = 'admin' AND `password` = 'e10adc3949ba59abbe56e057f20f883e'  [ RunTime:0.0000s ]
SQL: SHOW COLUMNS FROM `app_user` [ RunTime:0.0156s ]
SQL: UPDATE `app_user` SET `last_login`='1504489004' WHERE `id` = 1 [ RunTime:0.0000s ]

[ 2017-09-04T09:36:44+08:00 ] 127.0.0.1 /admin/Index/index
INFO: [ app_init ] --START--
INFO: Run Behavior\BuildLiteBehavior [ RunTime:0.000000s ]
INFO: [ app_init ] --END-- [ RunTime:0.000000s ]

[ 2017-09-04T09:36:45+08:00 ] 127.0.0.1 /admin/Index/__IMAGE__/kqmy.ico
INFO: [ app_init ] --START--
INFO: Run Behavior\BuildLiteBehavior [ RunTime:0.000000s ]
INFO: [ app_init ] --END-- [ RunTime:0.001000s ]

[ 2017-09-04T09:36:47+08:00 ] 127.0.0.1 /Admin/news/index
INFO: [ app_init ] --START--
INFO: Run Behavior\BuildLiteBehavior [ RunTime:0.000000s ]
INFO: [ app_init ] --END-- [ RunTime:0.000000s ]

[ 2017-09-04T09:36:47+08:00 ] 127.0.0.1 /Admin/news/__IMAGE__/kqmy.ico
INFO: [ app_init ] --START--
INFO: Run Behavior\BuildLiteBehavior [ RunTime:0.000000s ]
INFO: [ app_init ] --END-- [ RunTime:0.000000s ]

[ 2017-09-04T09:37:11+08:00 ] 127.0.0.1 /Admin/news/wendalist
INFO: [ app_init ] --START--
INFO: Run Behavior\BuildLiteBehavior [ RunTime:0.000000s ]
INFO: [ app_init ] --END-- [ RunTime:0.000000s ]

[ 2017-09-04T09:42:16+08:00 ] 127.0.0.1 /Admin/news/wendalist
INFO: [ app_init ] --START--
INFO: Run Behavior\BuildLiteBehavior [ RunTime:0.000000s ]
INFO: [ app_init ] --END-- [ RunTime:0.000000s ]

[ 2017-09-04T09:42:17+08:00 ] 127.0.0.1 /Admin/system/admin
INFO: [ app_init ] --START--
INFO: Run Behavior\BuildLiteBehavior [ RunTime:0.000000s ]
INFO: [ app_init ] --END-- [ RunTime:0.000000s ]

[ 2017-09-04T09:42:17+08:00 ] 127.0.0.1 /Admin/system/__IMAGE__/kqmy.ico
INFO: [ app_init ] --START--
INFO: Run Behavior\BuildLiteBehavior [ RunTime:0.000000s ]
INFO: [ app_init ] --END-- [ RunTime:0.000000s ]

[ 2017-09-04T09:42:19+08:00 ] 127.0.0.1 /Admin/system/rolelist
INFO: [ app_init ] --START--
INFO: Run Behavior\BuildLiteBehavior [ RunTime:0.000000s ]
INFO: [ app_init ] --END-- [ RunTime:0.000000s ]

[ 2017-09-04T09:42:21+08:00 ] 127.0.0.1 /Admin/System/roleSet/id/1
INFO: [ app_init ] --START--
INFO: Run Behavior\BuildLiteBehavior [ RunTime:0.000000s ]
INFO: [ app_init ] --END-- [ RunTime:0.015600s ]

[ 2017-09-04T09:42:22+08:00 ] 127.0.0.1 /Admin/System/roleSet/id/__IMAGE__/kqmy.ico
INFO: [ app_init ] --START--
INFO: Run Behavior\BuildLiteBehavior [ RunTime:0.000000s ]
INFO: [ app_init ] --END-- [ RunTime:0.000000s ]

[ 2017-09-04T09:42:38+08:00 ] 127.0.0.1 /Admin/System/addRoleNode
INFO: [ app_init ] --START--
INFO: Run Behavior\BuildLiteBehavior [ RunTime:0.000000s ]
INFO: [ app_init ] --END-- [ RunTime:0.000000s ]
INFO: [ app_begin ] --START--
INFO: Run Behavior\ReadHtmlCacheBehavior [ RunTime:0.000000s ]
INFO: [ app_begin ] --END-- [ RunTime:0.000000s ]
SQL: SHOW COLUMNS FROM `app_user` [ RunTime:0.0010s ]
SQL: SELECT `cate` FROM `app_user` WHERE `id` = 1 LIMIT 1   [ RunTime:0.0000s ]
SQL: SHOW COLUMNS FROM `app_admin_cate` [ RunTime:0.0156s ]
SQL: SELECT `module` FROM `app_admin_cate` WHERE `id` = 1 LIMIT 1   [ RunTime:0.0000s ]
SQL: SHOW COLUMNS FROM `app_admin_node` [ RunTime:0.0156s ]
SQL: SELECT * FROM `app_admin_node` WHERE `level` = 4 AND `controller` = 'system' AND `action` = 'addrolenode' AND `id` IN ('23','24','25','26','200','168','142','498','435','436','437','438','410','411','412','29','30','31','32','33','34','35','36','37','38','39','165','166','167','440','444','441','442','443','445','446','447','176','177','186','185','180','178','182','181','179','183','274','275','276','277','278','279','280','283','287','290','309','319','323','324','331','60','61','62','63','64','65','67','68','69','458','459','460','461','70','71','72','73','74','75','87','88','89','90','91','92','93','94','95','96','97','98','198','199','189','188','143','144','145','428','499','500','217','218','219','220','377','378','381','382','384','379','385','380','386','404','405','406','407','408','506','358','361','362','364','357','359','360','363','508','509','510','511','273','281','282','284','285','286','288','289','291','292','293','462','505','299','302','300','301','303','304','305','306','307','308','310','311','313','314','315','316','317','318','320','321','322','325','338','339','340','341','345','429','430','431','432','201','202','203','204','205','206','207','208','210','211','212','214','215','216','387','398','388','400','389','401','390','402','391','399','392','397','393','403','394','396','326','327','328','329','330','269','270','271','272','413','414','415','416','417','418','419','420','421','422','423','261','262','263','264','265','266','267','268','451','453','482','471','472','474','475','476','477','473','478','479','480','481','483','484','486','488','489','490','491','492','493','494','487','495','496','497','1','2','3','7','8','20','4','5','6','9','10','15','16','17','18','19','21','11','12','13','14','22') ORDER BY level desc LIMIT 1   [ RunTime:0.0000s ]
SQL: SELECT `action` FROM `app_admin_node` WHERE `id` = 10 LIMIT 1   [ RunTime:0.0000s ]
SQL: SELECT `action` FROM `app_admin_node` WHERE `pid` = 9  [ RunTime:0.0000s ]
SQL: SELECT * FROM `app_admin_node` WHERE `level` = 1 AND `id` IN ('23','24','25','26','200','168','142','498','435','436','437','438','410','411','412','29','30','31','32','33','34','35','36','37','38','39','165','166','167','440','444','441','442','443','445','446','447','176','177','186','185','180','178','182','181','179','183','274','275','276','277','278','279','280','283','287','290','309','319','323','324','331','60','61','62','63','64','65','67','68','69','458','459','460','461','70','71','72','73','74','75','87','88','89','90','91','92','93','94','95','96','97','98','198','199','189','188','143','144','145','428','499','500','217','218','219','220','377','378','381','382','384','379','385','380','386','404','405','406','407','408','506','358','361','362','364','357','359','360','363','508','509','510','511','273','281','282','284','285','286','288','289','291','292','293','462','505','299','302','300','301','303','304','305','306','307','308','310','311','313','314','315','316','317','318','320','321','322','325','338','339','340','341','345','429','430','431','432','201','202','203','204','205','206','207','208','210','211','212','214','215','216','387','398','388','400','389','401','390','402','391','399','392','397','393','403','394','396','326','327','328','329','330','269','270','271','272','413','414','415','416','417','418','419','420','421','422','423','261','262','263','264','265','266','267','268','451','453','482','471','472','474','475','476','477','473','478','479','480','481','483','484','486','488','489','490','491','492','493','494','487','495','496','497','1','2','3','7','8','20','4','5','6','9','10','15','16','17','18','19','21','11','12','13','14','22') ORDER BY sort asc  [ RunTime:0.0000s ]
SQL: SELECT * FROM `app_admin_node` WHERE `controller` = 'system' AND `action` = 'addrolenode' ORDER BY level desc LIMIT 1   [ RunTime:0.0156s ]
SQL: SELECT * FROM `app_admin_node` WHERE `id` IN ('23','24','25','26','200','168','142','498','435','436','437','438','410','411','412','29','30','31','32','33','34','35','36','37','38','39','165','166','167','440','444','441','442','443','445','446','447','176','177','186','185','180','178','182','181','179','183','274','275','276','277','278','279','280','283','287','290','309','319','323','324','331','60','61','62','63','64','65','67','68','69','458','459','460','461','70','71','72','73','74','75','87','88','89','90','91','92','93','94','95','96','97','98','198','199','189','188','143','144','145','428','499','500','217','218','219','220','377','378','381','382','384','379','385','380','386','404','405','406','407','408','506','358','361','362','364','357','359','360','363','508','509','510','511','273','281','282','284','285','286','288','289','291','292','293','462','505','299','302','300','301','303','304','305','306','307','308','310','311','313','314','315','316','317','318','320','321','322','325','338','339','340','341','345','429','430','431','432','201','202','203','204','205','206','207','208','210','211','212','214','215','216','387','398','388','400','389','401','390','402','391','399','392','397','393','403','394','396','326','327','328','329','330','269','270','271','272','413','414','415','416','417','418','419','420','421','422','423','261','262','263','264','265','266','267','268','451','453','482','471','472','474','475','476','477','473','478','479','480','481','483','484','486','488','489','490','491','492','493','494','487','495','496','497','1','2','3','7','8','20','4','5','6','9','10','15','16','17','18','19','21','11','12','13','14','22') AND `pid` = 1 ORDER BY sort asc  [ RunTime:0.0000s ]
SQL: SELECT * FROM `app_admin_node` WHERE `id` IN ('23','24','25','26','200','168','142','498','435','436','437','438','410','411','412','29','30','31','32','33','34','35','36','37','38','39','165','166','167','440','444','441','442','443','445','446','447','176','177','186','185','180','178','182','181','179','183','274','275','276','277','278','279','280','283','287','290','309','319','323','324','331','60','61','62','63','64','65','67','68','69','458','459','460','461','70','71','72','73','74','75','87','88','89','90','91','92','93','94','95','96','97','98','198','199','189','188','143','144','145','428','499','500','217','218','219','220','377','378','381','382','384','379','385','380','386','404','405','406','407','408','506','358','361','362','364','357','359','360','363','508','509','510','511','273','281','282','284','285','286','288','289','291','292','293','462','505','299','302','300','301','303','304','305','306','307','308','310','311','313','314','315','316','317','318','320','321','322','325','338','339','340','341','345','429','430','431','432','201','202','203','204','205','206','207','208','210','211','212','214','215','216','387','398','388','400','389','401','390','402','391','399','392','397','393','403','394','396','326','327','328','329','330','269','270','271','272','413','414','415','416','417','418','419','420','421','422','423','261','262','263','264','265','266','267','268','451','453','482','471','472','474','475','476','477','473','478','479','480','481','483','484','486','488','489','490','491','492','493','494','487','495','496','497','1','2','3','7','8','20','4','5','6','9','10','15','16','17','18','19','21','11','12','13','14','22') AND `pid` = 2 ORDER BY sort asc  [ RunTime:0.0156s ]
SQL: SELECT * FROM `app_admin_node` WHERE `id` IN ('23','24','25','26','200','168','142','498','435','436','437','438','410','411','412','29','30','31','32','33','34','35','36','37','38','39','165','166','167','440','444','441','442','443','445','446','447','176','177','186','185','180','178','182','181','179','183','274','275','276','277','278','279','280','283','287','290','309','319','323','324','331','60','61','62','63','64','65','67','68','69','458','459','460','461','70','71','72','73','74','75','87','88','89','90','91','92','93','94','95','96','97','98','198','199','189','188','143','144','145','428','499','500','217','218','219','220','377','378','381','382','384','379','385','380','386','404','405','406','407','408','506','358','361','362','364','357','359','360','363','508','509','510','511','273','281','282','284','285','286','288','289','291','292','293','462','505','299','302','300','301','303','304','305','306','307','308','310','311','313','314','315','316','317','318','320','321','322','325','338','339','340','341','345','429','430','431','432','201','202','203','204','205','206','207','208','210','211','212','214','215','216','387','398','388','400','389','401','390','402','391','399','392','397','393','403','394','396','326','327','328','329','330','269','270','271','272','413','414','415','416','417','418','419','420','421','422','423','261','262','263','264','265','266','267','268','451','453','482','471','472','474','475','476','477','473','478','479','480','481','483','484','486','488','489','490','491','492','493','494','487','495','496','497','1','2','3','7','8','20','4','5','6','9','10','15','16','17','18','19','21','11','12','13','14','22') AND `pid` = 9 ORDER BY sort asc  [ RunTime:0.0000s ]
SQL: SELECT `sort` FROM `app_admin_node` WHERE `id` = 1 LIMIT 1   [ RunTime:0.0000s ]
SQL: UPDATE `app_admin_cate` SET `module`='23,24,25,26,200,168,142,498,435,436,437,438,410,411,412,29,30,31,32,33,34,35,36,37,38,39,165,166,167,440,444,441,442,443,445,446,447,176,177,186,185,180,178,182,181,179,183,274,275,276,277,278,279,280,283,287,290,309,319,323,324,331,60,61,62,63,64,65,67,68,69,458,459,460,461,70,71,72,73,74,75,87,88,89,90,91,92,93,94,95,96,97,98,198,199,189,188,143,144,145,428,499,500,217,218,219,220,377,378,381,382,384,379,385,380,386,404,405,406,407,408,506,358,361,362,364,357,359,360,363,508,509,510,511,273,281,282,284,285,286,288,289,291,292,293,462,505,299,302,300,301,303,304,305,306,307,308,310,311,313,314,315,316,317,318,320,321,322,325,338,339,340,341,345,429,430,431,432,201,202,203,204,205,206,207,208,210,211,212,214,215,216,387,398,388,400,389,401,390,402,391,399,392,397,403,394,396,326,327,328,329,330,269,270,271,272,413,414,415,416,417,418,419,420,421,422,423,261,262,263,264,265,266,267,268,451,453,482,471,472,474,475,476,477,473,478,479,480,481,483,484,486,488,489,490,491,492,493,494,487,495,496,497,1,2,3,7,8,20,4,5,6,9,10,15,16,17,18,19,21,11,12,13,14,22' WHERE `id` = 1 [ RunTime:0.0156s ]

[ 2017-09-04T09:42:39+08:00 ] 127.0.0.1 /Admin/System/roleSet/id/1
INFO: [ app_init ] --START--
INFO: Run Behavior\BuildLiteBehavior [ RunTime:0.000000s ]
INFO: [ app_init ] --END-- [ RunTime:0.000000s ]

[ 2017-09-04T09:42:41+08:00 ] 127.0.0.1 /Admin/news/wendalist
INFO: [ app_init ] --START--
INFO: Run Behavior\BuildLiteBehavior [ RunTime:0.000000s ]
INFO: [ app_init ] --END-- [ RunTime:0.000000s ]

[ 2017-09-04T09:45:00+08:00 ] 127.0.0.1 /Admin/news/creditlist
INFO: [ app_init ] --START--
INFO: Run Behavior\BuildLiteBehavior [ RunTime:0.000000s ]
INFO: [ app_init ] --END-- [ RunTime:0.000000s ]

[ 2017-09-04T09:45:04+08:00 ] 127.0.0.1 /Admin/news/carlist
INFO: [ app_init ] --START--
INFO: Run Behavior\BuildLiteBehavior [ RunTime:0.000000s ]
INFO: [ app_init ] --END-- [ RunTime:0.000000s ]

[ 2017-09-04T09:45:06+08:00 ] 127.0.0.1 /Admin/news/houselist
INFO: [ app_init ] --START--
INFO: Run Behavior\BuildLiteBehavior [ RunTime:0.000000s ]
INFO: [ app_init ] --END-- [ RunTime:0.000000s ]

[ 2017-09-04T09:45:09+08:00 ] 127.0.0.1 /Admin/news/personlist
INFO: [ app_init ] --START--
INFO: Run Behavior\BuildLiteBehavior [ RunTime:0.000000s ]
INFO: [ app_init ] --END-- [ RunTime:0.000000s ]

[ 2017-09-04T09:45:12+08:00 ] 127.0.0.1 /Admin/news/houselist
INFO: [ app_init ] --START--
INFO: Run Behavior\BuildLiteBehavior [ RunTime:0.000000s ]
INFO: [ app_init ] --END-- [ RunTime:0.000000s ]

[ 2017-09-04T09:46:33+08:00 ] 127.0.0.1 /Admin/news/personlist
INFO: [ app_init ] --START--
INFO: Run Behavior\BuildLiteBehavior [ RunTime:0.000000s ]
INFO: [ app_init ] --END-- [ RunTime:0.000000s ]

[ 2017-09-04T09:49:18+08:00 ] 127.0.0.1 /Admin/news/houselist
INFO: [ app_init ] --START--
INFO: Run Behavior\BuildLiteBehavior [ RunTime:0.000000s ]
INFO: [ app_init ] --END-- [ RunTime:0.001000s ]

[ 2017-09-04T09:50:19+08:00 ] 127.0.0.1 /Admin/news/houselist
INFO: [ app_init ] --START--
INFO: Run Behavior\BuildLiteBehavior [ RunTime:0.000000s ]
INFO: [ app_init ] --END-- [ RunTime:0.000000s ]

[ 2017-09-04T09:50:29+08:00 ] 127.0.0.1 /Admin/News/houseList/cate_id/31
INFO: [ app_init ] --START--
INFO: Run Behavior\BuildLiteBehavior [ RunTime:0.000000s ]
INFO: [ app_init ] --END-- [ RunTime:0.000000s ]

[ 2017-09-04T09:50:31+08:00 ] 127.0.0.1 /Admin/News/houseList/cate_id/__IMAGE__/kqmy.ico
INFO: [ app_init ] --START--
INFO: Run Behavior\BuildLiteBehavior [ RunTime:0.000000s ]
INFO: [ app_init ] --END-- [ RunTime:0.001000s ]

[ 2017-09-04T09:51:03+08:00 ] 127.0.0.1 /Admin/News/houseList/cate_id/31
INFO: [ app_init ] --START--
INFO: Run Behavior\BuildLiteBehavior [ RunTime:0.000000s ]
INFO: [ app_init ] --END-- [ RunTime:0.000000s ]

[ 2017-09-04T09:51:32+08:00 ] 127.0.0.1 /Admin/News/houseList/cate_id/31
INFO: [ app_init ] --START--
INFO: Run Behavior\BuildLiteBehavior [ RunTime:0.000000s ]
INFO: [ app_init ] --END-- [ RunTime:0.000000s ]

[ 2017-09-04T09:51:53+08:00 ] 127.0.0.1 /Admin/news/personlist
INFO: [ app_init ] --START--
INFO: Run Behavior\BuildLiteBehavior [ RunTime:0.000000s ]
INFO: [ app_init ] --END-- [ RunTime:0.000000s ]

[ 2017-09-04T09:52:03+08:00 ] 127.0.0.1 /Admin/news/houselist
INFO: [ app_init ] --START--
INFO: Run Behavior\BuildLiteBehavior [ RunTime:0.000000s ]
INFO: [ app_init ] --END-- [ RunTime:0.000000s ]

[ 2017-09-04T09:52:08+08:00 ] 127.0.0.1 /Admin/News/houseList/cate_id/31
INFO: [ app_init ] --START--
INFO: Run Behavior\BuildLiteBehavior [ RunTime:0.000000s ]
INFO: [ app_init ] --END-- [ RunTime:0.000000s ]

[ 2017-09-04T14:15:54+08:00 ] 127.0.0.1 /admin
INFO: [ app_init ] --START--
INFO: Run Behavior\BuildLiteBehavior [ RunTime:0.000000s ]
INFO: [ app_init ] --END-- [ RunTime:0.001000s ]

[ 2017-09-04T14:15:56+08:00 ] 127.0.0.1 /Admin/news/index
INFO: [ app_init ] --START--
INFO: Run Behavior\BuildLiteBehavior [ RunTime:0.000000s ]
INFO: [ app_init ] --END-- [ RunTime:0.000000s ]

[ 2017-09-04T14:15:56+08:00 ] 127.0.0.1 /Admin/news/__IMAGE__/kqmy.ico
INFO: [ app_init ] --START--
INFO: Run Behavior\BuildLiteBehavior [ RunTime:0.000000s ]
INFO: [ app_init ] --END-- [ RunTime:0.000000s ]

[ 2017-09-04T14:16:55+08:00 ] 127.0.0.1 /Admin/news/personlist
INFO: [ app_init ] --START--
INFO: Run Behavior\BuildLiteBehavior [ RunTime:0.000000s ]
INFO: [ app_init ] --END-- [ RunTime:0.000000s ]

[ 2017-09-04T14:16:58+08:00 ] 127.0.0.1 /Admin/news/index
INFO: [ app_init ] --START--
INFO: Run Behavior\BuildLiteBehavior [ RunTime:0.000000s ]
INFO: [ app_init ] --END-- [ RunTime:0.001000s ]

[ 2017-09-04T14:17:14+08:00 ] 127.0.0.1 /Admin/News/index/p/2
INFO: [ app_init ] --START--
INFO: Run Behavior\BuildLiteBehavior [ RunTime:0.000000s ]
INFO: [ app_init ] --END-- [ RunTime:0.000000s ]

[ 2017-09-04T14:17:15+08:00 ] 127.0.0.1 /Admin/News/index/p/__IMAGE__/kqmy.ico
INFO: [ app_init ] --START--
INFO: Run Behavior\BuildLiteBehavior [ RunTime:0.000000s ]
INFO: [ app_init ] --END-- [ RunTime:0.000000s ]

[ 2017-09-04T14:17:17+08:00 ] 127.0.0.1 /Admin/News/index/p/3
INFO: [ app_init ] --START--
INFO: Run Behavior\BuildLiteBehavior [ RunTime:0.000000s ]
INFO: [ app_init ] --END-- [ RunTime:0.001000s ]

[ 2017-09-04T14:17:28+08:00 ] 127.0.0.1 /Admin/News/index/p/4
INFO: [ app_init ] --START--
INFO: Run Behavior\BuildLiteBehavior [ RunTime:0.000000s ]
INFO: [ app_init ] --END-- [ RunTime:0.000000s ]

[ 2017-09-04T14:20:23+08:00 ] 127.0.0.1 /Admin/news/personlist
INFO: [ app_init ] --START--
INFO: Run Behavior\BuildLiteBehavior [ RunTime:0.001000s ]
INFO: [ app_init ] --END-- [ RunTime:0.001000s ]

[ 2017-09-04T14:20:45+08:00 ] 127.0.0.1 /Admin/News/personlist/p/2
INFO: [ app_init ] --START--
INFO: Run Behavior\BuildLiteBehavior [ RunTime:0.000000s ]
INFO: [ app_init ] --END-- [ RunTime:0.000000s ]

[ 2017-09-04T14:20:48+08:00 ] 127.0.0.1 /Admin/News/personlist/p/__IMAGE__/kqmy.ico
INFO: [ app_init ] --START--
INFO: Run Behavior\BuildLiteBehavior [ RunTime:0.000000s ]
INFO: [ app_init ] --END-- [ RunTime:0.000000s ]

[ 2017-09-04T14:20:54+08:00 ] 127.0.0.1 /Admin/News/personlist/p/1
INFO: [ app_init ] --START--
INFO: Run Behavior\BuildLiteBehavior [ RunTime:0.000000s ]
INFO: [ app_init ] --END-- [ RunTime:0.000000s ]

[ 2017-09-04T14:21:59+08:00 ] 127.0.0.1 /Admin/news/creditlist
INFO: [ app_init ] --START--
INFO: Run Behavior\BuildLiteBehavior [ RunTime:0.000000s ]
INFO: [ app_init ] --END-- [ RunTime:0.000000s ]

[ 2017-09-04T14:24:35+08:00 ] 127.0.0.1 /Admin/news/index
INFO: [ app_init ] --START--
INFO: Run Behavior\BuildLiteBehavior [ RunTime:0.000000s ]
INFO: [ app_init ] --END-- [ RunTime:0.000000s ]

[ 2017-09-04T14:24:39+08:00 ] 127.0.0.1 /Admin/News/index/p/2
INFO: [ app_init ] --START--
INFO: Run Behavior\BuildLiteBehavior [ RunTime:0.000000s ]
INFO: [ app_init ] --END-- [ RunTime:0.000000s ]

[ 2017-09-04T14:24:43+08:00 ] 127.0.0.1 /Admin/News/index/p/3
INFO: [ app_init ] --START--
INFO: Run Behavior\BuildLiteBehavior [ RunTime:0.000000s ]
INFO: [ app_init ] --END-- [ RunTime:0.000000s ]

[ 2017-09-04T14:24:45+08:00 ] 127.0.0.1 /Admin/News/index/p/2
INFO: [ app_init ] --START--
INFO: Run Behavior\BuildLiteBehavior [ RunTime:0.000000s ]
INFO: [ app_init ] --END-- [ RunTime:0.001000s ]

[ 2017-09-04T14:40:46+08:00 ] 127.0.0.1 /Admin/News/index/p/1
INFO: [ app_init ] --START--
INFO: Run Behavior\BuildLiteBehavior [ RunTime:0.000000s ]
INFO: [ app_init ] --END-- [ RunTime:0.000000s ]

[ 2017-09-04T19:49:51+08:00 ] 127.0.0.1 /admin
INFO: [ app_init ] --START--
INFO: Run Behavior\BuildLiteBehavior [ RunTime:0.000000s ]
INFO: [ app_init ] --END-- [ RunTime:0.001000s ]

[ 2017-09-04T19:49:53+08:00 ] 127.0.0.1 /Admin/news/index
INFO: [ app_init ] --START--
INFO: Run Behavior\BuildLiteBehavior [ RunTime:0.000000s ]
INFO: [ app_init ] --END-- [ RunTime:0.000000s ]

[ 2017-09-04T19:50:18+08:00 ] 127.0.0.1 /Admin/news/personlist
INFO: [ app_init ] --START--
INFO: Run Behavior\BuildLiteBehavior [ RunTime:0.000000s ]
INFO: [ app_init ] --END-- [ RunTime:0.000000s ]

[ 2017-09-04T19:50:25+08:00 ] 127.0.0.1 /Admin/News/addNews/pid/59
INFO: [ app_init ] --START--
INFO: Run Behavior\BuildLiteBehavior [ RunTime:0.000000s ]
INFO: [ app_init ] --END-- [ RunTime:0.000000s ]

[ 2017-09-04T19:50:27+08:00 ] 127.0.0.1 /Admin/News/addNews/pid/__IMAGE__/kqmy.ico
INFO: [ app_init ] --START--
INFO: Run Behavior\BuildLiteBehavior [ RunTime:0.000000s ]
INFO: [ app_init ] --END-- [ RunTime:0.000000s ]

[ 2017-09-04T19:52:54+08:00 ] 127.0.0.1 /Admin/news/index
INFO: [ app_init ] --START--
INFO: Run Behavior\BuildLiteBehavior [ RunTime:0.000000s ]
INFO: [ app_init ] --END-- [ RunTime:0.000000s ]

[ 2017-09-04T19:55:16+08:00 ] 127.0.0.1 /Admin/News/index/p/2
INFO: [ app_init ] --START--
INFO: Run Behavior\BuildLiteBehavior [ RunTime:0.000000s ]
INFO: [ app_init ] --END-- [ RunTime:0.001000s ]

[ 2017-09-04T19:55:19+08:00 ] 127.0.0.1 /Admin/News/index/p/3
INFO: [ app_init ] --START--
INFO: Run Behavior\BuildLiteBehavior [ RunTime:0.000000s ]
INFO: [ app_init ] --END-- [ RunTime:0.000000s ]

[ 2017-09-04T19:55:21+08:00 ] 127.0.0.1 /Admin/News/index/p/4
INFO: [ app_init ] --START--
INFO: Run Behavior\BuildLiteBehavior [ RunTime:0.000000s ]
INFO: [ app_init ] --END-- [ RunTime:0.000000s ]

[ 2017-09-04T19:55:23+08:00 ] 127.0.0.1 /Admin/News/index/p/1
INFO: [ app_init ] --START--
INFO: Run Behavior\BuildLiteBehavior [ RunTime:0.000000s ]
INFO: [ app_init ] --END-- [ RunTime:0.000000s ]

