[ 2017-09-11T16:24:25+08:00 ] 127.0.0.1 /admin
INFO: [ app_init ] --START--
INFO: Run Behavior\BuildLiteBehavior [ RunTime:0.000000s ]
INFO: [ app_init ] --END-- [ RunTime:0.000000s ]

[ 2017-09-11T16:24:25+08:00 ] 127.0.0.1 /Admin/User/login
INFO: [ app_init ] --START--
INFO: Run Behavior\BuildLiteBehavior [ RunTime:0.000000s ]
INFO: [ app_init ] --END-- [ RunTime:0.000500s ]

[ 2017-09-11T16:24:25+08:00 ] 127.0.0.1 /Admin/User/verify_c
INFO: [ app_init ] --START--
INFO: Run Behavior\BuildLiteBehavior [ RunTime:0.000000s ]
INFO: [ app_init ] --END-- [ RunTime:0.000000s ]

[ 2017-09-11T16:24:33+08:00 ] 127.0.0.1 /admin/User/checkloginajax
INFO: [ app_init ] --START--
INFO: Run Behavior\BuildLiteBehavior [ RunTime:0.000000s ]
INFO: [ app_init ] --END-- [ RunTime:0.000500s ]
INFO: [ app_begin ] --START--
INFO: Run Behavior\ReadHtmlCacheBehavior [ RunTime:0.000000s ]
INFO: [ app_begin ] --END-- [ RunTime:0.000000s ]
SQL: SHOW COLUMNS FROM `app_user` [ RunTime:0.0080s ]
SQL: SELECT * FROM `app_user` WHERE `username` = 'admin' AND `password` = 'e10adc3949ba59abbe56e057f20f883e'  [ RunTime:0.0060s ]
SQL: SHOW COLUMNS FROM `app_user` [ RunTime:0.0075s ]
SQL: UPDATE `app_user` SET `last_login`='1505118273' WHERE `id` = 1 [ RunTime:0.0055s ]

[ 2017-09-11T16:24:33+08:00 ] 127.0.0.1 /admin/Index/index
INFO: [ app_init ] --START--
INFO: Run Behavior\BuildLiteBehavior [ RunTime:0.000000s ]
INFO: [ app_init ] --END-- [ RunTime:0.000500s ]

[ 2017-09-11T16:24:33+08:00 ] 127.0.0.1 /admin/Index/__IMAGE__/kqmy.ico
INFO: [ app_init ] --START--
INFO: Run Behavior\BuildLiteBehavior [ RunTime:0.000000s ]
INFO: [ app_init ] --END-- [ RunTime:0.000500s ]

[ 2017-09-11T16:24:35+08:00 ] 127.0.0.1 /Admin/news/index
INFO: [ app_init ] --START--
INFO: Run Behavior\BuildLiteBehavior [ RunTime:0.000000s ]
INFO: [ app_init ] --END-- [ RunTime:0.000000s ]

[ 2017-09-11T16:24:35+08:00 ] 127.0.0.1 /Admin/news/__IMAGE__/kqmy.ico
INFO: [ app_init ] --START--
INFO: Run Behavior\BuildLiteBehavior [ RunTime:0.000000s ]
INFO: [ app_init ] --END-- [ RunTime:0.000500s ]

[ 2017-09-11T16:24:38+08:00 ] 127.0.0.1 /Admin/news/personlist
INFO: [ app_init ] --START--
INFO: Run Behavior\BuildLiteBehavior [ RunTime:0.000000s ]
INFO: [ app_init ] --END-- [ RunTime:0.000500s ]

[ 2017-09-11T16:42:51+08:00 ] 127.0.0.1 /admin
INFO: [ app_init ] --START--
INFO: Run Behavior\BuildLiteBehavior [ RunTime:0.000000s ]
INFO: [ app_init ] --END-- [ RunTime:0.000500s ]

[ 2017-09-11T16:42:55+08:00 ] 127.0.0.1 /Admin/news/index
INFO: [ app_init ] --START--
INFO: Run Behavior\BuildLiteBehavior [ RunTime:0.000000s ]
INFO: [ app_init ] --END-- [ RunTime:0.000000s ]

[ 2017-09-11T16:43:07+08:00 ] 127.0.0.1 /Admin/creditcard/strategy
INFO: [ app_init ] --START--
INFO: Run Behavior\BuildLiteBehavior [ RunTime:0.000000s ]
INFO: [ app_init ] --END-- [ RunTime:0.000500s ]

[ 2017-09-11T16:43:16+08:00 ] 127.0.0.1 /Admin/creditcard/__IMAGE__/kqmy.ico
INFO: [ app_init ] --START--
INFO: Run Behavior\BuildLiteBehavior [ RunTime:0.000000s ]
INFO: [ app_init ] --END-- [ RunTime:0.000500s ]

[ 2017-09-11T16:43:20+08:00 ] 127.0.0.1 /Admin/Creditcard/strategy_add
INFO: [ app_init ] --START--
INFO: Run Behavior\BuildLiteBehavior [ RunTime:0.000000s ]
INFO: [ app_init ] --END-- [ RunTime:0.000500s ]

[ 2017-09-11T16:43:22+08:00 ] 127.0.0.1 /Admin/Creditcard/__IMAGE__/kqmy.ico
INFO: [ app_init ] --START--
INFO: Run Behavior\BuildLiteBehavior [ RunTime:0.000000s ]
INFO: [ app_init ] --END-- [ RunTime:0.000000s ]

[ 2017-09-11T16:44:58+08:00 ] 127.0.0.1 /Admin/creditcard/strategy
INFO: [ app_init ] --START--
INFO: Run Behavior\BuildLiteBehavior [ RunTime:0.000000s ]
INFO: [ app_init ] --END-- [ RunTime:0.000000s ]

[ 2017-09-11T16:51:13+08:00 ] 127.0.0.1 /Admin/Creditcard/strategy_add/id/38
INFO: [ app_init ] --START--
INFO: Run Behavior\BuildLiteBehavior [ RunTime:0.000000s ]
INFO: [ app_init ] --END-- [ RunTime:0.000000s ]

[ 2017-09-11T16:51:19+08:00 ] 127.0.0.1 /Admin/Creditcard/strategy_add/id/__IMAGE__/kqmy.ico
INFO: [ app_init ] --START--
INFO: Run Behavior\BuildLiteBehavior [ RunTime:0.000000s ]
INFO: [ app_init ] --END-- [ RunTime:0.000500s ]

[ 2017-09-11T17:37:25+08:00 ] 127.0.0.1 /Admin/news/index
INFO: [ app_init ] --START--
INFO: Run Behavior\BuildLiteBehavior [ RunTime:0.000000s ]
INFO: [ app_init ] --END-- [ RunTime:0.000000s ]

[ 2017-09-11T17:37:36+08:00 ] 127.0.0.1 /Admin/creditcard/strategy
INFO: [ app_init ] --START--
INFO: Run Behavior\BuildLiteBehavior [ RunTime:0.000000s ]
INFO: [ app_init ] --END-- [ RunTime:0.000500s ]

[ 2017-09-11T17:38:50+08:00 ] 127.0.0.1 /Admin/news/index
INFO: [ app_init ] --START--
INFO: Run Behavior\BuildLiteBehavior [ RunTime:0.000000s ]
INFO: [ app_init ] --END-- [ RunTime:0.000000s ]

[ 2017-09-11T17:38:58+08:00 ] 127.0.0.1 /Admin/creditcard/strategy
INFO: [ app_init ] --START--
INFO: Run Behavior\BuildLiteBehavior [ RunTime:0.000000s ]
INFO: [ app_init ] --END-- [ RunTime:0.000000s ]

[ 2017-09-11T17:49:06+08:00 ] 127.0.0.1 /Admin/creditcard/index
INFO: [ app_init ] --START--
INFO: Run Behavior\BuildLiteBehavior [ RunTime:0.000000s ]
INFO: [ app_init ] --END-- [ RunTime:0.000500s ]

[ 2017-09-11T17:49:09+08:00 ] 127.0.0.1 /Admin/loan/listsloan
INFO: [ app_init ] --START--
INFO: Run Behavior\BuildLiteBehavior [ RunTime:0.000000s ]
INFO: [ app_init ] --END-- [ RunTime:0.000500s ]

[ 2017-09-11T17:49:10+08:00 ] 127.0.0.1 /Admin/loan/__IMAGE__/kqmy.ico
INFO: [ app_init ] --START--
INFO: Run Behavior\BuildLiteBehavior [ RunTime:0.000000s ]
INFO: [ app_init ] --END-- [ RunTime:0.000500s ]

[ 2017-09-11T17:49:18+08:00 ] 127.0.0.1 /Admin/loan/persongonglue
INFO: [ app_init ] --START--
INFO: Run Behavior\BuildLiteBehavior [ RunTime:0.000000s ]
INFO: [ app_init ] --END-- [ RunTime:0.000000s ]

[ 2017-09-11T17:49:54+08:00 ] 127.0.0.1 /Admin/news/index
INFO: [ app_init ] --START--
INFO: Run Behavior\BuildLiteBehavior [ RunTime:0.000000s ]
INFO: [ app_init ] --END-- [ RunTime:0.000500s ]

[ 2017-09-11T18:06:45+08:00 ] 127.0.0.1 /Admin/creditcard/index
INFO: [ app_init ] --START--
INFO: Run Behavior\BuildLiteBehavior [ RunTime:0.000000s ]
INFO: [ app_init ] --END-- [ RunTime:0.000500s ]

[ 2017-09-11T18:06:48+08:00 ] 127.0.0.1 /Admin/loan/listsloan
INFO: [ app_init ] --START--
INFO: Run Behavior\BuildLiteBehavior [ RunTime:0.000000s ]
INFO: [ app_init ] --END-- [ RunTime:0.000500s ]

[ 2017-09-11T18:06:55+08:00 ] 127.0.0.1 /Admin/news/index
INFO: [ app_init ] --START--
INFO: Run Behavior\BuildLiteBehavior [ RunTime:0.000000s ]
INFO: [ app_init ] --END-- [ RunTime:0.000000s ]

[ 2017-09-11T18:07:37+08:00 ] 127.0.0.1 /Admin/creditcard/strategy
INFO: [ app_init ] --START--
INFO: Run Behavior\BuildLiteBehavior [ RunTime:0.000000s ]
INFO: [ app_init ] --END-- [ RunTime:0.001000s ]

[ 2017-09-11T18:07:40+08:00 ] 127.0.0.1 /Admin/Creditcard/strategy_add
INFO: [ app_init ] --START--
INFO: Run Behavior\BuildLiteBehavior [ RunTime:0.000000s ]
INFO: [ app_init ] --END-- [ RunTime:0.000500s ]

[ 2017-09-11T18:49:05+08:00 ] 127.0.0.1 /Admin/creditcard/strategy
INFO: [ app_init ] --START--
INFO: Run Behavior\BuildLiteBehavior [ RunTime:0.000000s ]
INFO: [ app_init ] --END-- [ RunTime:0.000000s ]

[ 2017-09-11T19:26:05+08:00 ] 127.0.0.1 /Admin/Creditcard/strategy_add/id/38
INFO: [ app_init ] --START--
INFO: Run Behavior\BuildLiteBehavior [ RunTime:0.000000s ]
INFO: [ app_init ] --END-- [ RunTime:0.000000s ]

[ 2017-09-11T19:27:30+08:00 ] 127.0.0.1 /Admin/Creditcard/strategy_add/id/38
INFO: [ app_init ] --START--
INFO: Run Behavior\BuildLiteBehavior [ RunTime:0.000000s ]
INFO: [ app_init ] --END-- [ RunTime:0.000000s ]

[ 2017-09-11T19:27:35+08:00 ] 127.0.0.1 /Admin/Creditcard/strategy_add/id/38
INFO: [ app_init ] --START--
INFO: Run Behavior\BuildLiteBehavior [ RunTime:0.000000s ]
INFO: [ app_init ] --END-- [ RunTime:0.000500s ]

[ 2017-09-11T19:27:36+08:00 ] 127.0.0.1 /Admin/Creditcard/strategy_add/id/38
INFO: [ app_init ] --START--
INFO: Run Behavior\BuildLiteBehavior [ RunTime:0.000000s ]
INFO: [ app_init ] --END-- [ RunTime:0.000000s ]

[ 2017-09-11T19:29:40+08:00 ] 127.0.0.1 /Admin/creditcard/strategy
INFO: [ app_init ] --START--
INFO: Run Behavior\BuildLiteBehavior [ RunTime:0.000000s ]
INFO: [ app_init ] --END-- [ RunTime:0.000000s ]

[ 2017-09-11T19:29:51+08:00 ] 127.0.0.1 /Admin/system/admin
INFO: [ app_init ] --START--
INFO: Run Behavior\BuildLiteBehavior [ RunTime:0.000000s ]
INFO: [ app_init ] --END-- [ RunTime:0.000000s ]

[ 2017-09-11T19:29:52+08:00 ] 127.0.0.1 /Admin/system/__IMAGE__/kqmy.ico
INFO: [ app_init ] --START--
INFO: Run Behavior\BuildLiteBehavior [ RunTime:0.000000s ]
INFO: [ app_init ] --END-- [ RunTime:0.000000s ]

[ 2017-09-11T19:29:54+08:00 ] 127.0.0.1 /Admin/system/rolelist
INFO: [ app_init ] --START--
INFO: Run Behavior\BuildLiteBehavior [ RunTime:0.000000s ]
INFO: [ app_init ] --END-- [ RunTime:0.000500s ]

[ 2017-09-11T19:29:57+08:00 ] 127.0.0.1 /Admin/System/roleSet/id/1
INFO: [ app_init ] --START--
INFO: Run Behavior\BuildLiteBehavior [ RunTime:0.000000s ]
INFO: [ app_init ] --END-- [ RunTime:0.000000s ]

[ 2017-09-11T19:29:57+08:00 ] 127.0.0.1 /Admin/System/roleSet/id/__IMAGE__/kqmy.ico
INFO: [ app_init ] --START--
INFO: Run Behavior\BuildLiteBehavior [ RunTime:0.000000s ]
INFO: [ app_init ] --END-- [ RunTime:0.000500s ]

[ 2017-09-11T19:30:11+08:00 ] 127.0.0.1 /Admin/system/nodelist
INFO: [ app_init ] --START--
INFO: Run Behavior\BuildLiteBehavior [ RunTime:0.000000s ]
INFO: [ app_init ] --END-- [ RunTime:0.000500s ]

[ 2017-09-11T19:30:33+08:00 ] 127.0.0.1 /Admin/System/editNode
INFO: [ app_init ] --START--
INFO: Run Behavior\BuildLiteBehavior [ RunTime:0.000000s ]
INFO: [ app_init ] --END-- [ RunTime:0.000500s ]
INFO: [ app_begin ] --START--
INFO: Run Behavior\ReadHtmlCacheBehavior [ RunTime:0.000000s ]
INFO: [ app_begin ] --END-- [ RunTime:0.000000s ]
SQL: SHOW COLUMNS FROM `app_user` [ RunTime:0.0080s ]
SQL: SELECT `cate` FROM `app_user` WHERE `id` = 1 LIMIT 1   [ RunTime:0.0055s ]
SQL: SHOW COLUMNS FROM `app_admin_cate` [ RunTime:0.0065s ]
SQL: SELECT `module` FROM `app_admin_cate` WHERE `id` = 1 LIMIT 1   [ RunTime:0.3040s ]
SQL: SHOW COLUMNS FROM `app_admin_node` [ RunTime:0.0075s ]
SQL: SELECT * FROM `app_admin_node` WHERE `level` = 4 AND `controller` = 'system' AND `action` = 'editnode' AND `id` IN ('23','24','25','26','200','168','142','498','435','436','437','438','410','411','412','29','30','31','32','33','34','35','36','37','38','39','165','166','167','440','444','441','442','443','445','446','447','176','177','186','185','180','178','182','181','179','183','274','275','276','277','278','279','280','283','287','290','309','319','323','324','331','60','61','62','63','64','65','67','68','69','458','459','460','461','70','71','72','73','74','75','87','88','89','90','91','92','93','94','95','96','97','98','198','199','189','188','143','144','145','428','499','500','217','218','219','220','377','378','381','382','384','379','385','380','386','404','405','406','407','408','506','358','361','362','364','357','359','360','363','508','509','510','511','513','514','517','520','521','522','515','518','516','519','273','281','282','284','285','286','288','289','291','292','293','462','505','299','302','300','301','303','304','305','306','307','308','310','311','313','314','315','316','317','318','320','321','322','325','338','339','340','341','345','429','430','431','432','201','202','203','204','205','206','207','208','209','210','211','212','214','215','216','387','398','388','400','389','401','391','399','392','397','403','394','396','326','327','328','329','330','269','270','271','272','413','414','415','416','417','418','419','420','421','422','423','261','262','263','264','265','266','267','268','451','453','482','471','472','474','475','476','477','473','478','479','480','481','483','484','486','488','489','490','491','492','493','494','487','495','496','497','1','2','3','7','8','20','4','5','6','9','10','15','16','17','18','19','21','11','12','13','14','22') ORDER BY level desc LIMIT 1   [ RunTime:0.0750s ]
SQL: SELECT `action` FROM `app_admin_node` WHERE `id` = 11 LIMIT 1   [ RunTime:0.0050s ]
SQL: SELECT `action` FROM `app_admin_node` WHERE `pid` = 9  [ RunTime:0.0055s ]
SQL: SELECT * FROM `app_admin_node` WHERE `level` = 1 AND `id` IN ('23','24','25','26','200','168','142','498','435','436','437','438','410','411','412','29','30','31','32','33','34','35','36','37','38','39','165','166','167','440','444','441','442','443','445','446','447','176','177','186','185','180','178','182','181','179','183','274','275','276','277','278','279','280','283','287','290','309','319','323','324','331','60','61','62','63','64','65','67','68','69','458','459','460','461','70','71','72','73','74','75','87','88','89','90','91','92','93','94','95','96','97','98','198','199','189','188','143','144','145','428','499','500','217','218','219','220','377','378','381','382','384','379','385','380','386','404','405','406','407','408','506','358','361','362','364','357','359','360','363','508','509','510','511','513','514','517','520','521','522','515','518','516','519','273','281','282','284','285','286','288','289','291','292','293','462','505','299','302','300','301','303','304','305','306','307','308','310','311','313','314','315','316','317','318','320','321','322','325','338','339','340','341','345','429','430','431','432','201','202','203','204','205','206','207','208','209','210','211','212','214','215','216','387','398','388','400','389','401','391','399','392','397','403','394','396','326','327','328','329','330','269','270','271','272','413','414','415','416','417','418','419','420','421','422','423','261','262','263','264','265','266','267','268','451','453','482','471','472','474','475','476','477','473','478','479','480','481','483','484','486','488','489','490','491','492','493','494','487','495','496','497','1','2','3','7','8','20','4','5','6','9','10','15','16','17','18','19','21','11','12','13','14','22') ORDER BY sort asc  [ RunTime:0.0065s ]
SQL: SELECT * FROM `app_admin_node` WHERE `controller` = 'system' AND `action` = 'editnode' ORDER BY level desc LIMIT 1   [ RunTime:0.0060s ]
SQL: SELECT * FROM `app_admin_node` WHERE `id` IN ('23','24','25','26','200','168','142','498','435','436','437','438','410','411','412','29','30','31','32','33','34','35','36','37','38','39','165','166','167','440','444','441','442','443','445','446','447','176','177','186','185','180','178','182','181','179','183','274','275','276','277','278','279','280','283','287','290','309','319','323','324','331','60','61','62','63','64','65','67','68','69','458','459','460','461','70','71','72','73','74','75','87','88','89','90','91','92','93','94','95','96','97','98','198','199','189','188','143','144','145','428','499','500','217','218','219','220','377','378','381','382','384','379','385','380','386','404','405','406','407','408','506','358','361','362','364','357','359','360','363','508','509','510','511','513','514','517','520','521','522','515','518','516','519','273','281','282','284','285','286','288','289','291','292','293','462','505','299','302','300','301','303','304','305','306','307','308','310','311','313','314','315','316','317','318','320','321','322','325','338','339','340','341','345','429','430','431','432','201','202','203','204','205','206','207','208','209','210','211','212','214','215','216','387','398','388','400','389','401','391','399','392','397','403','394','396','326','327','328','329','330','269','270','271','272','413','414','415','416','417','418','419','420','421','422','423','261','262','263','264','265','266','267','268','451','453','482','471','472','474','475','476','477','473','478','479','480','481','483','484','486','488','489','490','491','492','493','494','487','495','496','497','1','2','3','7','8','20','4','5','6','9','10','15','16','17','18','19','21','11','12','13','14','22') AND `pid` = 1 ORDER BY sort asc  [ RunTime:0.0065s ]
SQL: SELECT * FROM `app_admin_node` WHERE `id` IN ('23','24','25','26','200','168','142','498','435','436','437','438','410','411','412','29','30','31','32','33','34','35','36','37','38','39','165','166','167','440','444','441','442','443','445','446','447','176','177','186','185','180','178','182','181','179','183','274','275','276','277','278','279','280','283','287','290','309','319','323','324','331','60','61','62','63','64','65','67','68','69','458','459','460','461','70','71','72','73','74','75','87','88','89','90','91','92','93','94','95','96','97','98','198','199','189','188','143','144','145','428','499','500','217','218','219','220','377','378','381','382','384','379','385','380','386','404','405','406','407','408','506','358','361','362','364','357','359','360','363','508','509','510','511','513','514','517','520','521','522','515','518','516','519','273','281','282','284','285','286','288','289','291','292','293','462','505','299','302','300','301','303','304','305','306','307','308','310','311','313','314','315','316','317','318','320','321','322','325','338','339','340','341','345','429','430','431','432','201','202','203','204','205','206','207','208','209','210','211','212','214','215','216','387','398','388','400','389','401','391','399','392','397','403','394','396','326','327','328','329','330','269','270','271','272','413','414','415','416','417','418','419','420','421','422','423','261','262','263','264','265','266','267','268','451','453','482','471','472','474','475','476','477','473','478','479','480','481','483','484','486','488','489','490','491','492','493','494','487','495','496','497','1','2','3','7','8','20','4','5','6','9','10','15','16','17','18','19','21','11','12','13','14','22') AND `pid` = 2 ORDER BY sort asc  [ RunTime:0.0060s ]
SQL: SELECT * FROM `app_admin_node` WHERE `id` IN ('23','24','25','26','200','168','142','498','435','436','437','438','410','411','412','29','30','31','32','33','34','35','36','37','38','39','165','166','167','440','444','441','442','443','445','446','447','176','177','186','185','180','178','182','181','179','183','274','275','276','277','278','279','280','283','287','290','309','319','323','324','331','60','61','62','63','64','65','67','68','69','458','459','460','461','70','71','72','73','74','75','87','88','89','90','91','92','93','94','95','96','97','98','198','199','189','188','143','144','145','428','499','500','217','218','219','220','377','378','381','382','384','379','385','380','386','404','405','406','407','408','506','358','361','362','364','357','359','360','363','508','509','510','511','513','514','517','520','521','522','515','518','516','519','273','281','282','284','285','286','288','289','291','292','293','462','505','299','302','300','301','303','304','305','306','307','308','310','311','313','314','315','316','317','318','320','321','322','325','338','339','340','341','345','429','430','431','432','201','202','203','204','205','206','207','208','209','210','211','212','214','215','216','387','398','388','400','389','401','391','399','392','397','403','394','396','326','327','328','329','330','269','270','271','272','413','414','415','416','417','418','419','420','421','422','423','261','262','263','264','265','266','267','268','451','453','482','471','472','474','475','476','477','473','478','479','480','481','483','484','486','488','489','490','491','492','493','494','487','495','496','497','1','2','3','7','8','20','4','5','6','9','10','15','16','17','18','19','21','11','12','13','14','22') AND `pid` = 9 ORDER BY sort asc  [ RunTime:0.0065s ]
SQL: SELECT `sort` FROM `app_admin_node` WHERE `id` = 1 LIMIT 1   [ RunTime:0.0055s ]
SQL: UPDATE `app_admin_node` SET `classname`='信用卡资讯列表',`sort`='0',`controller`='creditcard',`action`='strategy' WHERE `id` = 327 [ RunTime:0.0080s ]

[ 2017-09-11T19:30:34+08:00 ] 127.0.0.1 /Admin/system/nodelist
INFO: [ app_init ] --START--
INFO: Run Behavior\BuildLiteBehavior [ RunTime:0.000000s ]
INFO: [ app_init ] --END-- [ RunTime:0.000000s ]

[ 2017-09-11T19:30:38+08:00 ] 127.0.0.1 /Admin/creditcard/index
INFO: [ app_init ] --START--
INFO: Run Behavior\BuildLiteBehavior [ RunTime:0.000000s ]
INFO: [ app_init ] --END-- [ RunTime:0.000500s ]

[ 2017-09-11T19:30:39+08:00 ] 127.0.0.1 /Admin/news/index
INFO: [ app_init ] --START--
INFO: Run Behavior\BuildLiteBehavior [ RunTime:0.000000s ]
INFO: [ app_init ] --END-- [ RunTime:0.000000s ]

[ 2017-09-11T19:31:26+08:00 ] 127.0.0.1 /Admin/audit/lists
INFO: [ app_init ] --START--
INFO: Run Behavior\BuildLiteBehavior [ RunTime:0.000000s ]
INFO: [ app_init ] --END-- [ RunTime:0.000000s ]

[ 2017-09-11T19:31:26+08:00 ] 127.0.0.1 /Admin/audit/__IMAGE__/kqmy.ico
INFO: [ app_init ] --START--
INFO: Run Behavior\BuildLiteBehavior [ RunTime:0.000000s ]
INFO: [ app_init ] --END-- [ RunTime:0.000000s ]

[ 2017-09-11T19:31:33+08:00 ] 127.0.0.1 /Admin/system/admin
INFO: [ app_init ] --START--
INFO: Run Behavior\BuildLiteBehavior [ RunTime:0.000000s ]
INFO: [ app_init ] --END-- [ RunTime:0.000500s ]

[ 2017-09-11T19:31:35+08:00 ] 127.0.0.1 /Admin/system/rolelist
INFO: [ app_init ] --START--
INFO: Run Behavior\BuildLiteBehavior [ RunTime:0.000000s ]
INFO: [ app_init ] --END-- [ RunTime:0.000500s ]

[ 2017-09-11T19:31:37+08:00 ] 127.0.0.1 /Admin/system/admin
INFO: [ app_init ] --START--
INFO: Run Behavior\BuildLiteBehavior [ RunTime:0.000000s ]
INFO: [ app_init ] --END-- [ RunTime:0.000000s ]

[ 2017-09-11T19:31:51+08:00 ] 127.0.0.1 /Admin/User/logout/sid/1
INFO: [ app_init ] --START--
INFO: Run Behavior\BuildLiteBehavior [ RunTime:0.000000s ]
INFO: [ app_init ] --END-- [ RunTime:0.000500s ]

[ 2017-09-11T19:31:51+08:00 ] 127.0.0.1 /Admin/Index/login
INFO: [ app_init ] --START--
INFO: Run Behavior\BuildLiteBehavior [ RunTime:0.000000s ]
INFO: [ app_init ] --END-- [ RunTime:0.000500s ]

[ 2017-09-11T19:31:51+08:00 ] 127.0.0.1 /Admin/User/login
INFO: [ app_init ] --START--
INFO: Run Behavior\BuildLiteBehavior [ RunTime:0.000000s ]
INFO: [ app_init ] --END-- [ RunTime:0.000500s ]

[ 2017-09-11T19:31:51+08:00 ] 127.0.0.1 /Admin/User/verify_c
INFO: [ app_init ] --START--
INFO: Run Behavior\BuildLiteBehavior [ RunTime:0.000000s ]
INFO: [ app_init ] --END-- [ RunTime:0.000000s ]

[ 2017-09-11T19:31:56+08:00 ] 127.0.0.1 /admin/User/checkloginajax
INFO: [ app_init ] --START--
INFO: Run Behavior\BuildLiteBehavior [ RunTime:0.000000s ]
INFO: [ app_init ] --END-- [ RunTime:0.000500s ]
INFO: [ app_begin ] --START--
INFO: Run Behavior\ReadHtmlCacheBehavior [ RunTime:0.000000s ]
INFO: [ app_begin ] --END-- [ RunTime:0.000000s ]
SQL: SHOW COLUMNS FROM `app_user` [ RunTime:0.0085s ]
SQL: SELECT * FROM `app_user` WHERE `username` = 'gedai' AND `password` = 'e10adc3949ba59abbe56e057f20f883e'  [ RunTime:0.0070s ]
SQL: SHOW COLUMNS FROM `app_user` [ RunTime:0.0090s ]
SQL: UPDATE `app_user` SET `last_login`='1505129516' WHERE `id` = 64 [ RunTime:0.0060s ]

[ 2017-09-11T19:31:56+08:00 ] 127.0.0.1 /admin/Index/index
INFO: [ app_init ] --START--
INFO: Run Behavior\BuildLiteBehavior [ RunTime:0.000000s ]
INFO: [ app_init ] --END-- [ RunTime:0.000500s ]

[ 2017-09-11T19:31:58+08:00 ] 127.0.0.1 /Admin/loan/listsloan
INFO: [ app_init ] --START--
INFO: Run Behavior\BuildLiteBehavior [ RunTime:0.000000s ]
INFO: [ app_init ] --END-- [ RunTime:0.000500s ]

[ 2017-09-11T19:32:02+08:00 ] 127.0.0.1 /Admin/loan/singleloanorder
INFO: [ app_init ] --START--
INFO: Run Behavior\BuildLiteBehavior [ RunTime:0.000000s ]
INFO: [ app_init ] --END-- [ RunTime:0.000500s ]

[ 2017-09-11T19:32:08+08:00 ] 127.0.0.1 /Admin/loan/listsloan
INFO: [ app_init ] --START--
INFO: Run Behavior\BuildLiteBehavior [ RunTime:0.000000s ]
INFO: [ app_init ] --END-- [ RunTime:0.000000s ]

[ 2017-09-11T19:32:12+08:00 ] 127.0.0.1 /Admin/Loan/Guwenlistsloan/lontype/single
INFO: [ app_init ] --START--
INFO: Run Behavior\BuildLiteBehavior [ RunTime:0.000000s ]
INFO: [ app_init ] --END-- [ RunTime:0.000000s ]

[ 2017-09-11T19:32:12+08:00 ] 127.0.0.1 /Admin/Loan/Guwenlistsloan/lontype/__IMAGE__/kqmy.ico
INFO: [ app_init ] --START--
INFO: Run Behavior\BuildLiteBehavior [ RunTime:0.000000s ]
INFO: [ app_init ] --END-- [ RunTime:0.000500s ]

[ 2017-09-11T19:45:20+08:00 ] 127.0.0.1 /admin
INFO: [ app_init ] --START--
INFO: Run Behavior\BuildLiteBehavior [ RunTime:0.000000s ]
INFO: [ app_init ] --END-- [ RunTime:0.000500s ]

[ 2017-09-11T19:45:25+08:00 ] 127.0.0.1 /Admin/User/logout/sid/1
INFO: [ app_init ] --START--
INFO: Run Behavior\BuildLiteBehavior [ RunTime:0.000000s ]
INFO: [ app_init ] --END-- [ RunTime:0.000000s ]

[ 2017-09-11T19:45:25+08:00 ] 127.0.0.1 /Admin/Index/login
INFO: [ app_init ] --START--
INFO: Run Behavior\BuildLiteBehavior [ RunTime:0.000000s ]
INFO: [ app_init ] --END-- [ RunTime:0.000500s ]

[ 2017-09-11T19:45:25+08:00 ] 127.0.0.1 /Admin/User/login
INFO: [ app_init ] --START--
INFO: Run Behavior\BuildLiteBehavior [ RunTime:0.000000s ]
INFO: [ app_init ] --END-- [ RunTime:0.000000s ]

[ 2017-09-11T19:45:25+08:00 ] 127.0.0.1 /Admin/User/verify_c
INFO: [ app_init ] --START--
INFO: Run Behavior\BuildLiteBehavior [ RunTime:0.000000s ]
INFO: [ app_init ] --END-- [ RunTime:0.000500s ]

[ 2017-09-11T19:45:54+08:00 ] 127.0.0.1 /admin/User/checkloginajax
INFO: [ app_init ] --START--
INFO: Run Behavior\BuildLiteBehavior [ RunTime:0.000000s ]
INFO: [ app_init ] --END-- [ RunTime:0.000500s ]
INFO: [ app_begin ] --START--
INFO: Run Behavior\ReadHtmlCacheBehavior [ RunTime:0.000500s ]
INFO: [ app_begin ] --END-- [ RunTime:0.000500s ]
SQL: SHOW COLUMNS FROM `app_user` [ RunTime:0.0080s ]
SQL: SELECT * FROM `app_user` WHERE `username` = 'admin' AND `password` = 'e10adc3949ba59abbe56e057f20f883e'  [ RunTime:0.0065s ]
SQL: SHOW COLUMNS FROM `app_user` [ RunTime:0.0075s ]
SQL: UPDATE `app_user` SET `last_login`='1505130354' WHERE `id` = 1 [ RunTime:0.0055s ]

[ 2017-09-11T19:45:54+08:00 ] 127.0.0.1 /admin/Index/index
INFO: [ app_init ] --START--
INFO: Run Behavior\BuildLiteBehavior [ RunTime:0.000000s ]
INFO: [ app_init ] --END-- [ RunTime:0.000000s ]

[ 2017-09-11T19:45:57+08:00 ] 127.0.0.1 /Admin/loan/listsloan
INFO: [ app_init ] --START--
INFO: Run Behavior\BuildLiteBehavior [ RunTime:0.000000s ]
INFO: [ app_init ] --END-- [ RunTime:0.000000s ]

[ 2017-09-11T19:45:59+08:00 ] 127.0.0.1 /Admin/loan/houseloan
INFO: [ app_init ] --START--
INFO: Run Behavior\BuildLiteBehavior [ RunTime:0.000000s ]
INFO: [ app_init ] --END-- [ RunTime:0.000000s ]

[ 2017-09-11T19:46:01+08:00 ] 127.0.0.1 /Admin/loan/carloan
INFO: [ app_init ] --START--
INFO: Run Behavior\BuildLiteBehavior [ RunTime:0.000000s ]
INFO: [ app_init ] --END-- [ RunTime:0.000000s ]

[ 2017-09-11T19:46:02+08:00 ] 127.0.0.1 /Admin/loan/listsloan
INFO: [ app_init ] --START--
INFO: Run Behavior\BuildLiteBehavior [ RunTime:0.000000s ]
INFO: [ app_init ] --END-- [ RunTime:0.000000s ]

[ 2017-09-11T19:46:04+08:00 ] 127.0.0.1 /Admin/Loan/Guwenlistsloan/lontype/single
INFO: [ app_init ] --START--
INFO: Run Behavior\BuildLiteBehavior [ RunTime:0.000000s ]
INFO: [ app_init ] --END-- [ RunTime:0.000000s ]

[ 2017-09-11T20:04:21+08:00 ] 127.0.0.1 /Admin/Loan/Guwenlistsloans/loan_id/28
INFO: [ app_init ] --START--
INFO: Run Behavior\BuildLiteBehavior [ RunTime:0.000000s ]
INFO: [ app_init ] --END-- [ RunTime:0.000000s ]

[ 2017-09-11T20:04:22+08:00 ] 127.0.0.1 /Admin/Loan/Guwenlistsloans/loan_id/__IMAGE__/kqmy.ico
INFO: [ app_init ] --START--
INFO: Run Behavior\BuildLiteBehavior [ RunTime:0.000000s ]
INFO: [ app_init ] --END-- [ RunTime:0.000500s ]

