[ 2017-09-02T10:29:44+08:00 ] 127.0.0.1 /admin
INFO: [ app_init ] --START--
INFO: Run Behavior\BuildLiteBehavior [ RunTime:0.000000s ]
INFO: [ app_init ] --END-- [ RunTime:0.001000s ]

[ 2017-09-02T10:29:44+08:00 ] 127.0.0.1 /Admin/User/login
INFO: [ app_init ] --START--
INFO: Run Behavior\BuildLiteBehavior [ RunTime:0.000000s ]
INFO: [ app_init ] --END-- [ RunTime:0.000000s ]

[ 2017-09-02T10:29:44+08:00 ] 127.0.0.1 /Admin/User/verify_c
INFO: [ app_init ] --START--
INFO: Run Behavior\BuildLiteBehavior [ RunTime:0.000000s ]
INFO: [ app_init ] --END-- [ RunTime:0.000000s ]

[ 2017-09-02T10:29:50+08:00 ] 127.0.0.1 /admin/User/checkloginajax
INFO: [ app_init ] --START--
INFO: Run Behavior\BuildLiteBehavior [ RunTime:0.000000s ]
INFO: [ app_init ] --END-- [ RunTime:0.001000s ]
INFO: [ app_begin ] --START--
INFO: Run Behavior\ReadHtmlCacheBehavior [ RunTime:0.000000s ]
INFO: [ app_begin ] --END-- [ RunTime:0.000000s ]
SQL: SHOW COLUMNS FROM `app_user` [ RunTime:0.0080s ]
SQL: SELECT * FROM `app_user` WHERE `username` = 'admin' AND `password` = 'e10adc3949ba59abbe56e057f20f883e'  [ RunTime:0.0060s ]
SQL: SHOW COLUMNS FROM `app_user` [ RunTime:0.0080s ]
SQL: UPDATE `app_user` SET `last_login`='1504319390' WHERE `id` = 1 [ RunTime:0.0060s ]

[ 2017-09-02T10:29:50+08:00 ] 127.0.0.1 /admin/Index/index
INFO: [ app_init ] --START--
INFO: Run Behavior\BuildLiteBehavior [ RunTime:0.000000s ]
INFO: [ app_init ] --END-- [ RunTime:0.000000s ]

[ 2017-09-02T10:29:50+08:00 ] 127.0.0.1 /admin/Index/__IMAGE__/kqmy.ico
INFO: [ app_init ] --START--
INFO: Run Behavior\BuildLiteBehavior [ RunTime:0.000000s ]
INFO: [ app_init ] --END-- [ RunTime:0.000000s ]

[ 2017-09-02T10:29:52+08:00 ] 127.0.0.1 /Admin/creditcard/index
INFO: [ app_init ] --START--
INFO: Run Behavior\BuildLiteBehavior [ RunTime:0.000000s ]
INFO: [ app_init ] --END-- [ RunTime:0.000000s ]

[ 2017-09-02T10:29:52+08:00 ] 127.0.0.1 /Admin/creditcard/__IMAGE__/kqmy.ico
INFO: [ app_init ] --START--
INFO: Run Behavior\BuildLiteBehavior [ RunTime:0.000000s ]
INFO: [ app_init ] --END-- [ RunTime:0.000000s ]

[ 2017-09-02T10:29:53+08:00 ] 127.0.0.1 /Admin/news/index
INFO: [ app_init ] --START--
INFO: Run Behavior\BuildLiteBehavior [ RunTime:0.000000s ]
INFO: [ app_init ] --END-- [ RunTime:0.001000s ]

[ 2017-09-02T10:29:53+08:00 ] 127.0.0.1 /Admin/news/__IMAGE__/kqmy.ico
INFO: [ app_init ] --START--
INFO: Run Behavior\BuildLiteBehavior [ RunTime:0.000000s ]
INFO: [ app_init ] --END-- [ RunTime:0.000000s ]

[ 2017-09-02T10:29:56+08:00 ] 127.0.0.1 /Admin/news/baikelist
INFO: [ app_init ] --START--
INFO: Run Behavior\BuildLiteBehavior [ RunTime:0.000000s ]
INFO: [ app_init ] --END-- [ RunTime:0.000000s ]

[ 2017-09-02T10:29:59+08:00 ] 127.0.0.1 /Admin/news/lifelist
INFO: [ app_init ] --START--
INFO: Run Behavior\BuildLiteBehavior [ RunTime:0.000000s ]
INFO: [ app_init ] --END-- [ RunTime:0.000000s ]

[ 2017-09-02T10:30:09+08:00 ] 127.0.0.1 /Admin/News/addNews
INFO: [ app_init ] --START--
INFO: Run Behavior\BuildLiteBehavior [ RunTime:0.000000s ]
INFO: [ app_init ] --END-- [ RunTime:0.001000s ]

[ 2017-09-02T10:30:14+08:00 ] 127.0.0.1 /Admin/News/__IMAGE__/kqmy.ico
INFO: [ app_init ] --START--
INFO: Run Behavior\BuildLiteBehavior [ RunTime:0.000000s ]
INFO: [ app_init ] --END-- [ RunTime:0.000000s ]

[ 2017-09-02T10:30:21+08:00 ] 127.0.0.1 /Admin/loan/listsloan
INFO: [ app_init ] --START--
INFO: Run Behavior\BuildLiteBehavior [ RunTime:0.000000s ]
INFO: [ app_init ] --END-- [ RunTime:0.001000s ]

[ 2017-09-02T10:30:21+08:00 ] 127.0.0.1 /Admin/loan/__IMAGE__/kqmy.ico
INFO: [ app_init ] --START--
INFO: Run Behavior\BuildLiteBehavior [ RunTime:0.000000s ]
INFO: [ app_init ] --END-- [ RunTime:0.001000s ]

[ 2017-09-02T10:30:33+08:00 ] 127.0.0.1 /Admin/news/index
INFO: [ app_init ] --START--
INFO: Run Behavior\BuildLiteBehavior [ RunTime:0.000000s ]
INFO: [ app_init ] --END-- [ RunTime:0.000000s ]

[ 2017-09-02T10:31:25+08:00 ] 127.0.0.1 /Admin/news/lifelist
INFO: [ app_init ] --START--
INFO: Run Behavior\BuildLiteBehavior [ RunTime:0.000000s ]
INFO: [ app_init ] --END-- [ RunTime:0.000000s ]

[ 2017-09-02T10:32:51+08:00 ] 127.0.0.1 /Admin/news/creditlist
INFO: [ app_init ] --START--
INFO: Run Behavior\BuildLiteBehavior [ RunTime:0.000000s ]
INFO: [ app_init ] --END-- [ RunTime:0.000000s ]

[ 2017-09-02T10:32:56+08:00 ] 127.0.0.1 /Admin/News/addNews
INFO: [ app_init ] --START--
INFO: Run Behavior\BuildLiteBehavior [ RunTime:0.000000s ]
INFO: [ app_init ] --END-- [ RunTime:0.001000s ]

[ 2017-09-02T10:32:58+08:00 ] 127.0.0.1 /Admin/news/carlist
INFO: [ app_init ] --START--
INFO: Run Behavior\BuildLiteBehavior [ RunTime:0.000000s ]
INFO: [ app_init ] --END-- [ RunTime:0.000000s ]

[ 2017-09-02T10:34:23+08:00 ] 127.0.0.1 /Admin/news/lifelist
INFO: [ app_init ] --START--
INFO: Run Behavior\BuildLiteBehavior [ RunTime:0.000000s ]
INFO: [ app_init ] --END-- [ RunTime:0.000000s ]

[ 2017-09-02T10:34:27+08:00 ] 127.0.0.1 /Admin/News/addNews
INFO: [ app_init ] --START--
INFO: Run Behavior\BuildLiteBehavior [ RunTime:0.001000s ]
INFO: [ app_init ] --END-- [ RunTime:0.001000s ]

[ 2017-09-02T10:37:18+08:00 ] 127.0.0.1 /Admin/news/creditlist
INFO: [ app_init ] --START--
INFO: Run Behavior\BuildLiteBehavior [ RunTime:0.000000s ]
INFO: [ app_init ] --END-- [ RunTime:0.000000s ]

[ 2017-09-02T10:37:21+08:00 ] 127.0.0.1 /Admin/news/carlist
INFO: [ app_init ] --START--
INFO: Run Behavior\BuildLiteBehavior [ RunTime:0.000000s ]
INFO: [ app_init ] --END-- [ RunTime:0.000000s ]

[ 2017-09-02T10:38:11+08:00 ] 127.0.0.1 /Admin/news/index
INFO: [ app_init ] --START--
INFO: Run Behavior\BuildLiteBehavior [ RunTime:0.000000s ]
INFO: [ app_init ] --END-- [ RunTime:0.001000s ]

[ 2017-09-02T10:38:55+08:00 ] 127.0.0.1 /Admin/news/personlist
INFO: [ app_init ] --START--
INFO: Run Behavior\BuildLiteBehavior [ RunTime:0.000000s ]
INFO: [ app_init ] --END-- [ RunTime:0.000000s ]

[ 2017-09-02T10:38:58+08:00 ] 127.0.0.1 /Admin/News/addNews
INFO: [ app_init ] --START--
INFO: Run Behavior\BuildLiteBehavior [ RunTime:0.000000s ]
INFO: [ app_init ] --END-- [ RunTime:0.000000s ]

[ 2017-09-02T10:39:08+08:00 ] 127.0.0.1 /Admin/news/creditlist
INFO: [ app_init ] --START--
INFO: Run Behavior\BuildLiteBehavior [ RunTime:0.000000s ]
INFO: [ app_init ] --END-- [ RunTime:0.000000s ]

[ 2017-09-02T10:39:12+08:00 ] 127.0.0.1 /Admin/News/addNews
INFO: [ app_init ] --START--
INFO: Run Behavior\BuildLiteBehavior [ RunTime:0.000000s ]
INFO: [ app_init ] --END-- [ RunTime:0.000000s ]

[ 2017-09-02T10:39:25+08:00 ] 127.0.0.1 /Admin/news/creditlist
INFO: [ app_init ] --START--
INFO: Run Behavior\BuildLiteBehavior [ RunTime:0.000000s ]
INFO: [ app_init ] --END-- [ RunTime:0.001000s ]

[ 2017-09-02T10:39:28+08:00 ] 127.0.0.1 /Admin/news/carlist
INFO: [ app_init ] --START--
INFO: Run Behavior\BuildLiteBehavior [ RunTime:0.000000s ]
INFO: [ app_init ] --END-- [ RunTime:0.001000s ]

[ 2017-09-02T10:41:45+08:00 ] 127.0.0.1 /Admin/news/carlist
INFO: [ app_init ] --START--
INFO: Run Behavior\BuildLiteBehavior [ RunTime:0.000000s ]
INFO: [ app_init ] --END-- [ RunTime:0.001000s ]

[ 2017-09-02T10:42:09+08:00 ] 127.0.0.1 /Admin/News/addNews
INFO: [ app_init ] --START--
INFO: Run Behavior\BuildLiteBehavior [ RunTime:0.000000s ]
INFO: [ app_init ] --END-- [ RunTime:0.001000s ]

[ 2017-09-02T10:42:30+08:00 ] 127.0.0.1 /Admin/news/lifelist
INFO: [ app_init ] --START--
INFO: Run Behavior\BuildLiteBehavior [ RunTime:0.000000s ]
INFO: [ app_init ] --END-- [ RunTime:0.001000s ]

[ 2017-09-02T10:42:35+08:00 ] 127.0.0.1 /Admin/News/addNews
INFO: [ app_init ] --START--
INFO: Run Behavior\BuildLiteBehavior [ RunTime:0.000000s ]
INFO: [ app_init ] --END-- [ RunTime:0.001000s ]

[ 2017-09-02T10:43:41+08:00 ] 127.0.0.1 /Admin/system/admin
INFO: [ app_init ] --START--
INFO: Run Behavior\BuildLiteBehavior [ RunTime:0.000000s ]
INFO: [ app_init ] --END-- [ RunTime:0.000000s ]

[ 2017-09-02T10:43:42+08:00 ] 127.0.0.1 /Admin/system/__IMAGE__/kqmy.ico
INFO: [ app_init ] --START--
INFO: Run Behavior\BuildLiteBehavior [ RunTime:0.000000s ]
INFO: [ app_init ] --END-- [ RunTime:0.001000s ]

[ 2017-09-02T10:43:46+08:00 ] 127.0.0.1 /Admin/system/nodelist
INFO: [ app_init ] --START--
INFO: Run Behavior\BuildLiteBehavior [ RunTime:0.000000s ]
INFO: [ app_init ] --END-- [ RunTime:0.000000s ]

[ 2017-09-02T10:44:23+08:00 ] 127.0.0.1 /Admin/news/index
INFO: [ app_init ] --START--
INFO: Run Behavior\BuildLiteBehavior [ RunTime:0.000000s ]
INFO: [ app_init ] --END-- [ RunTime:0.000000s ]

[ 2017-09-02T11:37:40+08:00 ] 127.0.0.1 /Admin/loan/listsloan
INFO: [ app_init ] --START--
INFO: Run Behavior\BuildLiteBehavior [ RunTime:0.000000s ]
INFO: [ app_init ] --END-- [ RunTime:0.001000s ]

[ 2017-09-02T11:39:52+08:00 ] 127.0.0.1 /Admin/news/index
INFO: [ app_init ] --START--
INFO: Run Behavior\BuildLiteBehavior [ RunTime:0.000000s ]
INFO: [ app_init ] --END-- [ RunTime:0.000000s ]

[ 2017-09-02T11:41:40+08:00 ] 127.0.0.1 /Admin/news/news
INFO: [ app_init ] --START--
INFO: Run Behavior\BuildLiteBehavior [ RunTime:0.000000s ]
INFO: [ app_init ] --END-- [ RunTime:0.000000s ]

[ 2017-09-02T11:41:46+08:00 ] 127.0.0.1 /Admin/News/addNews
INFO: [ app_init ] --START--
INFO: Run Behavior\BuildLiteBehavior [ RunTime:0.000000s ]
INFO: [ app_init ] --END-- [ RunTime:0.000000s ]

[ 2017-09-02T11:42:37+08:00 ] 127.0.0.1 /Admin/news/news
INFO: [ app_init ] --START--
INFO: Run Behavior\BuildLiteBehavior [ RunTime:0.000000s ]
INFO: [ app_init ] --END-- [ RunTime:0.001000s ]

[ 2017-09-02T11:42:40+08:00 ] 127.0.0.1 /Admin/News/addNews
INFO: [ app_init ] --START--
INFO: Run Behavior\BuildLiteBehavior [ RunTime:0.000000s ]
INFO: [ app_init ] --END-- [ RunTime:0.000000s ]

[ 2017-09-02T11:44:39+08:00 ] 127.0.0.1 /Admin/news/index
INFO: [ app_init ] --START--
INFO: Run Behavior\BuildLiteBehavior [ RunTime:0.000000s ]
INFO: [ app_init ] --END-- [ RunTime:0.000000s ]

[ 2017-09-02T11:44:50+08:00 ] 127.0.0.1 /Admin/news/news
INFO: [ app_init ] --START--
INFO: Run Behavior\BuildLiteBehavior [ RunTime:0.000000s ]
INFO: [ app_init ] --END-- [ RunTime:0.000000s ]

[ 2017-09-02T11:44:54+08:00 ] 127.0.0.1 /Admin/News/addNews
INFO: [ app_init ] --START--
INFO: Run Behavior\BuildLiteBehavior [ RunTime:0.000000s ]
INFO: [ app_init ] --END-- [ RunTime:0.001000s ]

[ 2017-09-02T11:45:05+08:00 ] 127.0.0.1 /Admin/news/personlist
INFO: [ app_init ] --START--
INFO: Run Behavior\BuildLiteBehavior [ RunTime:0.000000s ]
INFO: [ app_init ] --END-- [ RunTime:0.000000s ]

[ 2017-09-02T11:45:07+08:00 ] 127.0.0.1 /Admin/news/houselist
INFO: [ app_init ] --START--
INFO: Run Behavior\BuildLiteBehavior [ RunTime:0.000000s ]
INFO: [ app_init ] --END-- [ RunTime:0.000000s ]

[ 2017-09-02T11:45:12+08:00 ] 127.0.0.1 /Admin/News/addNews
INFO: [ app_init ] --START--
INFO: Run Behavior\BuildLiteBehavior [ RunTime:0.000000s ]
INFO: [ app_init ] --END-- [ RunTime:0.001000s ]

[ 2017-09-02T11:49:47+08:00 ] 127.0.0.1 /Admin/news/houselist
INFO: [ app_init ] --START--
INFO: Run Behavior\BuildLiteBehavior [ RunTime:0.000000s ]
INFO: [ app_init ] --END-- [ RunTime:0.000000s ]

[ 2017-09-02T13:39:52+08:00 ] 127.0.0.1 /Admin/news/personlist
INFO: [ app_init ] --START--
INFO: Run Behavior\BuildLiteBehavior [ RunTime:0.000000s ]
INFO: [ app_init ] --END-- [ RunTime:0.000000s ]

[ 2017-09-02T13:39:57+08:00 ] 127.0.0.1 /Admin/news/creditlist
INFO: [ app_init ] --START--
INFO: Run Behavior\BuildLiteBehavior [ RunTime:0.000000s ]
INFO: [ app_init ] --END-- [ RunTime:0.001000s ]

[ 2017-09-02T13:40:00+08:00 ] 127.0.0.1 /Admin/News/addNews
INFO: [ app_init ] --START--
INFO: Run Behavior\BuildLiteBehavior [ RunTime:0.000000s ]
INFO: [ app_init ] --END-- [ RunTime:0.001000s ]

[ 2017-09-02T13:42:26+08:00 ] 127.0.0.1 /Admin/news/index
INFO: [ app_init ] --START--
INFO: Run Behavior\BuildLiteBehavior [ RunTime:0.000000s ]
INFO: [ app_init ] --END-- [ RunTime:0.000000s ]

[ 2017-09-02T13:49:51+08:00 ] 127.0.0.1 /Admin/news/index
INFO: [ app_init ] --START--
INFO: Run Behavior\BuildLiteBehavior [ RunTime:0.000000s ]
INFO: [ app_init ] --END-- [ RunTime:0.000000s ]

[ 2017-09-02T13:51:27+08:00 ] 127.0.0.1 /Admin/news/index
INFO: [ app_init ] --START--
INFO: Run Behavior\BuildLiteBehavior [ RunTime:0.000000s ]
INFO: [ app_init ] --END-- [ RunTime:0.001000s ]

[ 2017-09-02T13:55:13+08:00 ] 127.0.0.1 /Admin/news/index
INFO: [ app_init ] --START--
INFO: Run Behavior\BuildLiteBehavior [ RunTime:0.000000s ]
INFO: [ app_init ] --END-- [ RunTime:0.000000s ]

[ 2017-09-02T13:55:22+08:00 ] 127.0.0.1 /Admin/News/index/p/2
INFO: [ app_init ] --START--
INFO: Run Behavior\BuildLiteBehavior [ RunTime:0.000000s ]
INFO: [ app_init ] --END-- [ RunTime:0.001000s ]

[ 2017-09-02T13:55:22+08:00 ] 127.0.0.1 /Admin/News/index/p/__IMAGE__/kqmy.ico
INFO: [ app_init ] --START--
INFO: Run Behavior\BuildLiteBehavior [ RunTime:0.000000s ]
INFO: [ app_init ] --END-- [ RunTime:0.000000s ]

[ 2017-09-02T13:55:34+08:00 ] 127.0.0.1 /Admin/News/index/p/2
INFO: [ app_init ] --START--
INFO: Run Behavior\BuildLiteBehavior [ RunTime:0.000000s ]
INFO: [ app_init ] --END-- [ RunTime:0.000000s ]

[ 2017-09-02T13:55:38+08:00 ] 127.0.0.1 /Admin/News/index/p/2
INFO: [ app_init ] --START--
INFO: Run Behavior\BuildLiteBehavior [ RunTime:0.000000s ]
INFO: [ app_init ] --END-- [ RunTime:0.000000s ]

[ 2017-09-02T13:55:40+08:00 ] 127.0.0.1 /Admin/News/index/p/2
INFO: [ app_init ] --START--
INFO: Run Behavior\BuildLiteBehavior [ RunTime:0.000000s ]
INFO: [ app_init ] --END-- [ RunTime:0.001000s ]

[ 2017-09-02T13:55:49+08:00 ] 127.0.0.1 /Admin/News/index/p/2
INFO: [ app_init ] --START--
INFO: Run Behavior\BuildLiteBehavior [ RunTime:0.000000s ]
INFO: [ app_init ] --END-- [ RunTime:0.000000s ]

[ 2017-09-02T13:56:43+08:00 ] 127.0.0.1 /Admin/News/index/p/2
INFO: [ app_init ] --START--
INFO: Run Behavior\BuildLiteBehavior [ RunTime:0.000000s ]
INFO: [ app_init ] --END-- [ RunTime:0.000000s ]

[ 2017-09-02T13:58:56+08:00 ] 127.0.0.1 /Admin/News/index/p/2
INFO: [ app_init ] --START--
INFO: Run Behavior\BuildLiteBehavior [ RunTime:0.000000s ]
INFO: [ app_init ] --END-- [ RunTime:0.001000s ]

[ 2017-09-02T14:01:35+08:00 ] 127.0.0.1 /Admin/News/index/p/3
INFO: [ app_init ] --START--
INFO: Run Behavior\BuildLiteBehavior [ RunTime:0.000000s ]
INFO: [ app_init ] --END-- [ RunTime:0.000000s ]

[ 2017-09-02T14:01:37+08:00 ] 127.0.0.1 /Admin/News/index/p/4
INFO: [ app_init ] --START--
INFO: Run Behavior\BuildLiteBehavior [ RunTime:0.000000s ]
INFO: [ app_init ] --END-- [ RunTime:0.000000s ]

[ 2017-09-02T14:01:39+08:00 ] 127.0.0.1 /Admin/News/index/p/1
INFO: [ app_init ] --START--
INFO: Run Behavior\BuildLiteBehavior [ RunTime:0.000000s ]
INFO: [ app_init ] --END-- [ RunTime:0.000000s ]

[ 2017-09-02T14:01:41+08:00 ] 127.0.0.1 /Admin/News/index/p/2
INFO: [ app_init ] --START--
INFO: Run Behavior\BuildLiteBehavior [ RunTime:0.000000s ]
INFO: [ app_init ] --END-- [ RunTime:0.000000s ]

[ 2017-09-02T14:01:43+08:00 ] 127.0.0.1 /Admin/News/index/p/1
INFO: [ app_init ] --START--
INFO: Run Behavior\BuildLiteBehavior [ RunTime:0.000000s ]
INFO: [ app_init ] --END-- [ RunTime:0.001000s ]

[ 2017-09-02T14:05:41+08:00 ] 127.0.0.1 /Admin/News/index/p/1
INFO: [ app_init ] --START--
INFO: Run Behavior\BuildLiteBehavior [ RunTime:0.000000s ]
INFO: [ app_init ] --END-- [ RunTime:0.001000s ]

[ 2017-09-02T14:05:43+08:00 ] 127.0.0.1 /Admin/News/index/p/1
INFO: [ app_init ] --START--
INFO: Run Behavior\BuildLiteBehavior [ RunTime:0.000000s ]
INFO: [ app_init ] --END-- [ RunTime:0.001000s ]

[ 2017-09-02T14:06:36+08:00 ] 127.0.0.1 /Admin/News/index/p/1
INFO: [ app_init ] --START--
INFO: Run Behavior\BuildLiteBehavior [ RunTime:0.000000s ]
INFO: [ app_init ] --END-- [ RunTime:0.000000s ]

[ 2017-09-02T14:09:05+08:00 ] 127.0.0.1 /Admin/News/index/p/1
INFO: [ app_init ] --START--
INFO: Run Behavior\BuildLiteBehavior [ RunTime:0.000000s ]
INFO: [ app_init ] --END-- [ RunTime:0.000000s ]

[ 2017-09-02T14:10:23+08:00 ] 127.0.0.1 /Admin/News/index/p/1
INFO: [ app_init ] --START--
INFO: Run Behavior\BuildLiteBehavior [ RunTime:0.000000s ]
INFO: [ app_init ] --END-- [ RunTime:0.001000s ]

[ 2017-09-02T14:10:24+08:00 ] 127.0.0.1 /Admin/News/index/p/1
INFO: [ app_init ] --START--
INFO: Run Behavior\BuildLiteBehavior [ RunTime:0.000000s ]
INFO: [ app_init ] --END-- [ RunTime:0.000000s ]

[ 2017-09-02T14:11:02+08:00 ] 127.0.0.1 /Admin/News/index/p/1
INFO: [ app_init ] --START--
INFO: Run Behavior\BuildLiteBehavior [ RunTime:0.000000s ]
INFO: [ app_init ] --END-- [ RunTime:0.000000s ]

[ 2017-09-02T14:16:37+08:00 ] 127.0.0.1 /Admin/news/personlist
INFO: [ app_init ] --START--
INFO: Run Behavior\BuildLiteBehavior [ RunTime:0.000000s ]
INFO: [ app_init ] --END-- [ RunTime:0.000000s ]

[ 2017-09-02T14:19:15+08:00 ] 127.0.0.1 /Admin/news/personlist
INFO: [ app_init ] --START--
INFO: Run Behavior\BuildLiteBehavior [ RunTime:0.000000s ]
INFO: [ app_init ] --END-- [ RunTime:0.000000s ]

[ 2017-09-02T14:19:17+08:00 ] 127.0.0.1 /Admin/news/personlist
INFO: [ app_init ] --START--
INFO: Run Behavior\BuildLiteBehavior [ RunTime:0.000000s ]
INFO: [ app_init ] --END-- [ RunTime:0.000000s ]

[ 2017-09-02T14:19:19+08:00 ] 127.0.0.1 /Admin/system/admin
INFO: [ app_init ] --START--
INFO: Run Behavior\BuildLiteBehavior [ RunTime:0.000000s ]
INFO: [ app_init ] --END-- [ RunTime:0.000000s ]

[ 2017-09-02T14:19:20+08:00 ] 127.0.0.1 /Admin/system/admin
INFO: [ app_init ] --START--
INFO: Run Behavior\BuildLiteBehavior [ RunTime:0.000000s ]
INFO: [ app_init ] --END-- [ RunTime:0.001000s ]

[ 2017-09-02T14:19:22+08:00 ] 127.0.0.1 /Admin/system/rolelist
INFO: [ app_init ] --START--
INFO: Run Behavior\BuildLiteBehavior [ RunTime:0.000000s ]
INFO: [ app_init ] --END-- [ RunTime:0.000000s ]

[ 2017-09-02T14:19:31+08:00 ] 127.0.0.1 /Admin/system/nodelist
INFO: [ app_init ] --START--
INFO: Run Behavior\BuildLiteBehavior [ RunTime:0.000000s ]
INFO: [ app_init ] --END-- [ RunTime:0.000000s ]

[ 2017-09-02T14:37:33+08:00 ] 127.0.0.1 /Admin/system/nodelist
INFO: [ app_init ] --START--
INFO: Run Behavior\BuildLiteBehavior [ RunTime:0.000000s ]
INFO: [ app_init ] --END-- [ RunTime:0.001000s ]

[ 2017-09-02T14:57:41+08:00 ] 127.0.0.1 /Admin/News/addNews
INFO: [ app_init ] --START--
INFO: Run Behavior\BuildLiteBehavior [ RunTime:0.000000s ]
INFO: [ app_init ] --END-- [ RunTime:0.001000s ]

[ 2017-09-02T14:57:59+08:00 ] 127.0.0.1 /Admin/news/news
INFO: [ app_init ] --START--
INFO: Run Behavior\BuildLiteBehavior [ RunTime:0.000000s ]
INFO: [ app_init ] --END-- [ RunTime:0.000000s ]

[ 2017-09-02T15:00:26+08:00 ] 127.0.0.1 /Admin/news/personlist
INFO: [ app_init ] --START--
INFO: Run Behavior\BuildLiteBehavior [ RunTime:0.000000s ]
INFO: [ app_init ] --END-- [ RunTime:0.000000s ]

[ 2017-09-02T15:05:30+08:00 ] 127.0.0.1 /Admin/news/index
INFO: [ app_init ] --START--
INFO: Run Behavior\BuildLiteBehavior [ RunTime:0.000000s ]
INFO: [ app_init ] --END-- [ RunTime:0.001000s ]

[ 2017-09-02T15:05:53+08:00 ] 127.0.0.1 /Admin/news/personlist
INFO: [ app_init ] --START--
INFO: Run Behavior\BuildLiteBehavior [ RunTime:0.000000s ]
INFO: [ app_init ] --END-- [ RunTime:0.000000s ]

[ 2017-09-02T15:20:06+08:00 ] 127.0.0.1 /Admin/news/personlist
INFO: [ app_init ] --START--
INFO: Run Behavior\BuildLiteBehavior [ RunTime:0.000000s ]
INFO: [ app_init ] --END-- [ RunTime:0.001000s ]

[ 2017-09-02T15:20:34+08:00 ] 127.0.0.1 /Admin/news/personlist
INFO: [ app_init ] --START--
INFO: Run Behavior\BuildLiteBehavior [ RunTime:0.000000s ]
INFO: [ app_init ] --END-- [ RunTime:0.001000s ]

[ 2017-09-02T15:21:05+08:00 ] 127.0.0.1 /Admin/news/personlist
INFO: [ app_init ] --START--
INFO: Run Behavior\BuildLiteBehavior [ RunTime:0.000000s ]
INFO: [ app_init ] --END-- [ RunTime:0.000000s ]

[ 2017-09-02T15:21:17+08:00 ] 127.0.0.1 /Admin/news/personlist
INFO: [ app_init ] --START--
INFO: Run Behavior\BuildLiteBehavior [ RunTime:0.000000s ]
INFO: [ app_init ] --END-- [ RunTime:0.001000s ]

[ 2017-09-02T15:22:10+08:00 ] 127.0.0.1 /Admin/news/personlist
INFO: [ app_init ] --START--
INFO: Run Behavior\BuildLiteBehavior [ RunTime:0.000000s ]
INFO: [ app_init ] --END-- [ RunTime:0.001000s ]

[ 2017-09-02T15:22:31+08:00 ] 127.0.0.1 /Admin/news/personlist
INFO: [ app_init ] --START--
INFO: Run Behavior\BuildLiteBehavior [ RunTime:0.000000s ]
INFO: [ app_init ] --END-- [ RunTime:0.000000s ]

[ 2017-09-02T15:24:16+08:00 ] 127.0.0.1 /Admin/news/index
INFO: [ app_init ] --START--
INFO: Run Behavior\BuildLiteBehavior [ RunTime:0.000000s ]
INFO: [ app_init ] --END-- [ RunTime:0.000000s ]

[ 2017-09-02T15:25:06+08:00 ] 127.0.0.1 /Admin/news/personlist
INFO: [ app_init ] --START--
INFO: Run Behavior\BuildLiteBehavior [ RunTime:0.000000s ]
INFO: [ app_init ] --END-- [ RunTime:0.000000s ]

[ 2017-09-02T15:25:29+08:00 ] 127.0.0.1 /Admin/news/personlist
INFO: [ app_init ] --START--
INFO: Run Behavior\BuildLiteBehavior [ RunTime:0.000000s ]
INFO: [ app_init ] --END-- [ RunTime:0.001000s ]

[ 2017-09-02T15:25:47+08:00 ] 127.0.0.1 /Admin/News/personlist/p/2
INFO: [ app_init ] --START--
INFO: Run Behavior\BuildLiteBehavior [ RunTime:0.000000s ]
INFO: [ app_init ] --END-- [ RunTime:0.001000s ]

[ 2017-09-02T15:25:52+08:00 ] 127.0.0.1 /Admin/News/personlist/p/__IMAGE__/kqmy.ico
INFO: [ app_init ] --START--
INFO: Run Behavior\BuildLiteBehavior [ RunTime:0.000000s ]
INFO: [ app_init ] --END-- [ RunTime:0.000000s ]

[ 2017-09-02T15:25:58+08:00 ] 127.0.0.1 /Admin/News/personlist/p/5
INFO: [ app_init ] --START--
INFO: Run Behavior\BuildLiteBehavior [ RunTime:0.000000s ]
INFO: [ app_init ] --END-- [ RunTime:0.000000s ]

[ 2017-09-02T15:26:08+08:00 ] 127.0.0.1 /Admin/News/personlist/p/1
INFO: [ app_init ] --START--
INFO: Run Behavior\BuildLiteBehavior [ RunTime:0.000000s ]
INFO: [ app_init ] --END-- [ RunTime:0.000000s ]

[ 2017-09-02T15:28:18+08:00 ] 127.0.0.1 /Admin/news/index
INFO: [ app_init ] --START--
INFO: Run Behavior\BuildLiteBehavior [ RunTime:0.000000s ]
INFO: [ app_init ] --END-- [ RunTime:0.000000s ]

[ 2017-09-02T15:30:05+08:00 ] 127.0.0.1 /Admin/news/news
INFO: [ app_init ] --START--
INFO: Run Behavior\BuildLiteBehavior [ RunTime:0.000000s ]
INFO: [ app_init ] --END-- [ RunTime:0.000000s ]

[ 2017-09-02T15:30:08+08:00 ] 127.0.0.1 /Admin/news/personlist
INFO: [ app_init ] --START--
INFO: Run Behavior\BuildLiteBehavior [ RunTime:0.000000s ]
INFO: [ app_init ] --END-- [ RunTime:0.000000s ]

[ 2017-09-02T15:53:44+08:00 ] 127.0.0.1 /Admin/news/index
INFO: [ app_init ] --START--
INFO: Run Behavior\BuildLiteBehavior [ RunTime:0.000000s ]
INFO: [ app_init ] --END-- [ RunTime:0.000000s ]

[ 2017-09-02T15:54:10+08:00 ] 127.0.0.1 /Admin/news/personlist
INFO: [ app_init ] --START--
INFO: Run Behavior\BuildLiteBehavior [ RunTime:0.000000s ]
INFO: [ app_init ] --END-- [ RunTime:0.000000s ]

[ 2017-09-02T16:02:13+08:00 ] 127.0.0.1 /Admin/news/personlist
INFO: [ app_init ] --START--
INFO: Run Behavior\BuildLiteBehavior [ RunTime:0.000000s ]
INFO: [ app_init ] --END-- [ RunTime:0.001000s ]

[ 2017-09-02T16:02:54+08:00 ] 127.0.0.1 /Admin/news/news
INFO: [ app_init ] --START--
INFO: Run Behavior\BuildLiteBehavior [ RunTime:0.000000s ]
INFO: [ app_init ] --END-- [ RunTime:0.001000s ]

[ 2017-09-02T16:03:36+08:00 ] 127.0.0.1 /Admin/news/news
INFO: [ app_init ] --START--
INFO: Run Behavior\BuildLiteBehavior [ RunTime:0.000000s ]
INFO: [ app_init ] --END-- [ RunTime:0.001000s ]

[ 2017-09-02T16:03:51+08:00 ] 127.0.0.1 /Admin/News/personList/cate_id
INFO: [ app_init ] --START--
INFO: Run Behavior\BuildLiteBehavior [ RunTime:0.000000s ]
INFO: [ app_init ] --END-- [ RunTime:0.000000s ]

[ 2017-09-02T16:03:59+08:00 ] 127.0.0.1 /Admin/News/personList/__IMAGE__/kqmy.ico
INFO: [ app_init ] --START--
INFO: Run Behavior\BuildLiteBehavior [ RunTime:0.000000s ]
INFO: [ app_init ] --END-- [ RunTime:0.000000s ]

[ 2017-09-02T16:04:03+08:00 ] 127.0.0.1 /Admin/news/news
INFO: [ app_init ] --START--
INFO: Run Behavior\BuildLiteBehavior [ RunTime:0.000000s ]
INFO: [ app_init ] --END-- [ RunTime:0.001000s ]

[ 2017-09-02T16:04:32+08:00 ] 127.0.0.1 /Admin/news/personlist
INFO: [ app_init ] --START--
INFO: Run Behavior\BuildLiteBehavior [ RunTime:0.000000s ]
INFO: [ app_init ] --END-- [ RunTime:0.001000s ]

[ 2017-09-02T16:05:10+08:00 ] 127.0.0.1 /Admin/news/personlist
INFO: [ app_init ] --START--
INFO: Run Behavior\BuildLiteBehavior [ RunTime:0.000000s ]
INFO: [ app_init ] --END-- [ RunTime:0.000000s ]

[ 2017-09-02T16:06:30+08:00 ] 127.0.0.1 /Admin/news/personlist
INFO: [ app_init ] --START--
INFO: Run Behavior\BuildLiteBehavior [ RunTime:0.000000s ]
INFO: [ app_init ] --END-- [ RunTime:0.001000s ]

[ 2017-09-02T16:08:11+08:00 ] 127.0.0.1 /Admin/News/addNews
INFO: [ app_init ] --START--
INFO: Run Behavior\BuildLiteBehavior [ RunTime:0.000000s ]
INFO: [ app_init ] --END-- [ RunTime:0.000000s ]

[ 2017-09-02T16:08:53+08:00 ] 127.0.0.1 /Admin/News/addNews
INFO: [ app_init ] --START--
INFO: Run Behavior\BuildLiteBehavior [ RunTime:0.000000s ]
INFO: [ app_init ] --END-- [ RunTime:0.000000s ]

[ 2017-09-02T16:08:57+08:00 ] 127.0.0.1 /Admin/news/personlist
INFO: [ app_init ] --START--
INFO: Run Behavior\BuildLiteBehavior [ RunTime:0.000000s ]
INFO: [ app_init ] --END-- [ RunTime:0.000000s ]

[ 2017-09-02T16:12:04+08:00 ] 127.0.0.1 /Admin/news/personlist
INFO: [ app_init ] --START--
INFO: Run Behavior\BuildLiteBehavior [ RunTime:0.000000s ]
INFO: [ app_init ] --END-- [ RunTime:0.000000s ]

[ 2017-09-02T16:12:25+08:00 ] 127.0.0.1 /Admin/news/personlist
INFO: [ app_init ] --START--
INFO: Run Behavior\BuildLiteBehavior [ RunTime:0.000000s ]
INFO: [ app_init ] --END-- [ RunTime:0.000000s ]

[ 2017-09-02T16:12:53+08:00 ] 127.0.0.1 /Admin/News/addNews/pid/59
INFO: [ app_init ] --START--
INFO: Run Behavior\BuildLiteBehavior [ RunTime:0.000000s ]
INFO: [ app_init ] --END-- [ RunTime:0.001000s ]

[ 2017-09-02T16:13:10+08:00 ] 127.0.0.1 /Admin/News/addNews/pid/__IMAGE__/kqmy.ico
INFO: [ app_init ] --START--
INFO: Run Behavior\BuildLiteBehavior [ RunTime:0.000000s ]
INFO: [ app_init ] --END-- [ RunTime:0.000000s ]

[ 2017-09-02T16:36:40+08:00 ] 127.0.0.1 /Admin/News/addNews/pid/59
INFO: [ app_init ] --START--
INFO: Run Behavior\BuildLiteBehavior [ RunTime:0.000000s ]
INFO: [ app_init ] --END-- [ RunTime:0.001000s ]

[ 2017-09-02T16:37:12+08:00 ] 127.0.0.1 /Admin/News/addNews/pid/59
INFO: [ app_init ] --START--
INFO: Run Behavior\BuildLiteBehavior [ RunTime:0.000000s ]
INFO: [ app_init ] --END-- [ RunTime:0.000000s ]

[ 2017-09-02T16:39:30+08:00 ] 127.0.0.1 /Admin/News/addNews/pid/59
INFO: [ app_init ] --START--
INFO: Run Behavior\BuildLiteBehavior [ RunTime:0.000000s ]
INFO: [ app_init ] --END-- [ RunTime:0.001000s ]

[ 2017-09-02T16:39:31+08:00 ] 127.0.0.1 /Admin/News/addNews/pid/59
INFO: [ app_init ] --START--
INFO: Run Behavior\BuildLiteBehavior [ RunTime:0.000000s ]
INFO: [ app_init ] --END-- [ RunTime:0.000000s ]

[ 2017-09-02T16:39:31+08:00 ] 127.0.0.1 /Admin/News/addNews/pid/59
INFO: [ app_init ] --START--
INFO: Run Behavior\BuildLiteBehavior [ RunTime:0.000000s ]
INFO: [ app_init ] --END-- [ RunTime:0.001000s ]

[ 2017-09-02T16:41:48+08:00 ] 127.0.0.1 /Admin/News/addNews/pid/59
INFO: [ app_init ] --START--
INFO: Run Behavior\BuildLiteBehavior [ RunTime:0.000000s ]
INFO: [ app_init ] --END-- [ RunTime:0.001000s ]

[ 2017-09-02T16:41:59+08:00 ] 127.0.0.1 /Admin/news/news
INFO: [ app_init ] --START--
INFO: Run Behavior\BuildLiteBehavior [ RunTime:0.000000s ]
INFO: [ app_init ] --END-- [ RunTime:0.001000s ]

[ 2017-09-02T16:42:28+08:00 ] 127.0.0.1 /Admin/news/houselist
INFO: [ app_init ] --START--
INFO: Run Behavior\BuildLiteBehavior [ RunTime:0.000000s ]
INFO: [ app_init ] --END-- [ RunTime:0.001000s ]

[ 2017-09-02T16:43:26+08:00 ] 127.0.0.1 /Admin/news/news
INFO: [ app_init ] --START--
INFO: Run Behavior\BuildLiteBehavior [ RunTime:0.000000s ]
INFO: [ app_init ] --END-- [ RunTime:0.000000s ]

[ 2017-09-02T16:43:38+08:00 ] 127.0.0.1 /Admin/news/index
INFO: [ app_init ] --START--
INFO: Run Behavior\BuildLiteBehavior [ RunTime:0.000000s ]
INFO: [ app_init ] --END-- [ RunTime:0.000000s ]

[ 2017-09-02T16:44:22+08:00 ] 127.0.0.1 /Admin/news/personlist
INFO: [ app_init ] --START--
INFO: Run Behavior\BuildLiteBehavior [ RunTime:0.000000s ]
INFO: [ app_init ] --END-- [ RunTime:0.000000s ]

[ 2017-09-02T16:47:23+08:00 ] 127.0.0.1 /Admin/news/houselist
INFO: [ app_init ] --START--
INFO: Run Behavior\BuildLiteBehavior [ RunTime:0.000000s ]
INFO: [ app_init ] --END-- [ RunTime:0.000000s ]

[ 2017-09-02T16:48:37+08:00 ] 127.0.0.1 /Admin/news/houselist
INFO: [ app_init ] --START--
INFO: Run Behavior\BuildLiteBehavior [ RunTime:0.000000s ]
INFO: [ app_init ] --END-- [ RunTime:0.001000s ]

[ 2017-09-02T16:50:06+08:00 ] 127.0.0.1 /Admin/News/personList?classname=32&name=
INFO: [ app_init ] --START--
INFO: Run Behavior\BuildLiteBehavior [ RunTime:0.000000s ]
INFO: [ app_init ] --END-- [ RunTime:0.000000s ]

[ 2017-09-02T16:50:15+08:00 ] 127.0.0.1 /Admin/news/houselist
INFO: [ app_init ] --START--
INFO: Run Behavior\BuildLiteBehavior [ RunTime:0.000000s ]
INFO: [ app_init ] --END-- [ RunTime:0.000000s ]

[ 2017-09-02T16:50:27+08:00 ] 127.0.0.1 /Admin/news/houselist
INFO: [ app_init ] --START--
INFO: Run Behavior\BuildLiteBehavior [ RunTime:0.000000s ]
INFO: [ app_init ] --END-- [ RunTime:0.000000s ]

[ 2017-09-02T16:50:45+08:00 ] 127.0.0.1 /Admin/news/houselist
INFO: [ app_init ] --START--
INFO: Run Behavior\BuildLiteBehavior [ RunTime:0.000000s ]
INFO: [ app_init ] --END-- [ RunTime:0.000000s ]

[ 2017-09-02T16:51:03+08:00 ] 127.0.0.1 /Admin/News/houseList?classname=31&name=
INFO: [ app_init ] --START--
INFO: Run Behavior\BuildLiteBehavior [ RunTime:0.000000s ]
INFO: [ app_init ] --END-- [ RunTime:0.000000s ]

[ 2017-09-02T16:52:30+08:00 ] 127.0.0.1 /Admin/News/houseList?classname=31&name=
INFO: [ app_init ] --START--
INFO: Run Behavior\BuildLiteBehavior [ RunTime:0.000000s ]
INFO: [ app_init ] --END-- [ RunTime:0.000000s ]

[ 2017-09-02T16:53:41+08:00 ] 127.0.0.1 /Admin/News/houseList?classname=31&name=
INFO: [ app_init ] --START--
INFO: Run Behavior\BuildLiteBehavior [ RunTime:0.000000s ]
INFO: [ app_init ] --END-- [ RunTime:0.001000s ]

[ 2017-09-02T16:54:25+08:00 ] 127.0.0.1 /Admin/News/houseList?classname=31&name=
INFO: [ app_init ] --START--
INFO: Run Behavior\BuildLiteBehavior [ RunTime:0.000000s ]
INFO: [ app_init ] --END-- [ RunTime:0.001000s ]

[ 2017-09-02T16:54:42+08:00 ] 127.0.0.1 /Admin/News/houseList?classname=31&name=%E6%98%AF%E7%9A%84%E9%A3%8E%E6%A0%BC%E7%9A%84%E5%8F%8C%E6%96%B9%E5%90%84
INFO: [ app_init ] --START--
INFO: Run Behavior\BuildLiteBehavior [ RunTime:0.000000s ]
INFO: [ app_init ] --END-- [ RunTime:0.001000s ]

[ 2017-09-02T16:54:53+08:00 ] 127.0.0.1 /Admin/News/addNews/id/632
INFO: [ app_init ] --START--
INFO: Run Behavior\BuildLiteBehavior [ RunTime:0.000000s ]
INFO: [ app_init ] --END-- [ RunTime:0.000000s ]

[ 2017-09-02T16:55:32+08:00 ] 127.0.0.1 /Admin/News/houseList?classname=31&name=%E6%98%AF%E7%9A%84%E9%A3%8E%E6%A0%BC%E7%9A%84%E5%8F%8C%E6%96%B9%E5%90%84
INFO: [ app_init ] --START--
INFO: Run Behavior\BuildLiteBehavior [ RunTime:0.000000s ]
INFO: [ app_init ] --END-- [ RunTime:0.001000s ]

[ 2017-09-02T16:55:43+08:00 ] 127.0.0.1 /Admin/News/addNews/pid/29/id/Arrayid
INFO: [ app_init ] --START--
INFO: Run Behavior\BuildLiteBehavior [ RunTime:0.000000s ]
INFO: [ app_init ] --END-- [ RunTime:0.001000s ]

[ 2017-09-02T16:55:50+08:00 ] 127.0.0.1 /Admin/News/addNews/pid/29/id/__IMAGE__/kqmy.ico
INFO: [ app_init ] --START--
INFO: Run Behavior\BuildLiteBehavior [ RunTime:0.000000s ]
INFO: [ app_init ] --END-- [ RunTime:0.001000s ]

[ 2017-09-02T16:55:54+08:00 ] 127.0.0.1 /Admin/News/addNews/pid/29/id/Arrayid
INFO: [ app_init ] --START--
INFO: Run Behavior\BuildLiteBehavior [ RunTime:0.000000s ]
INFO: [ app_init ] --END-- [ RunTime:0.001000s ]

[ 2017-09-02T16:55:57+08:00 ] 127.0.0.1 /Admin/news/houselist
INFO: [ app_init ] --START--
INFO: Run Behavior\BuildLiteBehavior [ RunTime:0.000000s ]
INFO: [ app_init ] --END-- [ RunTime:0.001000s ]

[ 2017-09-02T16:56:02+08:00 ] 127.0.0.1 /Admin/News/houseList?classname=31&name=%E6%98%AF%E7%9A%84%E9%A3%8E%E6%A0%BC%E7%9A%84%E5%8F%8C%E6%96%B9%E5%90%84
INFO: [ app_init ] --START--
INFO: Run Behavior\BuildLiteBehavior [ RunTime:0.000000s ]
INFO: [ app_init ] --END-- [ RunTime:0.000000s ]

[ 2017-09-02T16:56:38+08:00 ] 127.0.0.1 /Admin/News/addNews/pid/29/id/632
INFO: [ app_init ] --START--
INFO: Run Behavior\BuildLiteBehavior [ RunTime:0.000000s ]
INFO: [ app_init ] --END-- [ RunTime:0.001000s ]

[ 2017-09-02T16:57:28+08:00 ] 127.0.0.1 /Admin/News/addNews/pid/29/id/632
INFO: [ app_init ] --START--
INFO: Run Behavior\BuildLiteBehavior [ RunTime:0.000000s ]
INFO: [ app_init ] --END-- [ RunTime:0.000000s ]

[ 2017-09-02T16:58:20+08:00 ] 127.0.0.1 /Admin/News/addNews/pid/29/id/632
INFO: [ app_init ] --START--
INFO: Run Behavior\BuildLiteBehavior [ RunTime:0.000000s ]
INFO: [ app_init ] --END-- [ RunTime:0.000000s ]

[ 2017-09-02T17:03:53+08:00 ] 127.0.0.1 /Admin/News/addNews/pid/29/id/632
INFO: [ app_init ] --START--
INFO: Run Behavior\BuildLiteBehavior [ RunTime:0.000000s ]
INFO: [ app_init ] --END-- [ RunTime:0.000000s ]

[ 2017-09-02T17:03:55+08:00 ] 127.0.0.1 /Admin/News/addNews/pid/29/id/632
INFO: [ app_init ] --START--
INFO: Run Behavior\BuildLiteBehavior [ RunTime:0.000000s ]
INFO: [ app_init ] --END-- [ RunTime:0.000000s ]

[ 2017-09-02T17:04:59+08:00 ] 127.0.0.1 /Admin/News/addNews/pid/29/id/632
INFO: [ app_init ] --START--
INFO: Run Behavior\BuildLiteBehavior [ RunTime:0.000000s ]
INFO: [ app_init ] --END-- [ RunTime:0.000000s ]

[ 2017-09-02T17:07:12+08:00 ] 127.0.0.1 /Admin/news/carlist
INFO: [ app_init ] --START--
INFO: Run Behavior\BuildLiteBehavior [ RunTime:0.000000s ]
INFO: [ app_init ] --END-- [ RunTime:0.001000s ]

[ 2017-09-02T17:13:15+08:00 ] 127.0.0.1 /Admin/news/houselist
INFO: [ app_init ] --START--
INFO: Run Behavior\BuildLiteBehavior [ RunTime:0.000000s ]
INFO: [ app_init ] --END-- [ RunTime:0.000000s ]

[ 2017-09-02T17:15:35+08:00 ] 127.0.0.1 /Admin/news/creditlist
INFO: [ app_init ] --START--
INFO: Run Behavior\BuildLiteBehavior [ RunTime:0.000000s ]
INFO: [ app_init ] --END-- [ RunTime:0.000000s ]

[ 2017-09-02T17:33:35+08:00 ] 127.0.0.1 /Admin/news/index
INFO: [ app_init ] --START--
INFO: Run Behavior\BuildLiteBehavior [ RunTime:0.000000s ]
INFO: [ app_init ] --END-- [ RunTime:0.000000s ]

[ 2017-09-02T17:33:38+08:00 ] 127.0.0.1 /Admin/News/index/p/2
INFO: [ app_init ] --START--
INFO: Run Behavior\BuildLiteBehavior [ RunTime:0.000000s ]
INFO: [ app_init ] --END-- [ RunTime:0.001000s ]

[ 2017-09-02T17:33:57+08:00 ] 127.0.0.1 /Admin/News/editCate
INFO: [ app_init ] --START--
INFO: Run Behavior\BuildLiteBehavior [ RunTime:0.000000s ]
INFO: [ app_init ] --END-- [ RunTime:0.001000s ]
INFO: [ app_begin ] --START--
INFO: Run Behavior\ReadHtmlCacheBehavior [ RunTime:0.001000s ]
INFO: [ app_begin ] --END-- [ RunTime:0.001000s ]
SQL: SHOW COLUMNS FROM `app_user` [ RunTime:0.0080s ]
SQL: SELECT `cate` FROM `app_user` WHERE `id` = 1 LIMIT 1   [ RunTime:0.0050s ]
SQL: SHOW COLUMNS FROM `app_admin_cate` [ RunTime:0.0070s ]
SQL: SELECT `module` FROM `app_admin_cate` WHERE `id` = 1 LIMIT 1   [ RunTime:0.0060s ]
SQL: SHOW COLUMNS FROM `app_admin_node` [ RunTime:0.0070s ]
SQL: SELECT * FROM `app_admin_node` WHERE `level` = 4 AND `controller` = 'news' AND `action` = 'editcate' AND `id` IN ('23','24','25','26','200','168','142','498','435','436','437','438','410','411','412','29','30','31','32','33','34','35','36','37','38','39','165','166','167','440','444','441','442','443','445','446','447','176','177','186','185','180','178','182','181','179','183','274','275','276','277','278','279','280','283','287','290','309','319','323','324','331','60','61','62','63','64','65','67','68','69','458','459','460','461','70','71','72','73','74','75','87','88','89','90','91','92','93','94','95','96','97','98','198','199','189','188','143','144','145','428','499','500','217','218','219','220','377','378','381','382','384','379','385','380','386','404','405','406','407','408','506','358','361','362','364','357','359','360','363','508','509','510','511','273','281','282','284','285','286','288','289','291','292','293','462','505','299','302','300','301','303','304','305','306','307','308','310','311','313','314','315','316','317','318','320','321','322','325','326','327','328','329','330','338','339','340','341','345','429','430','431','432','201','202','203','204','205','206','207','208','209','210','211','212','214','215','216','387','398','388','400','389','401','390','402','391','399','392','397','393','403','394','396','269','270','271','272','413','414','415','416','417','418','419','420','421','422','423','261','262','263','264','265','266','267','268','451','453','482','471','472','474','475','476','477','473','478','479','480','481','483','484','486','488','489','490','491','492','493','494','487','495','496','497','1','2','3','7','8','20','4','5','6','9','10','15','16','17','18','19','21','11','12','13','14','22') ORDER BY level desc LIMIT 1   [ RunTime:0.0070s ]
SQL: SELECT `action` FROM `app_admin_node` WHERE `id` = 203 LIMIT 1   [ RunTime:0.0060s ]
SQL: SELECT `action` FROM `app_admin_node` WHERE `pid` = 202  [ RunTime:0.0050s ]
SQL: SELECT * FROM `app_admin_node` WHERE `level` = 1 AND `id` IN ('23','24','25','26','200','168','142','498','435','436','437','438','410','411','412','29','30','31','32','33','34','35','36','37','38','39','165','166','167','440','444','441','442','443','445','446','447','176','177','186','185','180','178','182','181','179','183','274','275','276','277','278','279','280','283','287','290','309','319','323','324','331','60','61','62','63','64','65','67','68','69','458','459','460','461','70','71','72','73','74','75','87','88','89','90','91','92','93','94','95','96','97','98','198','199','189','188','143','144','145','428','499','500','217','218','219','220','377','378','381','382','384','379','385','380','386','404','405','406','407','408','506','358','361','362','364','357','359','360','363','508','509','510','511','273','281','282','284','285','286','288','289','291','292','293','462','505','299','302','300','301','303','304','305','306','307','308','310','311','313','314','315','316','317','318','320','321','322','325','326','327','328','329','330','338','339','340','341','345','429','430','431','432','201','202','203','204','205','206','207','208','209','210','211','212','214','215','216','387','398','388','400','389','401','390','402','391','399','392','397','393','403','394','396','269','270','271','272','413','414','415','416','417','418','419','420','421','422','423','261','262','263','264','265','266','267','268','451','453','482','471','472','474','475','476','477','473','478','479','480','481','483','484','486','488','489','490','491','492','493','494','487','495','496','497','1','2','3','7','8','20','4','5','6','9','10','15','16','17','18','19','21','11','12','13','14','22') ORDER BY sort asc  [ RunTime:0.0070s ]
SQL: SELECT * FROM `app_admin_node` WHERE `controller` = 'news' AND `action` = 'editcate' ORDER BY level desc LIMIT 1   [ RunTime:0.0060s ]
SQL: SELECT * FROM `app_admin_node` WHERE `id` IN ('23','24','25','26','200','168','142','498','435','436','437','438','410','411','412','29','30','31','32','33','34','35','36','37','38','39','165','166','167','440','444','441','442','443','445','446','447','176','177','186','185','180','178','182','181','179','183','274','275','276','277','278','279','280','283','287','290','309','319','323','324','331','60','61','62','63','64','65','67','68','69','458','459','460','461','70','71','72','73','74','75','87','88','89','90','91','92','93','94','95','96','97','98','198','199','189','188','143','144','145','428','499','500','217','218','219','220','377','378','381','382','384','379','385','380','386','404','405','406','407','408','506','358','361','362','364','357','359','360','363','508','509','510','511','273','281','282','284','285','286','288','289','291','292','293','462','505','299','302','300','301','303','304','305','306','307','308','310','311','313','314','315','316','317','318','320','321','322','325','326','327','328','329','330','338','339','340','341','345','429','430','431','432','201','202','203','204','205','206','207','208','209','210','211','212','214','215','216','387','398','388','400','389','401','390','402','391','399','392','397','393','403','394','396','269','270','271','272','413','414','415','416','417','418','419','420','421','422','423','261','262','263','264','265','266','267','268','451','453','482','471','472','474','475','476','477','473','478','479','480','481','483','484','486','488','489','490','491','492','493','494','487','495','496','497','1','2','3','7','8','20','4','5','6','9','10','15','16','17','18','19','21','11','12','13','14','22') AND `pid` = 201 ORDER BY sort asc  [ RunTime:0.0060s ]
SQL: SELECT * FROM `app_admin_node` WHERE `id` IN ('23','24','25','26','200','168','142','498','435','436','437','438','410','411','412','29','30','31','32','33','34','35','36','37','38','39','165','166','167','440','444','441','442','443','445','446','447','176','177','186','185','180','178','182','181','179','183','274','275','276','277','278','279','280','283','287','290','309','319','323','324','331','60','61','62','63','64','65','67','68','69','458','459','460','461','70','71','72','73','74','75','87','88','89','90','91','92','93','94','95','96','97','98','198','199','189','188','143','144','145','428','499','500','217','218','219','220','377','378','381','382','384','379','385','380','386','404','405','406','407','408','506','358','361','362','364','357','359','360','363','508','509','510','511','273','281','282','284','285','286','288','289','291','292','293','462','505','299','302','300','301','303','304','305','306','307','308','310','311','313','314','315','316','317','318','320','321','322','325','326','327','328','329','330','338','339','340','341','345','429','430','431','432','201','202','203','204','205','206','207','208','209','210','211','212','214','215','216','387','398','388','400','389','401','390','402','391','399','392','397','393','403','394','396','269','270','271','272','413','414','415','416','417','418','419','420','421','422','423','261','262','263','264','265','266','267','268','451','453','482','471','472','474','475','476','477','473','478','479','480','481','483','484','486','488','489','490','491','492','493','494','487','495','496','497','1','2','3','7','8','20','4','5','6','9','10','15','16','17','18','19','21','11','12','13','14','22') AND `pid` = 202 ORDER BY sort asc  [ RunTime:0.0070s ]
SQL: SELECT * FROM `app_admin_node` WHERE `id` IN ('23','24','25','26','200','168','142','498','435','436','437','438','410','411','412','29','30','31','32','33','34','35','36','37','38','39','165','166','167','440','444','441','442','443','445','446','447','176','177','186','185','180','178','182','181','179','183','274','275','276','277','278','279','280','283','287','290','309','319','323','324','331','60','61','62','63','64','65','67','68','69','458','459','460','461','70','71','72','73','74','75','87','88','89','90','91','92','93','94','95','96','97','98','198','199','189','188','143','144','145','428','499','500','217','218','219','220','377','378','381','382','384','379','385','380','386','404','405','406','407','408','506','358','361','362','364','357','359','360','363','508','509','510','511','273','281','282','284','285','286','288','289','291','292','293','462','505','299','302','300','301','303','304','305','306','307','308','310','311','313','314','315','316','317','318','320','321','322','325','326','327','328','329','330','338','339','340','341','345','429','430','431','432','201','202','203','204','205','206','207','208','209','210','211','212','214','215','216','387','398','388','400','389','401','390','402','391','399','392','397','393','403','394','396','269','270','271','272','413','414','415','416','417','418','419','420','421','422','423','261','262','263','264','265','266','267','268','451','453','482','471','472','474','475','476','477','473','478','479','480','481','483','484','486','488','489','490','491','492','493','494','487','495','496','497','1','2','3','7','8','20','4','5','6','9','10','15','16','17','18','19','21','11','12','13','14','22') AND `pid` = 208 ORDER BY sort asc  [ RunTime:0.0070s ]
SQL: SELECT `sort` FROM `app_admin_node` WHERE `id` = 201 LIMIT 1   [ RunTime:0.0050s ]
SQL: SHOW COLUMNS FROM `app_news_cate` [ RunTime:0.0080s ]
SQL: SELECT * FROM `app_news_cate` WHERE `classname` = '信用卡资讯' AND `pid` = 66 AND `id` <> '66' LIMIT 1   [ RunTime:0.0060s ]
SQL: SELECT `pid` FROM `app_news_cate` WHERE `id` = 66 LIMIT 1   [ RunTime:0.3010s ]

[ 2017-09-02T17:34:05+08:00 ] 127.0.0.1 /Admin/News/index/p/2
INFO: [ app_init ] --START--
INFO: Run Behavior\BuildLiteBehavior [ RunTime:0.000000s ]
INFO: [ app_init ] --END-- [ RunTime:0.000000s ]

[ 2017-09-02T17:39:43+08:00 ] 127.0.0.1 /Admin/news/creditlist
INFO: [ app_init ] --START--
INFO: Run Behavior\BuildLiteBehavior [ RunTime:0.000000s ]
INFO: [ app_init ] --END-- [ RunTime:0.000000s ]

[ 2017-09-02T17:39:50+08:00 ] 127.0.0.1 /Admin/News/creditlist/p/2
INFO: [ app_init ] --START--
INFO: Run Behavior\BuildLiteBehavior [ RunTime:0.000000s ]
INFO: [ app_init ] --END-- [ RunTime:0.000000s ]

[ 2017-09-02T17:39:51+08:00 ] 127.0.0.1 /Admin/News/creditlist/p/__IMAGE__/kqmy.ico
INFO: [ app_init ] --START--
INFO: Run Behavior\BuildLiteBehavior [ RunTime:0.000000s ]
INFO: [ app_init ] --END-- [ RunTime:0.000000s ]

[ 2017-09-02T17:41:42+08:00 ] 127.0.0.1 /Admin/news/lifelist
INFO: [ app_init ] --START--
INFO: Run Behavior\BuildLiteBehavior [ RunTime:0.000000s ]
INFO: [ app_init ] --END-- [ RunTime:0.000000s ]

[ 2017-09-02T17:42:28+08:00 ] 127.0.0.1 /Admin/news/index
INFO: [ app_init ] --START--
INFO: Run Behavior\BuildLiteBehavior [ RunTime:0.000000s ]
INFO: [ app_init ] --END-- [ RunTime:0.001000s ]

[ 2017-09-02T17:42:32+08:00 ] 127.0.0.1 /Admin/News/index/p/2
INFO: [ app_init ] --START--
INFO: Run Behavior\BuildLiteBehavior [ RunTime:0.000000s ]
INFO: [ app_init ] --END-- [ RunTime:0.000000s ]

[ 2017-09-02T17:42:36+08:00 ] 127.0.0.1 /Admin/News/index/p/3
INFO: [ app_init ] --START--
INFO: Run Behavior\BuildLiteBehavior [ RunTime:0.000000s ]
INFO: [ app_init ] --END-- [ RunTime:0.000000s ]

[ 2017-09-02T17:42:38+08:00 ] 127.0.0.1 /Admin/News/index/p/4
INFO: [ app_init ] --START--
INFO: Run Behavior\BuildLiteBehavior [ RunTime:0.000000s ]
INFO: [ app_init ] --END-- [ RunTime:0.000000s ]

[ 2017-09-02T17:42:40+08:00 ] 127.0.0.1 /Admin/News/index/p/1
INFO: [ app_init ] --START--
INFO: Run Behavior\BuildLiteBehavior [ RunTime:0.000000s ]
INFO: [ app_init ] --END-- [ RunTime:0.000000s ]

[ 2017-09-02T17:42:47+08:00 ] 127.0.0.1 /Admin/News/index/p/2
INFO: [ app_init ] --START--
INFO: Run Behavior\BuildLiteBehavior [ RunTime:0.000000s ]
INFO: [ app_init ] --END-- [ RunTime:0.001000s ]

[ 2017-09-02T17:49:22+08:00 ] 127.0.0.1 /Admin/loan/listsloan
INFO: [ app_init ] --START--
INFO: Run Behavior\BuildLiteBehavior [ RunTime:0.000000s ]
INFO: [ app_init ] --END-- [ RunTime:0.000000s ]

[ 2017-09-02T17:49:26+08:00 ] 127.0.0.1 /Admin/creditcard/index
INFO: [ app_init ] --START--
INFO: Run Behavior\BuildLiteBehavior [ RunTime:0.000000s ]
INFO: [ app_init ] --END-- [ RunTime:0.000000s ]

[ 2017-09-02T17:49:41+08:00 ] 127.0.0.1 /Admin/creditcard/favor
INFO: [ app_init ] --START--
INFO: Run Behavior\BuildLiteBehavior [ RunTime:0.000000s ]
INFO: [ app_init ] --END-- [ RunTime:0.001000s ]

[ 2017-09-02T17:49:55+08:00 ] 127.0.0.1 /Admin/creditcard/strategy
INFO: [ app_init ] --START--
INFO: Run Behavior\BuildLiteBehavior [ RunTime:0.000000s ]
INFO: [ app_init ] --END-- [ RunTime:0.001000s ]

[ 2017-09-02T17:50:10+08:00 ] 127.0.0.1 /Admin/Creditcard/strategy_add
INFO: [ app_init ] --START--
INFO: Run Behavior\BuildLiteBehavior [ RunTime:0.000000s ]
INFO: [ app_init ] --END-- [ RunTime:0.000000s ]

[ 2017-09-02T17:50:16+08:00 ] 127.0.0.1 /Admin/Creditcard/__IMAGE__/kqmy.ico
INFO: [ app_init ] --START--
INFO: Run Behavior\BuildLiteBehavior [ RunTime:0.000000s ]
INFO: [ app_init ] --END-- [ RunTime:0.000000s ]

[ 2017-09-02T17:50:44+08:00 ] 127.0.0.1 /Admin/news/index
INFO: [ app_init ] --START--
INFO: Run Behavior\BuildLiteBehavior [ RunTime:0.000000s ]
INFO: [ app_init ] --END-- [ RunTime:0.000000s ]

[ 2017-09-02T17:51:41+08:00 ] 127.0.0.1 /Admin/creditcard/index
INFO: [ app_init ] --START--
INFO: Run Behavior\BuildLiteBehavior [ RunTime:0.000000s ]
INFO: [ app_init ] --END-- [ RunTime:0.000000s ]

[ 2017-09-02T17:55:53+08:00 ] 127.0.0.1 /Admin/news/index
INFO: [ app_init ] --START--
INFO: Run Behavior\BuildLiteBehavior [ RunTime:0.000000s ]
INFO: [ app_init ] --END-- [ RunTime:0.000000s ]

[ 2017-09-02T17:55:57+08:00 ] 127.0.0.1 /Admin/creditcard/strategy
INFO: [ app_init ] --START--
INFO: Run Behavior\BuildLiteBehavior [ RunTime:0.000000s ]
INFO: [ app_init ] --END-- [ RunTime:0.000000s ]

[ 2017-09-02T17:56:30+08:00 ] 127.0.0.1 /Admin/news/index
INFO: [ app_init ] --START--
INFO: Run Behavior\BuildLiteBehavior [ RunTime:0.000000s ]
INFO: [ app_init ] --END-- [ RunTime:0.000000s ]

[ 2017-09-02T17:56:31+08:00 ] 127.0.0.1 /Admin/creditcard/strategy
INFO: [ app_init ] --START--
INFO: Run Behavior\BuildLiteBehavior [ RunTime:0.000000s ]
INFO: [ app_init ] --END-- [ RunTime:0.000000s ]

[ 2017-09-02T17:56:45+08:00 ] 127.0.0.1 /Admin/creditcard/strategy
INFO: [ app_init ] --START--
INFO: Run Behavior\BuildLiteBehavior [ RunTime:0.000000s ]
INFO: [ app_init ] --END-- [ RunTime:0.000000s ]

[ 2017-09-02T17:56:54+08:00 ] 127.0.0.1 /Admin/news/index
INFO: [ app_init ] --START--
INFO: Run Behavior\BuildLiteBehavior [ RunTime:0.000000s ]
INFO: [ app_init ] --END-- [ RunTime:0.000000s ]

[ 2017-09-02T17:57:06+08:00 ] 127.0.0.1 /Admin/news/index
INFO: [ app_init ] --START--
INFO: Run Behavior\BuildLiteBehavior [ RunTime:0.000000s ]
INFO: [ app_init ] --END-- [ RunTime:0.000000s ]

[ 2017-09-02T17:57:09+08:00 ] 127.0.0.1 /Admin/creditcard/index
INFO: [ app_init ] --START--
INFO: Run Behavior\BuildLiteBehavior [ RunTime:0.000000s ]
INFO: [ app_init ] --END-- [ RunTime:0.000000s ]

[ 2017-09-02T17:57:12+08:00 ] 127.0.0.1 /Admin/news/index
INFO: [ app_init ] --START--
INFO: Run Behavior\BuildLiteBehavior [ RunTime:0.000000s ]
INFO: [ app_init ] --END-- [ RunTime:0.000000s ]

[ 2017-09-02T17:57:43+08:00 ] 127.0.0.1 /Admin/news/index
INFO: [ app_init ] --START--
INFO: Run Behavior\BuildLiteBehavior [ RunTime:0.000000s ]
INFO: [ app_init ] --END-- [ RunTime:0.001000s ]

[ 2017-09-02T17:57:47+08:00 ] 127.0.0.1 /Admin/creditcard/strategy
INFO: [ app_init ] --START--
INFO: Run Behavior\BuildLiteBehavior [ RunTime:0.000000s ]
INFO: [ app_init ] --END-- [ RunTime:0.000000s ]

[ 2017-09-02T17:57:51+08:00 ] 127.0.0.1 /Admin/Creditcard/strategy_add
INFO: [ app_init ] --START--
INFO: Run Behavior\BuildLiteBehavior [ RunTime:0.000000s ]
INFO: [ app_init ] --END-- [ RunTime:0.001000s ]

[ 2017-09-02T17:57:56+08:00 ] 127.0.0.1 /Admin/news/index
INFO: [ app_init ] --START--
INFO: Run Behavior\BuildLiteBehavior [ RunTime:0.000000s ]
INFO: [ app_init ] --END-- [ RunTime:0.000000s ]

[ 2017-09-02T17:58:20+08:00 ] 127.0.0.1 /Admin/news/news
INFO: [ app_init ] --START--
INFO: Run Behavior\BuildLiteBehavior [ RunTime:0.000000s ]
INFO: [ app_init ] --END-- [ RunTime:0.000000s ]

[ 2017-09-02T17:58:28+08:00 ] 127.0.0.1 /Admin/news/personlist
INFO: [ app_init ] --START--
INFO: Run Behavior\BuildLiteBehavior [ RunTime:0.000000s ]
INFO: [ app_init ] --END-- [ RunTime:0.000000s ]

[ 2017-09-02T17:58:35+08:00 ] 127.0.0.1 /Admin/News/addNews/pid/59
INFO: [ app_init ] --START--
INFO: Run Behavior\BuildLiteBehavior [ RunTime:0.000000s ]
INFO: [ app_init ] --END-- [ RunTime:0.001000s ]

[ 2017-09-02T17:58:42+08:00 ] 127.0.0.1 /Admin/news/personlist
INFO: [ app_init ] --START--
INFO: Run Behavior\BuildLiteBehavior [ RunTime:0.000000s ]
INFO: [ app_init ] --END-- [ RunTime:0.001000s ]

[ 2017-09-02T17:58:51+08:00 ] 127.0.0.1 /Admin/news/houselist
INFO: [ app_init ] --START--
INFO: Run Behavior\BuildLiteBehavior [ RunTime:0.000000s ]
INFO: [ app_init ] --END-- [ RunTime:0.000000s ]

[ 2017-09-02T18:00:19+08:00 ] 127.0.0.1 /Admin/news/creditlist
INFO: [ app_init ] --START--
INFO: Run Behavior\BuildLiteBehavior [ RunTime:0.000000s ]
INFO: [ app_init ] --END-- [ RunTime:0.000000s ]

[ 2017-09-02T18:11:29+08:00 ] 127.0.0.1 /Admin/news/carlist
INFO: [ app_init ] --START--
INFO: Run Behavior\BuildLiteBehavior [ RunTime:0.000000s ]
INFO: [ app_init ] --END-- [ RunTime:0.000000s ]

[ 2017-09-02T18:11:34+08:00 ] 127.0.0.1 /Admin/news/houselist
INFO: [ app_init ] --START--
INFO: Run Behavior\BuildLiteBehavior [ RunTime:0.000000s ]
INFO: [ app_init ] --END-- [ RunTime:0.000000s ]

[ 2017-09-02T18:11:37+08:00 ] 127.0.0.1 /Admin/news/creditlist
INFO: [ app_init ] --START--
INFO: Run Behavior\BuildLiteBehavior [ RunTime:0.000000s ]
INFO: [ app_init ] --END-- [ RunTime:0.001000s ]

[ 2017-09-02T18:11:39+08:00 ] 127.0.0.1 /Admin/News/personList/cate_id
INFO: [ app_init ] --START--
INFO: Run Behavior\BuildLiteBehavior [ RunTime:0.000000s ]
INFO: [ app_init ] --END-- [ RunTime:0.001000s ]

[ 2017-09-02T18:11:43+08:00 ] 127.0.0.1 /Admin/news/creditlist
INFO: [ app_init ] --START--
INFO: Run Behavior\BuildLiteBehavior [ RunTime:0.000000s ]
INFO: [ app_init ] --END-- [ RunTime:0.000000s ]

[ 2017-09-02T18:12:00+08:00 ] 127.0.0.1 /Admin/news/houselist
INFO: [ app_init ] --START--
INFO: Run Behavior\BuildLiteBehavior [ RunTime:0.000000s ]
INFO: [ app_init ] --END-- [ RunTime:0.000000s ]

[ 2017-09-02T18:12:09+08:00 ] 127.0.0.1 /Admin/news/creditlist
INFO: [ app_init ] --START--
INFO: Run Behavior\BuildLiteBehavior [ RunTime:0.000000s ]
INFO: [ app_init ] --END-- [ RunTime:0.001000s ]

[ 2017-09-02T18:13:33+08:00 ] 127.0.0.1 /Admin/news/index
INFO: [ app_init ] --START--
INFO: Run Behavior\BuildLiteBehavior [ RunTime:0.000000s ]
INFO: [ app_init ] --END-- [ RunTime:0.000000s ]

[ 2017-09-02T18:14:24+08:00 ] 127.0.0.1 /Admin/news/index
INFO: [ app_init ] --START--
INFO: Run Behavior\BuildLiteBehavior [ RunTime:0.000000s ]
INFO: [ app_init ] --END-- [ RunTime:0.001000s ]

[ 2017-09-02T18:15:04+08:00 ] 127.0.0.1 /Admin/system/nodelist
INFO: [ app_init ] --START--
INFO: Run Behavior\BuildLiteBehavior [ RunTime:0.000000s ]
INFO: [ app_init ] --END-- [ RunTime:0.000000s ]

[ 2017-09-02T18:15:05+08:00 ] 127.0.0.1 /Admin/system/rolelist
INFO: [ app_init ] --START--
INFO: Run Behavior\BuildLiteBehavior [ RunTime:0.000000s ]
INFO: [ app_init ] --END-- [ RunTime:0.000000s ]

[ 2017-09-02T18:15:08+08:00 ] 127.0.0.1 /Admin/System/roleSet/id/1
INFO: [ app_init ] --START--
INFO: Run Behavior\BuildLiteBehavior [ RunTime:0.000000s ]
INFO: [ app_init ] --END-- [ RunTime:0.001000s ]

[ 2017-09-02T18:15:08+08:00 ] 127.0.0.1 /Admin/System/roleSet/id/__IMAGE__/kqmy.ico
INFO: [ app_init ] --START--
INFO: Run Behavior\BuildLiteBehavior [ RunTime:0.000000s ]
INFO: [ app_init ] --END-- [ RunTime:0.000000s ]

[ 2017-09-02T18:15:42+08:00 ] 127.0.0.1 /Admin/System/addRoleNode
INFO: [ app_init ] --START--
INFO: Run Behavior\BuildLiteBehavior [ RunTime:0.000000s ]
INFO: [ app_init ] --END-- [ RunTime:0.001000s ]
INFO: [ app_begin ] --START--
INFO: Run Behavior\ReadHtmlCacheBehavior [ RunTime:0.000000s ]
INFO: [ app_begin ] --END-- [ RunTime:0.000000s ]
SQL: SHOW COLUMNS FROM `app_user` [ RunTime:0.0080s ]
SQL: SELECT `cate` FROM `app_user` WHERE `id` = 1 LIMIT 1   [ RunTime:0.0060s ]
SQL: SHOW COLUMNS FROM `app_admin_cate` [ RunTime:0.0070s ]
SQL: SELECT `module` FROM `app_admin_cate` WHERE `id` = 1 LIMIT 1   [ RunTime:0.0050s ]
SQL: SHOW COLUMNS FROM `app_admin_node` [ RunTime:0.0080s ]
SQL: SELECT * FROM `app_admin_node` WHERE `level` = 4 AND `controller` = 'system' AND `action` = 'addrolenode' AND `id` IN ('23','24','25','26','200','168','142','498','435','436','437','438','410','411','412','29','30','31','32','33','34','35','36','37','38','39','165','166','167','440','444','441','442','443','445','446','447','176','177','186','185','180','178','182','181','179','183','274','275','276','277','278','279','280','283','287','290','309','319','323','324','331','60','61','62','63','64','65','67','68','69','458','459','460','461','70','71','72','73','74','75','87','88','89','90','91','92','93','94','95','96','97','98','198','199','189','188','143','144','145','428','499','500','217','218','219','220','377','378','381','382','384','379','385','380','386','404','405','406','407','408','506','358','361','362','364','357','359','360','363','508','509','510','511','273','281','282','284','285','286','288','289','291','292','293','462','505','299','302','300','301','303','304','305','306','307','308','310','311','313','314','315','316','317','318','320','321','322','325','326','327','328','329','330','338','339','340','341','345','429','430','431','432','201','202','203','204','205','206','207','208','209','210','211','212','214','215','216','387','398','388','400','389','401','390','402','391','399','392','397','393','403','394','396','269','270','271','272','413','414','415','416','417','418','419','420','421','422','423','261','262','263','264','265','266','267','268','451','453','482','471','472','474','475','476','477','473','478','479','480','481','483','484','486','488','489','490','491','492','493','494','487','495','496','497','1','2','3','7','8','20','4','5','6','9','10','15','16','17','18','19','21','11','12','13','14','22') ORDER BY level desc LIMIT 1   [ RunTime:0.0080s ]
SQL: SELECT `action` FROM `app_admin_node` WHERE `id` = 10 LIMIT 1   [ RunTime:0.0050s ]
SQL: SELECT `action` FROM `app_admin_node` WHERE `pid` = 9  [ RunTime:0.0060s ]
SQL: SELECT * FROM `app_admin_node` WHERE `level` = 1 AND `id` IN ('23','24','25','26','200','168','142','498','435','436','437','438','410','411','412','29','30','31','32','33','34','35','36','37','38','39','165','166','167','440','444','441','442','443','445','446','447','176','177','186','185','180','178','182','181','179','183','274','275','276','277','278','279','280','283','287','290','309','319','323','324','331','60','61','62','63','64','65','67','68','69','458','459','460','461','70','71','72','73','74','75','87','88','89','90','91','92','93','94','95','96','97','98','198','199','189','188','143','144','145','428','499','500','217','218','219','220','377','378','381','382','384','379','385','380','386','404','405','406','407','408','506','358','361','362','364','357','359','360','363','508','509','510','511','273','281','282','284','285','286','288','289','291','292','293','462','505','299','302','300','301','303','304','305','306','307','308','310','311','313','314','315','316','317','318','320','321','322','325','326','327','328','329','330','338','339','340','341','345','429','430','431','432','201','202','203','204','205','206','207','208','209','210','211','212','214','215','216','387','398','388','400','389','401','390','402','391','399','392','397','393','403','394','396','269','270','271','272','413','414','415','416','417','418','419','420','421','422','423','261','262','263','264','265','266','267','268','451','453','482','471','472','474','475','476','477','473','478','479','480','481','483','484','486','488','489','490','491','492','493','494','487','495','496','497','1','2','3','7','8','20','4','5','6','9','10','15','16','17','18','19','21','11','12','13','14','22') ORDER BY sort asc  [ RunTime:0.0070s ]
SQL: SELECT * FROM `app_admin_node` WHERE `controller` = 'system' AND `action` = 'addrolenode' ORDER BY level desc LIMIT 1   [ RunTime:0.0060s ]
SQL: SELECT * FROM `app_admin_node` WHERE `id` IN ('23','24','25','26','200','168','142','498','435','436','437','438','410','411','412','29','30','31','32','33','34','35','36','37','38','39','165','166','167','440','444','441','442','443','445','446','447','176','177','186','185','180','178','182','181','179','183','274','275','276','277','278','279','280','283','287','290','309','319','323','324','331','60','61','62','63','64','65','67','68','69','458','459','460','461','70','71','72','73','74','75','87','88','89','90','91','92','93','94','95','96','97','98','198','199','189','188','143','144','145','428','499','500','217','218','219','220','377','378','381','382','384','379','385','380','386','404','405','406','407','408','506','358','361','362','364','357','359','360','363','508','509','510','511','273','281','282','284','285','286','288','289','291','292','293','462','505','299','302','300','301','303','304','305','306','307','308','310','311','313','314','315','316','317','318','320','321','322','325','326','327','328','329','330','338','339','340','341','345','429','430','431','432','201','202','203','204','205','206','207','208','209','210','211','212','214','215','216','387','398','388','400','389','401','390','402','391','399','392','397','393','403','394','396','269','270','271','272','413','414','415','416','417','418','419','420','421','422','423','261','262','263','264','265','266','267','268','451','453','482','471','472','474','475','476','477','473','478','479','480','481','483','484','486','488','489','490','491','492','493','494','487','495','496','497','1','2','3','7','8','20','4','5','6','9','10','15','16','17','18','19','21','11','12','13','14','22') AND `pid` = 1 ORDER BY sort asc  [ RunTime:0.0060s ]
SQL: SELECT * FROM `app_admin_node` WHERE `id` IN ('23','24','25','26','200','168','142','498','435','436','437','438','410','411','412','29','30','31','32','33','34','35','36','37','38','39','165','166','167','440','444','441','442','443','445','446','447','176','177','186','185','180','178','182','181','179','183','274','275','276','277','278','279','280','283','287','290','309','319','323','324','331','60','61','62','63','64','65','67','68','69','458','459','460','461','70','71','72','73','74','75','87','88','89','90','91','92','93','94','95','96','97','98','198','199','189','188','143','144','145','428','499','500','217','218','219','220','377','378','381','382','384','379','385','380','386','404','405','406','407','408','506','358','361','362','364','357','359','360','363','508','509','510','511','273','281','282','284','285','286','288','289','291','292','293','462','505','299','302','300','301','303','304','305','306','307','308','310','311','313','314','315','316','317','318','320','321','322','325','326','327','328','329','330','338','339','340','341','345','429','430','431','432','201','202','203','204','205','206','207','208','209','210','211','212','214','215','216','387','398','388','400','389','401','390','402','391','399','392','397','393','403','394','396','269','270','271','272','413','414','415','416','417','418','419','420','421','422','423','261','262','263','264','265','266','267','268','451','453','482','471','472','474','475','476','477','473','478','479','480','481','483','484','486','488','489','490','491','492','493','494','487','495','496','497','1','2','3','7','8','20','4','5','6','9','10','15','16','17','18','19','21','11','12','13','14','22') AND `pid` = 2 ORDER BY sort asc  [ RunTime:0.0060s ]
SQL: SELECT * FROM `app_admin_node` WHERE `id` IN ('23','24','25','26','200','168','142','498','435','436','437','438','410','411','412','29','30','31','32','33','34','35','36','37','38','39','165','166','167','440','444','441','442','443','445','446','447','176','177','186','185','180','178','182','181','179','183','274','275','276','277','278','279','280','283','287','290','309','319','323','324','331','60','61','62','63','64','65','67','68','69','458','459','460','461','70','71','72','73','74','75','87','88','89','90','91','92','93','94','95','96','97','98','198','199','189','188','143','144','145','428','499','500','217','218','219','220','377','378','381','382','384','379','385','380','386','404','405','406','407','408','506','358','361','362','364','357','359','360','363','508','509','510','511','273','281','282','284','285','286','288','289','291','292','293','462','505','299','302','300','301','303','304','305','306','307','308','310','311','313','314','315','316','317','318','320','321','322','325','326','327','328','329','330','338','339','340','341','345','429','430','431','432','201','202','203','204','205','206','207','208','209','210','211','212','214','215','216','387','398','388','400','389','401','390','402','391','399','392','397','393','403','394','396','269','270','271','272','413','414','415','416','417','418','419','420','421','422','423','261','262','263','264','265','266','267','268','451','453','482','471','472','474','475','476','477','473','478','479','480','481','483','484','486','488','489','490','491','492','493','494','487','495','496','497','1','2','3','7','8','20','4','5','6','9','10','15','16','17','18','19','21','11','12','13','14','22') AND `pid` = 9 ORDER BY sort asc  [ RunTime:0.0060s ]
SQL: SELECT `sort` FROM `app_admin_node` WHERE `id` = 1 LIMIT 1   [ RunTime:0.0060s ]
SQL: UPDATE `app_admin_cate` SET `module`='23,24,25,26,200,168,142,498,435,436,437,438,410,411,412,29,30,31,32,33,34,35,36,37,38,39,165,166,167,440,444,441,442,443,445,446,447,176,177,186,185,180,178,182,181,179,183,274,275,276,277,278,279,280,283,287,290,309,319,323,324,331,60,61,62,63,64,65,67,68,69,458,459,460,461,70,71,72,73,74,75,87,88,89,90,91,92,93,94,95,96,97,98,198,199,189,188,143,144,145,428,499,500,217,218,219,220,377,378,381,382,384,379,385,380,386,404,405,406,407,408,506,358,361,362,364,357,359,360,363,508,509,510,511,273,281,282,284,285,286,288,289,291,292,293,462,505,299,302,300,301,303,304,305,306,307,308,310,311,313,314,315,316,317,318,320,321,322,325,338,339,340,341,345,429,430,431,432,201,202,203,204,205,206,207,208,387,398,388,400,389,401,390,402,391,399,392,397,393,403,394,396,326,327,328,329,330,269,270,271,272,413,414,415,416,417,418,419,420,421,422,423,261,262,263,264,265,266,267,268,451,453,482,471,472,474,475,476,477,473,478,479,480,481,483,484,486,488,489,490,491,492,493,494,487,495,496,497,1,2,3,7,8,20,4,5,6,9,10,15,16,17,18,19,21,11,12,13,14,22' WHERE `id` = 1 [ RunTime:0.0060s ]

[ 2017-09-02T18:15:43+08:00 ] 127.0.0.1 /Admin/System/roleSet/id/1
INFO: [ app_init ] --START--
INFO: Run Behavior\BuildLiteBehavior [ RunTime:0.000000s ]
INFO: [ app_init ] --END-- [ RunTime:0.000000s ]

[ 2017-09-02T18:16:02+08:00 ] 127.0.0.1 /Admin/System/addRoleNode
INFO: [ app_init ] --START--
INFO: Run Behavior\BuildLiteBehavior [ RunTime:0.000000s ]
INFO: [ app_init ] --END-- [ RunTime:0.000000s ]
INFO: [ app_begin ] --START--
INFO: Run Behavior\ReadHtmlCacheBehavior [ RunTime:0.000000s ]
INFO: [ app_begin ] --END-- [ RunTime:0.000000s ]
SQL: SHOW COLUMNS FROM `app_user` [ RunTime:0.0080s ]
SQL: SELECT `cate` FROM `app_user` WHERE `id` = 1 LIMIT 1   [ RunTime:0.0060s ]
SQL: SHOW COLUMNS FROM `app_admin_cate` [ RunTime:0.0070s ]
SQL: SELECT `module` FROM `app_admin_cate` WHERE `id` = 1 LIMIT 1   [ RunTime:0.0060s ]
SQL: SHOW COLUMNS FROM `app_admin_node` [ RunTime:0.0070s ]
SQL: SELECT * FROM `app_admin_node` WHERE `level` = 4 AND `controller` = 'system' AND `action` = 'addrolenode' AND `id` IN ('23','24','25','26','200','168','142','498','435','436','437','438','410','411','412','29','30','31','32','33','34','35','36','37','38','39','165','166','167','440','444','441','442','443','445','446','447','176','177','186','185','180','178','182','181','179','183','274','275','276','277','278','279','280','283','287','290','309','319','323','324','331','60','61','62','63','64','65','67','68','69','458','459','460','461','70','71','72','73','74','75','87','88','89','90','91','92','93','94','95','96','97','98','198','199','189','188','143','144','145','428','499','500','217','218','219','220','377','378','381','382','384','379','385','380','386','404','405','406','407','408','506','358','361','362','364','357','359','360','363','508','509','510','511','273','281','282','284','285','286','288','289','291','292','293','462','505','299','302','300','301','303','304','305','306','307','308','310','311','313','314','315','316','317','318','320','321','322','325','338','339','340','341','345','429','430','431','432','201','202','203','204','205','206','207','208','387','398','388','400','389','401','390','402','391','399','392','397','393','403','394','396','326','327','328','329','330','269','270','271','272','413','414','415','416','417','418','419','420','421','422','423','261','262','263','264','265','266','267','268','451','453','482','471','472','474','475','476','477','473','478','479','480','481','483','484','486','488','489','490','491','492','493','494','487','495','496','497','1','2','3','7','8','20','4','5','6','9','10','15','16','17','18','19','21','11','12','13','14','22') ORDER BY level desc LIMIT 1   [ RunTime:0.0070s ]
SQL: SELECT `action` FROM `app_admin_node` WHERE `id` = 10 LIMIT 1   [ RunTime:0.0060s ]
SQL: SELECT `action` FROM `app_admin_node` WHERE `pid` = 9  [ RunTime:0.0050s ]
SQL: SELECT * FROM `app_admin_node` WHERE `level` = 1 AND `id` IN ('23','24','25','26','200','168','142','498','435','436','437','438','410','411','412','29','30','31','32','33','34','35','36','37','38','39','165','166','167','440','444','441','442','443','445','446','447','176','177','186','185','180','178','182','181','179','183','274','275','276','277','278','279','280','283','287','290','309','319','323','324','331','60','61','62','63','64','65','67','68','69','458','459','460','461','70','71','72','73','74','75','87','88','89','90','91','92','93','94','95','96','97','98','198','199','189','188','143','144','145','428','499','500','217','218','219','220','377','378','381','382','384','379','385','380','386','404','405','406','407','408','506','358','361','362','364','357','359','360','363','508','509','510','511','273','281','282','284','285','286','288','289','291','292','293','462','505','299','302','300','301','303','304','305','306','307','308','310','311','313','314','315','316','317','318','320','321','322','325','338','339','340','341','345','429','430','431','432','201','202','203','204','205','206','207','208','387','398','388','400','389','401','390','402','391','399','392','397','393','403','394','396','326','327','328','329','330','269','270','271','272','413','414','415','416','417','418','419','420','421','422','423','261','262','263','264','265','266','267','268','451','453','482','471','472','474','475','476','477','473','478','479','480','481','483','484','486','488','489','490','491','492','493','494','487','495','496','497','1','2','3','7','8','20','4','5','6','9','10','15','16','17','18','19','21','11','12','13','14','22') ORDER BY sort asc  [ RunTime:0.0060s ]
SQL: SELECT * FROM `app_admin_node` WHERE `controller` = 'system' AND `action` = 'addrolenode' ORDER BY level desc LIMIT 1   [ RunTime:0.0060s ]
SQL: SELECT * FROM `app_admin_node` WHERE `id` IN ('23','24','25','26','200','168','142','498','435','436','437','438','410','411','412','29','30','31','32','33','34','35','36','37','38','39','165','166','167','440','444','441','442','443','445','446','447','176','177','186','185','180','178','182','181','179','183','274','275','276','277','278','279','280','283','287','290','309','319','323','324','331','60','61','62','63','64','65','67','68','69','458','459','460','461','70','71','72','73','74','75','87','88','89','90','91','92','93','94','95','96','97','98','198','199','189','188','143','144','145','428','499','500','217','218','219','220','377','378','381','382','384','379','385','380','386','404','405','406','407','408','506','358','361','362','364','357','359','360','363','508','509','510','511','273','281','282','284','285','286','288','289','291','292','293','462','505','299','302','300','301','303','304','305','306','307','308','310','311','313','314','315','316','317','318','320','321','322','325','338','339','340','341','345','429','430','431','432','201','202','203','204','205','206','207','208','387','398','388','400','389','401','390','402','391','399','392','397','393','403','394','396','326','327','328','329','330','269','270','271','272','413','414','415','416','417','418','419','420','421','422','423','261','262','263','264','265','266','267','268','451','453','482','471','472','474','475','476','477','473','478','479','480','481','483','484','486','488','489','490','491','492','493','494','487','495','496','497','1','2','3','7','8','20','4','5','6','9','10','15','16','17','18','19','21','11','12','13','14','22') AND `pid` = 1 ORDER BY sort asc  [ RunTime:0.0070s ]
SQL: SELECT * FROM `app_admin_node` WHERE `id` IN ('23','24','25','26','200','168','142','498','435','436','437','438','410','411','412','29','30','31','32','33','34','35','36','37','38','39','165','166','167','440','444','441','442','443','445','446','447','176','177','186','185','180','178','182','181','179','183','274','275','276','277','278','279','280','283','287','290','309','319','323','324','331','60','61','62','63','64','65','67','68','69','458','459','460','461','70','71','72','73','74','75','87','88','89','90','91','92','93','94','95','96','97','98','198','199','189','188','143','144','145','428','499','500','217','218','219','220','377','378','381','382','384','379','385','380','386','404','405','406','407','408','506','358','361','362','364','357','359','360','363','508','509','510','511','273','281','282','284','285','286','288','289','291','292','293','462','505','299','302','300','301','303','304','305','306','307','308','310','311','313','314','315','316','317','318','320','321','322','325','338','339','340','341','345','429','430','431','432','201','202','203','204','205','206','207','208','387','398','388','400','389','401','390','402','391','399','392','397','393','403','394','396','326','327','328','329','330','269','270','271','272','413','414','415','416','417','418','419','420','421','422','423','261','262','263','264','265','266','267','268','451','453','482','471','472','474','475','476','477','473','478','479','480','481','483','484','486','488','489','490','491','492','493','494','487','495','496','497','1','2','3','7','8','20','4','5','6','9','10','15','16','17','18','19','21','11','12','13','14','22') AND `pid` = 2 ORDER BY sort asc  [ RunTime:0.0070s ]
SQL: SELECT * FROM `app_admin_node` WHERE `id` IN ('23','24','25','26','200','168','142','498','435','436','437','438','410','411','412','29','30','31','32','33','34','35','36','37','38','39','165','166','167','440','444','441','442','443','445','446','447','176','177','186','185','180','178','182','181','179','183','274','275','276','277','278','279','280','283','287','290','309','319','323','324','331','60','61','62','63','64','65','67','68','69','458','459','460','461','70','71','72','73','74','75','87','88','89','90','91','92','93','94','95','96','97','98','198','199','189','188','143','144','145','428','499','500','217','218','219','220','377','378','381','382','384','379','385','380','386','404','405','406','407','408','506','358','361','362','364','357','359','360','363','508','509','510','511','273','281','282','284','285','286','288','289','291','292','293','462','505','299','302','300','301','303','304','305','306','307','308','310','311','313','314','315','316','317','318','320','321','322','325','338','339','340','341','345','429','430','431','432','201','202','203','204','205','206','207','208','387','398','388','400','389','401','390','402','391','399','392','397','393','403','394','396','326','327','328','329','330','269','270','271','272','413','414','415','416','417','418','419','420','421','422','423','261','262','263','264','265','266','267','268','451','453','482','471','472','474','475','476','477','473','478','479','480','481','483','484','486','488','489','490','491','492','493','494','487','495','496','497','1','2','3','7','8','20','4','5','6','9','10','15','16','17','18','19','21','11','12','13','14','22') AND `pid` = 9 ORDER BY sort asc  [ RunTime:0.0060s ]
SQL: SELECT `sort` FROM `app_admin_node` WHERE `id` = 1 LIMIT 1   [ RunTime:0.0050s ]
SQL: UPDATE `app_admin_cate` SET `module`='23,24,25,26,200,168,142,498,435,436,437,438,410,411,412,29,30,31,32,33,34,35,36,37,38,39,165,166,167,440,444,441,442,443,445,446,447,176,177,186,185,180,178,182,181,179,183,274,275,276,277,278,279,280,283,287,290,309,319,323,324,331,60,61,62,63,64,65,67,68,69,458,459,460,461,70,71,72,73,74,75,87,88,89,90,91,92,93,94,95,96,97,98,198,199,189,188,143,144,145,428,499,500,217,218,219,220,377,378,381,382,384,379,385,380,386,404,405,406,407,408,506,358,361,362,364,357,359,360,363,508,509,510,511,273,281,282,284,285,286,288,289,291,292,293,462,505,299,302,300,301,303,304,305,306,307,308,310,311,313,314,315,316,317,318,320,321,322,325,338,339,340,341,345,429,430,431,432,201,202,203,204,205,206,207,208,210,211,212,214,215,216,387,398,388,400,389,401,390,402,391,399,392,397,393,403,394,396,326,327,328,329,330,269,270,271,272,413,414,415,416,417,418,419,420,421,422,423,261,262,263,264,265,266,267,268,451,453,482,471,472,474,475,476,477,473,478,479,480,481,483,484,486,488,489,490,491,492,493,494,487,495,496,497,1,2,3,7,8,20,4,5,6,9,10,15,16,17,18,19,21,11,12,13,14,22' WHERE `id` = 1 [ RunTime:0.0060s ]

[ 2017-09-02T18:16:03+08:00 ] 127.0.0.1 /Admin/System/roleSet/id/1
INFO: [ app_init ] --START--
INFO: Run Behavior\BuildLiteBehavior [ RunTime:0.000000s ]
INFO: [ app_init ] --END-- [ RunTime:0.000000s ]

[ 2017-09-02T19:24:24+08:00 ] 127.0.0.1 /Admin/wwpay/index
INFO: [ app_init ] --START--
INFO: Run Behavior\BuildLiteBehavior [ RunTime:0.000000s ]
INFO: [ app_init ] --END-- [ RunTime:0.000000s ]

[ 2017-09-02T19:24:24+08:00 ] 127.0.0.1 /Admin/wwpay/__IMAGE__/kqmy.ico
INFO: [ app_init ] --START--
INFO: Run Behavior\BuildLiteBehavior [ RunTime:0.000000s ]
INFO: [ app_init ] --END-- [ RunTime:0.000000s ]

[ 2017-09-02T19:37:48+08:00 ] 127.0.0.1 /Admin/member/index
INFO: [ app_init ] --START--
INFO: Run Behavior\BuildLiteBehavior [ RunTime:0.000000s ]
INFO: [ app_init ] --END-- [ RunTime:0.000000s ]

[ 2017-09-02T19:37:48+08:00 ] 127.0.0.1 /Admin/member/__IMAGE__/kqmy.ico
INFO: [ app_init ] --START--
INFO: Run Behavior\BuildLiteBehavior [ RunTime:0.000000s ]
INFO: [ app_init ] --END-- [ RunTime:0.000000s ]

[ 2017-09-02T19:41:39+08:00 ] 127.0.0.1 /Admin/news/index
INFO: [ app_init ] --START--
INFO: Run Behavior\BuildLiteBehavior [ RunTime:0.000000s ]
INFO: [ app_init ] --END-- [ RunTime:0.000000s ]

[ 2017-09-02T19:41:42+08:00 ] 127.0.0.1 /Admin/creditcard/index
INFO: [ app_init ] --START--
INFO: Run Behavior\BuildLiteBehavior [ RunTime:0.000000s ]
INFO: [ app_init ] --END-- [ RunTime:0.000000s ]

[ 2017-09-02T19:41:43+08:00 ] 127.0.0.1 /Admin/news/index
INFO: [ app_init ] --START--
INFO: Run Behavior\BuildLiteBehavior [ RunTime:0.000000s ]
INFO: [ app_init ] --END-- [ RunTime:0.000000s ]

