[ 2017-12-18T14:20:52+08:00 ] 127.0.0.1 /Admin
INFO: [ app_init ] --START--
INFO: Run Behavior\BuildLiteBehavior [ RunTime:0.000000s ]
INFO: [ app_init ] --END-- [ RunTime:0.000000s ]

[ 2017-12-18T14:20:52+08:00 ] 127.0.0.1 /Admin/User/login
INFO: [ app_init ] --START--
INFO: Run Behavior\BuildLiteBehavior [ RunTime:0.000000s ]
INFO: [ app_init ] --END-- [ RunTime:0.001000s ]

[ 2017-12-18T14:20:52+08:00 ] 127.0.0.1 /Admin/User/verify_c
INFO: [ app_init ] --START--
INFO: Run Behavior\BuildLiteBehavior [ RunTime:0.000000s ]
INFO: [ app_init ] --END-- [ RunTime:0.020600s ]

[ 2017-12-18T14:21:57+08:00 ] 127.0.0.1 /admin/User/checkloginajax
INFO: [ app_init ] --START--
INFO: Run Behavior\BuildLiteBehavior [ RunTime:0.000000s ]
INFO: [ app_init ] --END-- [ RunTime:0.001000s ]
INFO: [ app_begin ] --START--
INFO: Run Behavior\ReadHtmlCacheBehavior [ RunTime:0.001000s ]
INFO: [ app_begin ] --END-- [ RunTime:0.001000s ]
SQL: SHOW COLUMNS FROM `app_user` [ RunTime:0.0000s ]
SQL: SELECT * FROM `app_user` WHERE `username` = 'admin' AND `password` = 'e10adc3949ba59abbe56e057f20f883e'  [ RunTime:0.0000s ]
SQL: SHOW COLUMNS FROM `app_user` [ RunTime:0.0156s ]
SQL: UPDATE `app_user` SET `last_login`='1513578117' WHERE `id` = 1 [ RunTime:0.0000s ]

[ 2017-12-18T14:21:57+08:00 ] 127.0.0.1 /admin/Index/index
INFO: [ app_init ] --START--
INFO: Run Behavior\BuildLiteBehavior [ RunTime:0.000000s ]
INFO: [ app_init ] --END-- [ RunTime:0.000000s ]

[ 2017-12-18T14:21:58+08:00 ] 127.0.0.1 /admin/Index/__IMAGE__/kqmy.ico
INFO: [ app_init ] --START--
INFO: Run Behavior\BuildLiteBehavior [ RunTime:0.000000s ]
INFO: [ app_init ] --END-- [ RunTime:0.000000s ]

[ 2017-12-18T14:35:57+08:00 ] 127.0.0.1 /admin/Index/__IMAGE__/kqmy.ico
INFO: [ app_init ] --START--
INFO: Run Behavior\BuildLiteBehavior [ RunTime:0.000000s ]
INFO: [ app_init ] --END-- [ RunTime:0.046800s ]

[ 2017-12-18T14:35:57+08:00 ] 127.0.0.1 /Admin/User/login
INFO: [ app_init ] --START--
INFO: Run Behavior\BuildLiteBehavior [ RunTime:0.000000s ]
INFO: [ app_init ] --END-- [ RunTime:0.046800s ]

[ 2017-12-18T14:35:57+08:00 ] 127.0.0.1 /Admin/User/verify_c
INFO: [ app_init ] --START--
INFO: Run Behavior\BuildLiteBehavior [ RunTime:0.000000s ]
INFO: [ app_init ] --END-- [ RunTime:0.001000s ]

[ 2017-12-18T14:37:36+08:00 ] 127.0.0.1 /admin/Index/__IMAGE__/kqmy.ico
INFO: [ app_init ] --START--
INFO: Run Behavior\BuildLiteBehavior [ RunTime:0.000000s ]
INFO: [ app_init ] --END-- [ RunTime:0.000000s ]

[ 2017-12-18T14:37:37+08:00 ] 127.0.0.1 /admin/Index/index
INFO: [ app_init ] --START--
INFO: Run Behavior\BuildLiteBehavior [ RunTime:0.000000s ]
INFO: [ app_init ] --END-- [ RunTime:0.000000s ]

[ 2017-12-18T14:37:37+08:00 ] 127.0.0.1 /admin/Index/__IMAGE__/kqmy.ico
INFO: [ app_init ] --START--
INFO: Run Behavior\BuildLiteBehavior [ RunTime:0.000000s ]
INFO: [ app_init ] --END-- [ RunTime:0.001000s ]

[ 2017-12-18T14:46:36+08:00 ] 127.0.0.1 /Admin/member/index
INFO: [ app_init ] --START--
INFO: Run Behavior\BuildLiteBehavior [ RunTime:0.000000s ]
INFO: [ app_init ] --END-- [ RunTime:0.001000s ]

[ 2017-12-18T14:46:36+08:00 ] 127.0.0.1 /Admin/member/__IMAGE__/kqmy.ico
INFO: [ app_init ] --START--
INFO: Run Behavior\BuildLiteBehavior [ RunTime:0.000000s ]
INFO: [ app_init ] --END-- [ RunTime:0.000000s ]

[ 2017-12-18T14:46:39+08:00 ] 127.0.0.1 /Admin/index/index
INFO: [ app_init ] --START--
INFO: Run Behavior\BuildLiteBehavior [ RunTime:0.000000s ]
INFO: [ app_init ] --END-- [ RunTime:0.000000s ]

[ 2017-12-18T14:46:39+08:00 ] 127.0.0.1 /Admin/index/__IMAGE__/kqmy.ico
INFO: [ app_init ] --START--
INFO: Run Behavior\BuildLiteBehavior [ RunTime:0.000000s ]
INFO: [ app_init ] --END-- [ RunTime:0.000000s ]

[ 2017-12-18T14:46:40+08:00 ] 127.0.0.1 /Admin/member/index
INFO: [ app_init ] --START--
INFO: Run Behavior\BuildLiteBehavior [ RunTime:0.000000s ]
INFO: [ app_init ] --END-- [ RunTime:0.000000s ]

[ 2017-12-18T14:46:40+08:00 ] 127.0.0.1 /Admin/index/index
INFO: [ app_init ] --START--
INFO: Run Behavior\BuildLiteBehavior [ RunTime:0.000000s ]
INFO: [ app_init ] --END-- [ RunTime:0.000000s ]

[ 2017-12-18T14:47:31+08:00 ] 127.0.0.1 /Admin/index/index
INFO: [ app_init ] --START--
INFO: Run Behavior\BuildLiteBehavior [ RunTime:0.000000s ]
INFO: [ app_init ] --END-- [ RunTime:0.000000s ]

[ 2017-12-18T14:47:32+08:00 ] 127.0.0.1 /Admin/member/index
INFO: [ app_init ] --START--
INFO: Run Behavior\BuildLiteBehavior [ RunTime:0.000000s ]
INFO: [ app_init ] --END-- [ RunTime:0.000000s ]

[ 2017-12-18T14:47:33+08:00 ] 127.0.0.1 /Admin/index/index
INFO: [ app_init ] --START--
INFO: Run Behavior\BuildLiteBehavior [ RunTime:0.000000s ]
INFO: [ app_init ] --END-- [ RunTime:0.000000s ]

[ 2017-12-18T14:47:35+08:00 ] 127.0.0.1 /Admin/index/message
INFO: [ app_init ] --START--
INFO: Run Behavior\BuildLiteBehavior [ RunTime:0.000000s ]
INFO: [ app_init ] --END-- [ RunTime:0.000000s ]

[ 2017-12-18T14:47:36+08:00 ] 127.0.0.1 /Admin/index/index
INFO: [ app_init ] --START--
INFO: Run Behavior\BuildLiteBehavior [ RunTime:0.000000s ]
INFO: [ app_init ] --END-- [ RunTime:0.002500s ]

[ 2017-12-18T14:47:38+08:00 ] 127.0.0.1 /Admin/Index/index
INFO: [ app_init ] --START--
INFO: Run Behavior\BuildLiteBehavior [ RunTime:0.000000s ]
INFO: [ app_init ] --END-- [ RunTime:0.000000s ]

[ 2017-12-18T14:47:38+08:00 ] 127.0.0.1 /Admin/Index/__IMAGE__/kqmy.ico
INFO: [ app_init ] --START--
INFO: Run Behavior\BuildLiteBehavior [ RunTime:0.000000s ]
INFO: [ app_init ] --END-- [ RunTime:0.000000s ]

[ 2017-12-18T14:47:38+08:00 ] 127.0.0.1 /Admin/Index/__IMAGE__/kqmy.ico
INFO: [ app_init ] --START--
INFO: Run Behavior\BuildLiteBehavior [ RunTime:0.000000s ]
INFO: [ app_init ] --END-- [ RunTime:0.000000s ]

[ 2017-12-18T14:47:46+08:00 ] 127.0.0.1 /Admin/member/index
INFO: [ app_init ] --START--
INFO: Run Behavior\BuildLiteBehavior [ RunTime:0.000000s ]
INFO: [ app_init ] --END-- [ RunTime:0.000000s ]

[ 2017-12-18T14:47:50+08:00 ] 127.0.0.1 /Admin/index/index
INFO: [ app_init ] --START--
INFO: Run Behavior\BuildLiteBehavior [ RunTime:0.000000s ]
INFO: [ app_init ] --END-- [ RunTime:0.000000s ]

[ 2017-12-18T14:48:55+08:00 ] 127.0.0.1 /Admin/index/banner
INFO: [ app_init ] --START--
INFO: Run Behavior\BuildLiteBehavior [ RunTime:0.000000s ]
INFO: [ app_init ] --END-- [ RunTime:0.000000s ]

[ 2017-12-18T14:49:00+08:00 ] 127.0.0.1 /Admin/Index/index
INFO: [ app_init ] --START--
INFO: Run Behavior\BuildLiteBehavior [ RunTime:0.000000s ]
INFO: [ app_init ] --END-- [ RunTime:0.000000s ]

[ 2017-12-18T14:50:34+08:00 ] 127.0.0.1 /Admin/index/message
INFO: [ app_init ] --START--
INFO: Run Behavior\BuildLiteBehavior [ RunTime:0.000000s ]
INFO: [ app_init ] --END-- [ RunTime:0.000000s ]

[ 2017-12-18T15:06:29+08:00 ] 127.0.0.1 /Admin/index/message
INFO: [ app_init ] --START--
INFO: Run Behavior\BuildLiteBehavior [ RunTime:0.000000s ]
INFO: [ app_init ] --END-- [ RunTime:0.001000s ]

[ 2017-12-18T15:06:32+08:00 ] 127.0.0.1 /Admin/index/message
INFO: [ app_init ] --START--
INFO: Run Behavior\BuildLiteBehavior [ RunTime:0.000000s ]
INFO: [ app_init ] --END-- [ RunTime:0.001001s ]

[ 2017-12-18T15:06:34+08:00 ] 127.0.0.1 /Admin/index/message
INFO: [ app_init ] --START--
INFO: Run Behavior\BuildLiteBehavior [ RunTime:0.000000s ]
INFO: [ app_init ] --END-- [ RunTime:0.001000s ]

[ 2017-12-18T15:06:36+08:00 ] 127.0.0.1 /Admin/Index/index
INFO: [ app_init ] --START--
INFO: Run Behavior\BuildLiteBehavior [ RunTime:0.000000s ]
INFO: [ app_init ] --END-- [ RunTime:0.000000s ]

[ 2017-12-18T15:06:51+08:00 ] 127.0.0.1 /Admin/Index/index
INFO: [ app_init ] --START--
INFO: Run Behavior\BuildLiteBehavior [ RunTime:0.000000s ]
INFO: [ app_init ] --END-- [ RunTime:0.000000s ]

[ 2017-12-18T15:06:53+08:00 ] 127.0.0.1 /Admin/index/message
INFO: [ app_init ] --START--
INFO: Run Behavior\BuildLiteBehavior [ RunTime:0.000000s ]
INFO: [ app_init ] --END-- [ RunTime:0.000000s ]

[ 2017-12-18T15:06:55+08:00 ] 127.0.0.1 /Admin/Index/index
INFO: [ app_init ] --START--
INFO: Run Behavior\BuildLiteBehavior [ RunTime:0.000000s ]
INFO: [ app_init ] --END-- [ RunTime:0.001000s ]

[ 2017-12-18T15:12:50+08:00 ] 127.0.0.1 /Admin/index/index
INFO: [ app_init ] --START--
INFO: Run Behavior\BuildLiteBehavior [ RunTime:0.000000s ]
INFO: [ app_init ] --END-- [ RunTime:0.001000s ]

[ 2017-12-18T15:12:52+08:00 ] 127.0.0.1 /Admin/index/index
INFO: [ app_init ] --START--
INFO: Run Behavior\BuildLiteBehavior [ RunTime:0.000000s ]
INFO: [ app_init ] --END-- [ RunTime:0.000000s ]

[ 2017-12-18T15:12:57+08:00 ] 127.0.0.1 /Admin/index/index
INFO: [ app_init ] --START--
INFO: Run Behavior\BuildLiteBehavior [ RunTime:0.000000s ]
INFO: [ app_init ] --END-- [ RunTime:0.000000s ]

[ 2017-12-18T15:16:06+08:00 ] 127.0.0.1 /Admin/index/index
INFO: [ app_init ] --START--
INFO: Run Behavior\BuildLiteBehavior [ RunTime:0.000000s ]
INFO: [ app_init ] --END-- [ RunTime:0.000000s ]

[ 2017-12-18T15:16:20+08:00 ] 127.0.0.1 /Admin/index/index
INFO: [ app_init ] --START--
INFO: Run Behavior\BuildLiteBehavior [ RunTime:0.000000s ]
INFO: [ app_init ] --END-- [ RunTime:0.000000s ]

[ 2017-12-18T15:30:37+08:00 ] 127.0.0.1 /Admin/User/logout/sid/1
INFO: [ app_init ] --START--
INFO: Run Behavior\BuildLiteBehavior [ RunTime:0.000000s ]
INFO: [ app_init ] --END-- [ RunTime:0.000000s ]

[ 2017-12-18T15:30:37+08:00 ] 127.0.0.1 /Admin/User/login
INFO: [ app_init ] --START--
INFO: Run Behavior\BuildLiteBehavior [ RunTime:0.000000s ]
INFO: [ app_init ] --END-- [ RunTime:0.000000s ]

[ 2017-12-18T15:30:37+08:00 ] 127.0.0.1 /Admin/User/verify_c
INFO: [ app_init ] --START--
INFO: Run Behavior\BuildLiteBehavior [ RunTime:0.000000s ]
INFO: [ app_init ] --END-- [ RunTime:0.000000s ]

[ 2017-12-18T15:40:34+08:00 ] 127.0.0.1 /Admin
INFO: [ app_init ] --START--
INFO: Run Behavior\BuildLiteBehavior [ RunTime:0.000000s ]
INFO: [ app_init ] --END-- [ RunTime:0.000000s ]

[ 2017-12-18T15:40:34+08:00 ] 127.0.0.1 /Admin/User/login
INFO: [ app_init ] --START--
INFO: Run Behavior\BuildLiteBehavior [ RunTime:0.000000s ]
INFO: [ app_init ] --END-- [ RunTime:0.000000s ]

[ 2017-12-18T15:40:34+08:00 ] 127.0.0.1 /Admin/User/verify_c
INFO: [ app_init ] --START--
INFO: Run Behavior\BuildLiteBehavior [ RunTime:0.000000s ]
INFO: [ app_init ] --END-- [ RunTime:0.000000s ]

[ 2017-12-18T15:40:43+08:00 ] 127.0.0.1 /Admin/User/verify_c?0.63669770790603
INFO: [ app_init ] --START--
INFO: Run Behavior\BuildLiteBehavior [ RunTime:0.000000s ]
INFO: [ app_init ] --END-- [ RunTime:0.000000s ]

[ 2017-12-18T15:40:46+08:00 ] 127.0.0.1 /admin/User/checkloginajax
INFO: [ app_init ] --START--
INFO: Run Behavior\BuildLiteBehavior [ RunTime:0.000000s ]
INFO: [ app_init ] --END-- [ RunTime:0.000000s ]
INFO: [ app_begin ] --START--
INFO: Run Behavior\ReadHtmlCacheBehavior [ RunTime:0.000000s ]
INFO: [ app_begin ] --END-- [ RunTime:0.000000s ]
SQL: SHOW COLUMNS FROM `app_user` [ RunTime:0.0156s ]
SQL: SELECT * FROM `app_user` WHERE `username` = 'admin' AND `password` = 'e10adc3949ba59abbe56e057f20f883e'  [ RunTime:0.0000s ]
SQL: SHOW COLUMNS FROM `app_user` [ RunTime:0.0000s ]
SQL: UPDATE `app_user` SET `last_login`='1513582846' WHERE `id` = 1 [ RunTime:0.0000s ]

[ 2017-12-18T15:40:46+08:00 ] 127.0.0.1 /admin/Index/index
INFO: [ app_init ] --START--
INFO: Run Behavior\BuildLiteBehavior [ RunTime:0.000000s ]
INFO: [ app_init ] --END-- [ RunTime:0.000000s ]

[ 2017-12-18T15:44:56+08:00 ] 127.0.0.1 /Admin/index/index
INFO: [ app_init ] --START--
INFO: Run Behavior\BuildLiteBehavior [ RunTime:0.000000s ]
INFO: [ app_init ] --END-- [ RunTime:0.000000s ]

[ 2017-12-18T15:44:59+08:00 ] 127.0.0.1 /Admin/index/message
INFO: [ app_init ] --START--
INFO: Run Behavior\BuildLiteBehavior [ RunTime:0.000000s ]
INFO: [ app_init ] --END-- [ RunTime:0.000000s ]

[ 2017-12-18T15:45:00+08:00 ] 127.0.0.1 /Admin/index/index
INFO: [ app_init ] --START--
INFO: Run Behavior\BuildLiteBehavior [ RunTime:0.000000s ]
INFO: [ app_init ] --END-- [ RunTime:0.000000s ]

[ 2017-12-18T15:48:31+08:00 ] 127.0.0.1 /Admin/loan/listsloan
INFO: [ app_init ] --START--
INFO: Run Behavior\BuildLiteBehavior [ RunTime:0.000000s ]
INFO: [ app_init ] --END-- [ RunTime:0.000000s ]
ERR: SQLSTATE[42S02]: Base table or view not found: 1146 Table 'luofan.app_loan' doesn't exist

[ 2017-12-18T15:48:40+08:00 ] 127.0.0.1 /Admin/about/index
INFO: [ app_init ] --START--
INFO: Run Behavior\BuildLiteBehavior [ RunTime:0.000000s ]
INFO: [ app_init ] --END-- [ RunTime:0.001000s ]

[ 2017-12-18T15:48:40+08:00 ] 127.0.0.1 /Admin/about/__IMAGE__/kqmy.ico
INFO: [ app_init ] --START--
INFO: Run Behavior\BuildLiteBehavior [ RunTime:0.000000s ]
INFO: [ app_init ] --END-- [ RunTime:0.000000s ]

[ 2017-12-18T15:48:42+08:00 ] 127.0.0.1 /Admin/fenxiao/lists
INFO: [ app_init ] --START--
INFO: Run Behavior\BuildLiteBehavior [ RunTime:0.000000s ]
INFO: [ app_init ] --END-- [ RunTime:0.000000s ]

[ 2017-12-18T15:48:42+08:00 ] 127.0.0.1 /Admin/fenxiao/__IMAGE__/kqmy.ico
INFO: [ app_init ] --START--
INFO: Run Behavior\BuildLiteBehavior [ RunTime:0.000000s ]
INFO: [ app_init ] --END-- [ RunTime:0.000000s ]

[ 2017-12-18T15:48:43+08:00 ] 127.0.0.1 /Admin/system/admin
INFO: [ app_init ] --START--
INFO: Run Behavior\BuildLiteBehavior [ RunTime:0.000000s ]
INFO: [ app_init ] --END-- [ RunTime:0.000000s ]

[ 2017-12-18T15:48:43+08:00 ] 127.0.0.1 /Admin/system/__IMAGE__/kqmy.ico
INFO: [ app_init ] --START--
INFO: Run Behavior\BuildLiteBehavior [ RunTime:0.000000s ]
INFO: [ app_init ] --END-- [ RunTime:0.000000s ]

[ 2017-12-18T15:48:44+08:00 ] 127.0.0.1 /Admin/system/admin
INFO: [ app_init ] --START--
INFO: Run Behavior\BuildLiteBehavior [ RunTime:0.000000s ]
INFO: [ app_init ] --END-- [ RunTime:0.000000s ]

[ 2017-12-18T15:48:44+08:00 ] 127.0.0.1 /Admin/system/rolelist
INFO: [ app_init ] --START--
INFO: Run Behavior\BuildLiteBehavior [ RunTime:0.000000s ]
INFO: [ app_init ] --END-- [ RunTime:0.001000s ]

[ 2017-12-18T15:48:45+08:00 ] 127.0.0.1 /Admin/system/nodelist
INFO: [ app_init ] --START--
INFO: Run Behavior\BuildLiteBehavior [ RunTime:0.000000s ]
INFO: [ app_init ] --END-- [ RunTime:0.000000s ]

[ 2017-12-18T15:48:50+08:00 ] 127.0.0.1 /Admin/index/index
INFO: [ app_init ] --START--
INFO: Run Behavior\BuildLiteBehavior [ RunTime:0.000000s ]
INFO: [ app_init ] --END-- [ RunTime:0.000000s ]

[ 2017-12-18T15:58:55+08:00 ] 127.0.0.1 /Admin/index/message
INFO: [ app_init ] --START--
INFO: Run Behavior\BuildLiteBehavior [ RunTime:0.000000s ]
INFO: [ app_init ] --END-- [ RunTime:0.000000s ]

[ 2017-12-18T15:59:17+08:00 ] 127.0.0.1 /Admin/index/message
INFO: [ app_init ] --START--
INFO: Run Behavior\BuildLiteBehavior [ RunTime:0.000000s ]
INFO: [ app_init ] --END-- [ RunTime:0.000000s ]

[ 2017-12-18T15:59:18+08:00 ] 127.0.0.1 /Admin/index/index
INFO: [ app_init ] --START--
INFO: Run Behavior\BuildLiteBehavior [ RunTime:0.000000s ]
INFO: [ app_init ] --END-- [ RunTime:0.000000s ]

[ 2017-12-18T15:59:19+08:00 ] 127.0.0.1 /Admin/index/message
INFO: [ app_init ] --START--
INFO: Run Behavior\BuildLiteBehavior [ RunTime:0.000000s ]
INFO: [ app_init ] --END-- [ RunTime:0.000000s ]

[ 2017-12-18T16:13:57+08:00 ] 127.0.0.1 /Admin/index/message
INFO: [ app_init ] --START--
INFO: Run Behavior\BuildLiteBehavior [ RunTime:0.000000s ]
INFO: [ app_init ] --END-- [ RunTime:0.000000s ]
INFO: [ app_begin ] --START--
INFO: Run Behavior\ReadHtmlCacheBehavior [ RunTime:0.000000s ]
INFO: [ app_begin ] --END-- [ RunTime:0.000000s ]
SQL: SHOW COLUMNS FROM `app_user` [ RunTime:0.0156s ]
SQL: SELECT `cate` FROM `app_user` WHERE `id` = 1 LIMIT 1   [ RunTime:0.0000s ]
SQL: SHOW COLUMNS FROM `app_admin_cate` [ RunTime:0.0000s ]
SQL: SELECT `module` FROM `app_admin_cate` WHERE `id` = 1 LIMIT 1   [ RunTime:0.0000s ]
SQL: SHOW COLUMNS FROM `app_admin_node` [ RunTime:0.0156s ]
SQL: SELECT * FROM `app_admin_node` WHERE `level` = 4 AND `controller` = 'index' AND `action` = 'message' AND `id` IN ('23','24','25','26','200','168','142','498','435','436','437','438','410','411','412','29','30','31','32','33','34','35','36','37','38','39','165','166','167','440','444','441','442','443','445','446','447','176','177','186','185','180','178','182','181','179','183','274','275','276','277','278','279','280','283','287','290','309','319','323','324','331','60','61','62','63','64','65','67','68','69','458','459','460','461','70','71','72','73','74','75','87','88','89','90','91','92','93','94','95','96','97','98','198','199','189','188','143','144','145','428','499','500','217','218','219','220','377','378','381','382','384','379','385','380','386','404','405','406','407','408','506','358','361','362','364','357','359','360','363','508','509','510','511','513','514','517','520','521','522','515','518','516','519','273','281','282','284','285','286','288','289','291','292','293','462','505','299','302','300','301','303','304','305','306','307','308','310','311','313','314','315','316','317','318','320','321','322','325','338','339','340','341','345','429','430','431','432','201','202','203','204','205','206','207','208','209','210','211','212','214','215','216','387','398','534','535','536','388','400','389','401','537','538','539','391','399','392','397','403','394','396','326','327','328','329','330','523','524','526','527','530','531','525','528','529','532','533','269','270','271','272','413','414','415','416','417','418','419','420','421','422','423','261','262','263','264','265','266','267','268','451','453','482','471','472','474','475','476','477','473','478','479','480','481','483','484','486','488','489','490','491','492','493','494','487','495','496','497','1','2','3','7','8','20','4','5','6','9','10','15','16','17','18','19','21','11','12','13','14','22') ORDER BY level desc LIMIT 1   [ RunTime:0.0000s ]
SQL: SELECT `action` FROM `app_admin_node` WHERE `id` = 436 LIMIT 1   [ RunTime:0.0000s ]
SQL: SELECT `action` FROM `app_admin_node` WHERE `pid` = 435  [ RunTime:0.0000s ]
SQL: SELECT * FROM `app_admin_node` WHERE `level` = 1 AND `id` IN ('23','24','25','26','200','168','142','498','435','436','437','438','410','411','412','29','30','31','32','33','34','35','36','37','38','39','165','166','167','440','444','441','442','443','445','446','447','176','177','186','185','180','178','182','181','179','183','274','275','276','277','278','279','280','283','287','290','309','319','323','324','331','60','61','62','63','64','65','67','68','69','458','459','460','461','70','71','72','73','74','75','87','88','89','90','91','92','93','94','95','96','97','98','198','199','189','188','143','144','145','428','499','500','217','218','219','220','377','378','381','382','384','379','385','380','386','404','405','406','407','408','506','358','361','362','364','357','359','360','363','508','509','510','511','513','514','517','520','521','522','515','518','516','519','273','281','282','284','285','286','288','289','291','292','293','462','505','299','302','300','301','303','304','305','306','307','308','310','311','313','314','315','316','317','318','320','321','322','325','338','339','340','341','345','429','430','431','432','201','202','203','204','205','206','207','208','209','210','211','212','214','215','216','387','398','534','535','536','388','400','389','401','537','538','539','391','399','392','397','403','394','396','326','327','328','329','330','523','524','526','527','530','531','525','528','529','532','533','269','270','271','272','413','414','415','416','417','418','419','420','421','422','423','261','262','263','264','265','266','267','268','451','453','482','471','472','474','475','476','477','473','478','479','480','481','483','484','486','488','489','490','491','492','493','494','487','495','496','497','1','2','3','7','8','20','4','5','6','9','10','15','16','17','18','19','21','11','12','13','14','22') ORDER BY sort asc  [ RunTime:0.0000s ]
SQL: SELECT * FROM `app_admin_node` WHERE `controller` = 'index' AND `action` = 'message' ORDER BY level desc LIMIT 1   [ RunTime:0.0000s ]
SQL: SELECT * FROM `app_admin_node` WHERE `id` IN ('23','24','25','26','200','168','142','498','435','436','437','438','410','411','412','29','30','31','32','33','34','35','36','37','38','39','165','166','167','440','444','441','442','443','445','446','447','176','177','186','185','180','178','182','181','179','183','274','275','276','277','278','279','280','283','287','290','309','319','323','324','331','60','61','62','63','64','65','67','68','69','458','459','460','461','70','71','72','73','74','75','87','88','89','90','91','92','93','94','95','96','97','98','198','199','189','188','143','144','145','428','499','500','217','218','219','220','377','378','381','382','384','379','385','380','386','404','405','406','407','408','506','358','361','362','364','357','359','360','363','508','509','510','511','513','514','517','520','521','522','515','518','516','519','273','281','282','284','285','286','288','289','291','292','293','462','505','299','302','300','301','303','304','305','306','307','308','310','311','313','314','315','316','317','318','320','321','322','325','338','339','340','341','345','429','430','431','432','201','202','203','204','205','206','207','208','209','210','211','212','214','215','216','387','398','534','535','536','388','400','389','401','537','538','539','391','399','392','397','403','394','396','326','327','328','329','330','523','524','526','527','530','531','525','528','529','532','533','269','270','271','272','413','414','415','416','417','418','419','420','421','422','423','261','262','263','264','265','266','267','268','451','453','482','471','472','474','475','476','477','473','478','479','480','481','483','484','486','488','489','490','491','492','493','494','487','495','496','497','1','2','3','7','8','20','4','5','6','9','10','15','16','17','18','19','21','11','12','13','14','22') AND `pid` = 23 ORDER BY sort asc  [ RunTime:0.0000s ]
SQL: SELECT * FROM `app_admin_node` WHERE `id` IN ('23','24','25','26','200','168','142','498','435','436','437','438','410','411','412','29','30','31','32','33','34','35','36','37','38','39','165','166','167','440','444','441','442','443','445','446','447','176','177','186','185','180','178','182','181','179','183','274','275','276','277','278','279','280','283','287','290','309','319','323','324','331','60','61','62','63','64','65','67','68','69','458','459','460','461','70','71','72','73','74','75','87','88','89','90','91','92','93','94','95','96','97','98','198','199','189','188','143','144','145','428','499','500','217','218','219','220','377','378','381','382','384','379','385','380','386','404','405','406','407','408','506','358','361','362','364','357','359','360','363','508','509','510','511','513','514','517','520','521','522','515','518','516','519','273','281','282','284','285','286','288','289','291','292','293','462','505','299','302','300','301','303','304','305','306','307','308','310','311','313','314','315','316','317','318','320','321','322','325','338','339','340','341','345','429','430','431','432','201','202','203','204','205','206','207','208','209','210','211','212','214','215','216','387','398','534','535','536','388','400','389','401','537','538','539','391','399','392','397','403','394','396','326','327','328','329','330','523','524','526','527','530','531','525','528','529','532','533','269','270','271','272','413','414','415','416','417','418','419','420','421','422','423','261','262','263','264','265','266','267','268','451','453','482','471','472','474','475','476','477','473','478','479','480','481','483','484','486','488','489','490','491','492','493','494','487','495','496','497','1','2','3','7','8','20','4','5','6','9','10','15','16','17','18','19','21','11','12','13','14','22') AND `pid` = 24 ORDER BY sort asc  [ RunTime:0.0000s ]
SQL: SELECT * FROM `app_admin_node` WHERE `id` IN ('23','24','25','26','200','168','142','498','435','436','437','438','410','411','412','29','30','31','32','33','34','35','36','37','38','39','165','166','167','440','444','441','442','443','445','446','447','176','177','186','185','180','178','182','181','179','183','274','275','276','277','278','279','280','283','287','290','309','319','323','324','331','60','61','62','63','64','65','67','68','69','458','459','460','461','70','71','72','73','74','75','87','88','89','90','91','92','93','94','95','96','97','98','198','199','189','188','143','144','145','428','499','500','217','218','219','220','377','378','381','382','384','379','385','380','386','404','405','406','407','408','506','358','361','362','364','357','359','360','363','508','509','510','511','513','514','517','520','521','522','515','518','516','519','273','281','282','284','285','286','288','289','291','292','293','462','505','299','302','300','301','303','304','305','306','307','308','310','311','313','314','315','316','317','318','320','321','322','325','338','339','340','341','345','429','430','431','432','201','202','203','204','205','206','207','208','209','210','211','212','214','215','216','387','398','534','535','536','388','400','389','401','537','538','539','391','399','392','397','403','394','396','326','327','328','329','330','523','524','526','527','530','531','525','528','529','532','533','269','270','271','272','413','414','415','416','417','418','419','420','421','422','423','261','262','263','264','265','266','267','268','451','453','482','471','472','474','475','476','477','473','478','479','480','481','483','484','486','488','489','490','491','492','493','494','487','495','496','497','1','2','3','7','8','20','4','5','6','9','10','15','16','17','18','19','21','11','12','13','14','22') AND `pid` = 435 ORDER BY sort asc  [ RunTime:0.0000s ]
SQL: SELECT * FROM `app_admin_node` WHERE `id` IN ('23','24','25','26','200','168','142','498','435','436','437','438','410','411','412','29','30','31','32','33','34','35','36','37','38','39','165','166','167','440','444','441','442','443','445','446','447','176','177','186','185','180','178','182','181','179','183','274','275','276','277','278','279','280','283','287','290','309','319','323','324','331','60','61','62','63','64','65','67','68','69','458','459','460','461','70','71','72','73','74','75','87','88','89','90','91','92','93','94','95','96','97','98','198','199','189','188','143','144','145','428','499','500','217','218','219','220','377','378','381','382','384','379','385','380','386','404','405','406','407','408','506','358','361','362','364','357','359','360','363','508','509','510','511','513','514','517','520','521','522','515','518','516','519','273','281','282','284','285','286','288','289','291','292','293','462','505','299','302','300','301','303','304','305','306','307','308','310','311','313','314','315','316','317','318','320','321','322','325','338','339','340','341','345','429','430','431','432','201','202','203','204','205','206','207','208','209','210','211','212','214','215','216','387','398','534','535','536','388','400','389','401','537','538','539','391','399','392','397','403','394','396','326','327','328','329','330','523','524','526','527','530','531','525','528','529','532','533','269','270','271','272','413','414','415','416','417','418','419','420','421','422','423','261','262','263','264','265','266','267','268','451','453','482','471','472','474','475','476','477','473','478','479','480','481','483','484','486','488','489','490','491','492','493','494','487','495','496','497','1','2','3','7','8','20','4','5','6','9','10','15','16','17','18','19','21','11','12','13','14','22') AND `pid` = 410 ORDER BY sort asc  [ RunTime:0.0000s ]
SQL: SELECT * FROM `app_admin_node` WHERE `id` IN ('23','24','25','26','200','168','142','498','435','436','437','438','410','411','412','29','30','31','32','33','34','35','36','37','38','39','165','166','167','440','444','441','442','443','445','446','447','176','177','186','185','180','178','182','181','179','183','274','275','276','277','278','279','280','283','287','290','309','319','323','324','331','60','61','62','63','64','65','67','68','69','458','459','460','461','70','71','72','73','74','75','87','88','89','90','91','92','93','94','95','96','97','98','198','199','189','188','143','144','145','428','499','500','217','218','219','220','377','378','381','382','384','379','385','380','386','404','405','406','407','408','506','358','361','362','364','357','359','360','363','508','509','510','511','513','514','517','520','521','522','515','518','516','519','273','281','282','284','285','286','288','289','291','292','293','462','505','299','302','300','301','303','304','305','306','307','308','310','311','313','314','315','316','317','318','320','321','322','325','338','339','340','341','345','429','430','431','432','201','202','203','204','205','206','207','208','209','210','211','212','214','215','216','387','398','534','535','536','388','400','389','401','537','538','539','391','399','392','397','403','394','396','326','327','328','329','330','523','524','526','527','530','531','525','528','529','532','533','269','270','271','272','413','414','415','416','417','418','419','420','421','422','423','261','262','263','264','265','266','267','268','451','453','482','471','472','474','475','476','477','473','478','479','480','481','483','484','486','488','489','490','491','492','493','494','487','495','496','497','1','2','3','7','8','20','4','5','6','9','10','15','16','17','18','19','21','11','12','13','14','22') AND `pid` = 29 ORDER BY sort asc  [ RunTime:0.0000s ]
SQL: SELECT * FROM `app_admin_node` WHERE `id` IN ('23','24','25','26','200','168','142','498','435','436','437','438','410','411','412','29','30','31','32','33','34','35','36','37','38','39','165','166','167','440','444','441','442','443','445','446','447','176','177','186','185','180','178','182','181','179','183','274','275','276','277','278','279','280','283','287','290','309','319','323','324','331','60','61','62','63','64','65','67','68','69','458','459','460','461','70','71','72','73','74','75','87','88','89','90','91','92','93','94','95','96','97','98','198','199','189','188','143','144','145','428','499','500','217','218','219','220','377','378','381','382','384','379','385','380','386','404','405','406','407','408','506','358','361','362','364','357','359','360','363','508','509','510','511','513','514','517','520','521','522','515','518','516','519','273','281','282','284','285','286','288','289','291','292','293','462','505','299','302','300','301','303','304','305','306','307','308','310','311','313','314','315','316','317','318','320','321','322','325','338','339','340','341','345','429','430','431','432','201','202','203','204','205','206','207','208','209','210','211','212','214','215','216','387','398','534','535','536','388','400','389','401','537','538','539','391','399','392','397','403','394','396','326','327','328','329','330','523','524','526','527','530','531','525','528','529','532','533','269','270','271','272','413','414','415','416','417','418','419','420','421','422','423','261','262','263','264','265','266','267','268','451','453','482','471','472','474','475','476','477','473','478','479','480','481','483','484','486','488','489','490','491','492','493','494','487','495','496','497','1','2','3','7','8','20','4','5','6','9','10','15','16','17','18','19','21','11','12','13','14','22') AND `pid` = 165 ORDER BY sort asc  [ RunTime:0.0000s ]
SQL: SELECT * FROM `app_admin_node` WHERE `id` IN ('23','24','25','26','200','168','142','498','435','436','437','438','410','411','412','29','30','31','32','33','34','35','36','37','38','39','165','166','167','440','444','441','442','443','445','446','447','176','177','186','185','180','178','182','181','179','183','274','275','276','277','278','279','280','283','287','290','309','319','323','324','331','60','61','62','63','64','65','67','68','69','458','459','460','461','70','71','72','73','74','75','87','88','89','90','91','92','93','94','95','96','97','98','198','199','189','188','143','144','145','428','499','500','217','218','219','220','377','378','381','382','384','379','385','380','386','404','405','406','407','408','506','358','361','362','364','357','359','360','363','508','509','510','511','513','514','517','520','521','522','515','518','516','519','273','281','282','284','285','286','288','289','291','292','293','462','505','299','302','300','301','303','304','305','306','307','308','310','311','313','314','315','316','317','318','320','321','322','325','338','339','340','341','345','429','430','431','432','201','202','203','204','205','206','207','208','209','210','211','212','214','215','216','387','398','534','535','536','388','400','389','401','537','538','539','391','399','392','397','403','394','396','326','327','328','329','330','523','524','526','527','530','531','525','528','529','532','533','269','270','271','272','413','414','415','416','417','418','419','420','421','422','423','261','262','263','264','265','266','267','268','451','453','482','471','472','474','475','476','477','473','478','479','480','481','483','484','486','488','489','490','491','492','493','494','487','495','496','497','1','2','3','7','8','20','4','5','6','9','10','15','16','17','18','19','21','11','12','13','14','22') AND `pid` = 309 ORDER BY sort asc  [ RunTime:0.0000s ]
SQL: SELECT `sort` FROM `app_admin_node` WHERE `id` = 23 LIMIT 1   [ RunTime:0.0000s ]
SQL: SHOW COLUMNS FROM `app_jilu` [ RunTime:0.0156s ]
SQL: UPDATE `app_jilu` SET `ip_num`='5',`tel_num`='3' WHERE ( id=1 ) [ RunTime:0.0000s ]

[ 2017-12-18T16:13:57+08:00 ] 127.0.0.1 /Admin/index/message
INFO: [ app_init ] --START--
INFO: Run Behavior\BuildLiteBehavior [ RunTime:0.000000s ]
INFO: [ app_init ] --END-- [ RunTime:0.000000s ]

